vis: 0 0 2 0 = (1.57825e+08,0)
vis: 0 1 2 0 = (1.62045e+08,0)
vis: 0 2 2 0 = (1.6678e+08,0)
vis: 0 3 2 0 = (1.79703e+08,0)
vis: 0 4 2 0 = (1.8522e+08,0)
vis: 0 5 2 0 = (1.94336e+08,0)
vis: 0 6 2 0 = (2.0543e+08,0)
vis: 0 7 2 0 = (2.06771e+08,0)
vis: 0 8 2 0 = (2.12463e+08,0)
vis: 0 9 2 0 = (2.1117e+08,0)
vis: 0 10 2 0 = (2.13455e+08,0)
vis: 0 11 2 0 = (2.12394e+08,0)
vis: 0 12 2 0 = (2.1201e+08,0)
vis: 0 13 2 0 = (2.14188e+08,0)
vis: 0 14 2 0 = (2.10634e+08,0)
vis: 0 15 2 0 = (2.13114e+08,0)
vis: 0 16 2 0 = (2.159e+08,0)
vis: 0 17 2 0 = (2.15792e+08,0)
vis: 0 18 2 0 = (2.1362e+08,0)
vis: 0 19 2 0 = (2.2126e+08,0)
vis: 0 20 2 0 = (2.21342e+08,0)
vis: 0 21 2 0 = (2.2567e+08,0)
vis: 0 22 2 0 = (2.29153e+08,0)
vis: 0 23 2 0 = (2.2408e+08,0)
vis: 0 24 2 0 = (2.27435e+08,0)
vis: 0 25 2 0 = (2.30374e+08,0)
vis: 0 26 2 0 = (2.2765e+08,0)
vis: 0 27 2 0 = (2.28884e+08,0)
vis: 0 28 2 0 = (2.29615e+08,0)
vis: 0 29 2 0 = (2.26905e+08,0)
vis: 0 30 2 0 = (2.29358e+08,0)
vis: 0 31 2 0 = (2.27194e+08,0)
vis: 0 32 2 0 = (2.29747e+08,0)
vis: 0 33 2 0 = (2.2856e+08,0)
vis: 0 34 2 0 = (2.3109e+08,0)
vis: 0 35 2 0 = (2.36174e+08,0)
vis: 0 36 2 0 = (2.40805e+08,0)
vis: 0 37 2 0 = (2.3588e+08,0)
vis: 0 38 2 0 = (2.36237e+08,0)
vis: 0 39 2 0 = (2.39929e+08,0)
vis: 0 40 2 0 = (2.47997e+08,0)
vis: 0 41 2 0 = (2.44107e+08,0)
vis: 0 42 2 0 = (2.40921e+08,0)
vis: 0 43 2 0 = (2.40202e+08,0)
vis: 0 44 2 0 = (2.40343e+08,0)
vis: 0 45 2 0 = (2.42124e+08,0)
vis: 0 46 2 0 = (2.43405e+08,0)
vis: 0 47 2 0 = (2.42785e+08,0)
vis: 0 48 2 0 = (2.4577e+08,0)
vis: 0 49 2 0 = (2.40428e+08,0)
vis: 0 50 2 0 = (2.43617e+08,0)
vis: 0 51 2 0 = (2.44496e+08,0)
vis: 0 52 2 0 = (2.5095e+08,0)
vis: 0 53 2 0 = (2.51579e+08,0)
vis: 0 54 2 0 = (2.51486e+08,0)
vis: 0 55 2 0 = (2.53132e+08,0)
vis: 0 56 2 0 = (2.53677e+08,0)
vis: 0 57 2 0 = (2.51952e+08,0)
vis: 0 58 2 0 = (2.54468e+08,0)
vis: 0 59 2 0 = (2.48554e+08,0)
vis: 0 60 2 0 = (2.50102e+08,0)
vis: 0 61 2 0 = (2.50117e+08,0)
vis: 0 62 2 0 = (2.55568e+08,0)
vis: 0 63 2 0 = (2.53423e+08,0)
vis: 0 64 2 0 = (2.53404e+08,0)
vis: 0 65 2 0 = (2.51877e+08,0)
vis: 0 66 2 0 = (2.55914e+08,0)
vis: 0 67 2 0 = (2.53997e+08,0)
vis: 0 68 2 0 = (2.57457e+08,0)
vis: 0 69 2 0 = (2.63105e+08,0)
vis: 0 70 2 0 = (2.59462e+08,0)
vis: 0 71 2 0 = (2.57847e+08,0)
vis: 0 72 2 0 = (2.63982e+08,0)
vis: 0 73 2 0 = (2.631e+08,0)
vis: 0 74 2 0 = (2.61562e+08,0)
vis: 0 75 2 0 = (2.59018e+08,0)
vis: 0 76 2 0 = (2.5946e+08,0)
vis: 0 77 2 0 = (2.60696e+08,0)
vis: 0 78 2 0 = (2.62258e+08,0)
vis: 0 79 2 0 = (2.60675e+08,0)
vis: 0 80 2 0 = (2.6454e+08,0)
vis: 0 81 2 0 = (2.62009e+08,0)
vis: 0 82 2 0 = (2.66514e+08,0)
vis: 0 83 2 0 = (2.67079e+08,0)
vis: 0 84 2 0 = (2.6747e+08,0)
vis: 0 85 2 0 = (2.66e+08,0)
vis: 0 86 2 0 = (2.66572e+08,0)
vis: 0 87 2 0 = (2.68712e+08,0)
vis: 0 88 2 0 = (2.66779e+08,0)
vis: 0 89 2 0 = (2.72901e+08,0)
vis: 0 90 2 0 = (2.70903e+08,0)
vis: 0 91 2 0 = (2.66701e+08,0)
vis: 0 92 2 0 = (2.69116e+08,0)
vis: 0 93 2 0 = (2.68529e+08,0)
vis: 0 94 2 0 = (2.67e+08,0)
vis: 0 95 2 0 = (2.71099e+08,0)
vis: 0 96 2 0 = (2.66592e+08,0)
vis: 0 97 2 0 = (2.65715e+08,0)
vis: 0 98 2 0 = (2.69039e+08,0)
vis: 0 99 2 0 = (2.72697e+08,0)
vis: 0 100 2 0 = (2.74784e+08,0)
vis: 0 101 2 0 = (2.67082e+08,0)
vis: 0 102 2 0 = (2.73191e+08,0)
vis: 0 103 2 0 = (2.736e+08,0)
vis: 0 104 2 0 = (2.7069e+08,0)
vis: 0 105 2 0 = (2.76026e+08,0)
vis: 0 106 2 0 = (2.68684e+08,0)
vis: 0 107 2 0 = (2.71253e+08,0)
vis: 0 108 2 0 = (2.70704e+08,0)
vis: 0 109 2 0 = (2.70526e+08,0)
vis: 0 110 2 0 = (2.73422e+08,0)
vis: 0 111 2 0 = (2.71449e+08,0)
vis: 0 112 2 0 = (2.71263e+08,0)
vis: 0 113 2 0 = (2.69412e+08,0)
vis: 0 114 2 0 = (2.6942e+08,0)
vis: 0 115 2 0 = (2.67612e+08,0)
vis: 0 116 2 0 = (2.62731e+08,0)
vis: 0 117 2 0 = (2.6077e+08,0)
vis: 0 118 2 0 = (2.54148e+08,0)
vis: 0 119 2 0 = (2.48549e+08,0)
vis: 0 120 2 0 = (2.36375e+08,0)
vis: 0 121 2 0 = (2.31373e+08,0)
vis: 0 122 2 0 = (2.16551e+08,0)
vis: 0 123 2 0 = (2.11688e+08,0)
vis: 0 124 2 0 = (2.03705e+08,0)
vis: 0 125 2 0 = (1.91297e+08,0)
vis: 0 126 2 0 = (1.91847e+08,0)
vis: 0 128 2 0 = (1.9218e+08,0)
vis: 0 129 2 0 = (1.9143e+08,0)
vis: 0 130 2 0 = (2.02074e+08,0)
vis: 0 131 2 0 = (2.11399e+08,0)
vis: 0 132 2 0 = (2.19227e+08,0)
vis: 0 133 2 0 = (2.31776e+08,0)
vis: 0 134 2 0 = (2.36196e+08,0)
vis: 0 135 2 0 = (2.50651e+08,0)
vis: 0 136 2 0 = (2.52552e+08,0)
vis: 0 137 2 0 = (2.62604e+08,0)
vis: 0 138 2 0 = (2.66672e+08,0)
vis: 0 139 2 0 = (2.70204e+08,0)
vis: 0 140 2 0 = (2.70268e+08,0)
vis: 0 141 2 0 = (2.68387e+08,0)
vis: 0 142 2 0 = (2.74791e+08,0)
vis: 0 143 2 0 = (2.67117e+08,0)
vis: 0 144 2 0 = (2.75604e+08,0)
vis: 0 145 2 0 = (2.7531e+08,0)
vis: 0 146 2 0 = (2.71547e+08,0)
vis: 0 147 2 0 = (2.73552e+08,0)
vis: 0 148 2 0 = (2.68923e+08,0)
vis: 0 149 2 0 = (2.75941e+08,0)
vis: 0 150 2 0 = (2.74868e+08,0)
vis: 0 151 2 0 = (2.76123e+08,0)
vis: 0 152 2 0 = (2.71143e+08,0)
vis: 0 153 2 0 = (2.63852e+08,0)
vis: 0 154 2 0 = (2.75922e+08,0)
vis: 0 155 2 0 = (2.72119e+08,0)
vis: 0 156 2 0 = (2.70728e+08,0)
vis: 0 157 2 0 = (2.67228e+08,0)
vis: 0 158 2 0 = (2.64843e+08,0)
vis: 0 159 2 0 = (2.70544e+08,0)
vis: 0 160 2 0 = (2.65606e+08,0)
vis: 0 161 2 0 = (2.66447e+08,0)
vis: 0 162 2 0 = (2.70614e+08,0)
vis: 0 163 2 0 = (2.72727e+08,0)
vis: 0 164 2 0 = (2.70522e+08,0)
vis: 0 165 2 0 = (2.73444e+08,0)
vis: 0 166 2 0 = (2.65968e+08,0)
vis: 0 167 2 0 = (2.73389e+08,0)
vis: 0 168 2 0 = (2.66656e+08,0)
vis: 0 169 2 0 = (2.67438e+08,0)
vis: 0 170 2 0 = (2.67892e+08,0)
vis: 0 171 2 0 = (2.67265e+08,0)
vis: 0 172 2 0 = (2.62072e+08,0)
vis: 0 173 2 0 = (2.65886e+08,0)
vis: 0 174 2 0 = (2.65481e+08,0)
vis: 0 175 2 0 = (2.65387e+08,0)
vis: 0 176 2 0 = (2.63441e+08,0)
vis: 0 177 2 0 = (2.62472e+08,0)
vis: 0 178 2 0 = (2.61215e+08,0)
vis: 0 179 2 0 = (2.60752e+08,0)
vis: 0 180 2 0 = (2.62524e+08,0)
vis: 0 181 2 0 = (2.63922e+08,0)
vis: 0 182 2 0 = (2.62828e+08,0)
vis: 0 183 2 0 = (2.61251e+08,0)
vis: 0 184 2 0 = (2.60288e+08,0)
vis: 0 185 2 0 = (2.64802e+08,0)
vis: 0 186 2 0 = (2.58081e+08,0)
vis: 0 187 2 0 = (2.55629e+08,0)
vis: 0 188 2 0 = (2.55896e+08,0)
vis: 0 189 2 0 = (2.54332e+08,0)
vis: 0 190 2 0 = (2.52612e+08,0)
vis: 0 191 2 0 = (2.51371e+08,0)
vis: 0 192 2 0 = (2.51639e+08,0)
vis: 0 193 2 0 = (2.50395e+08,0)
vis: 0 194 2 0 = (2.49666e+08,0)
vis: 0 195 2 0 = (2.51505e+08,0)
vis: 0 196 2 0 = (2.5392e+08,0)
vis: 0 197 2 0 = (2.49092e+08,0)
vis: 0 198 2 0 = (2.5492e+08,0)
vis: 0 199 2 0 = (2.54168e+08,0)
vis: 0 200 2 0 = (2.54022e+08,0)
vis: 0 201 2 0 = (2.48256e+08,0)
vis: 0 202 2 0 = (2.4728e+08,0)
vis: 0 203 2 0 = (2.44384e+08,0)
vis: 0 204 2 0 = (2.45356e+08,0)
vis: 0 205 2 0 = (2.45482e+08,0)
vis: 0 206 2 0 = (2.42867e+08,0)
vis: 0 207 2 0 = (2.45197e+08,0)
vis: 0 208 2 0 = (2.41366e+08,0)
vis: 0 209 2 0 = (2.39637e+08,0)
vis: 0 210 2 0 = (2.38909e+08,0)
vis: 0 211 2 0 = (2.38526e+08,0)
vis: 0 212 2 0 = (2.4122e+08,0)
vis: 0 213 2 0 = (2.43949e+08,0)
vis: 0 214 2 0 = (2.41803e+08,0)
vis: 0 215 2 0 = (2.42168e+08,0)
vis: 0 216 2 0 = (2.35238e+08,0)
vis: 0 217 2 0 = (2.38392e+08,0)
vis: 0 218 2 0 = (2.39861e+08,0)
vis: 0 219 2 0 = (2.41003e+08,0)
vis: 0 220 2 0 = (2.3366e+08,0)
vis: 0 221 2 0 = (2.27039e+08,0)
vis: 0 222 2 0 = (2.30405e+08,0)
vis: 0 223 2 0 = (2.26964e+08,0)
vis: 0 224 2 0 = (2.28207e+08,0)
vis: 0 225 2 0 = (2.28463e+08,0)
vis: 0 226 2 0 = (2.33048e+08,0)
vis: 0 227 2 0 = (2.2898e+08,0)
vis: 0 228 2 0 = (2.26756e+08,0)
vis: 0 229 2 0 = (2.2664e+08,0)
vis: 0 230 2 0 = (2.26293e+08,0)
vis: 0 231 2 0 = (2.25411e+08,0)
vis: 0 232 2 0 = (2.28419e+08,0)
vis: 0 233 2 0 = (2.2523e+08,0)
vis: 0 234 2 0 = (2.22352e+08,0)
vis: 0 235 2 0 = (2.21521e+08,0)
vis: 0 236 2 0 = (2.15105e+08,0)
vis: 0 237 2 0 = (2.14999e+08,0)
vis: 0 238 2 0 = (2.15599e+08,0)
vis: 0 239 2 0 = (2.12886e+08,0)
vis: 0 240 2 0 = (2.15086e+08,0)
vis: 0 241 2 0 = (2.1381e+08,0)
vis: 0 242 2 0 = (2.09149e+08,0)
vis: 0 243 2 0 = (2.17193e+08,0)
vis: 0 244 2 0 = (2.1038e+08,0)
vis: 0 245 2 0 = (2.09868e+08,0)
vis: 0 246 2 0 = (2.11421e+08,0)
vis: 0 247 2 0 = (2.08444e+08,0)
vis: 0 248 2 0 = (2.04089e+08,0)
vis: 0 249 2 0 = (1.95966e+08,0)
vis: 0 250 2 0 = (1.86831e+08,0)
vis: 0 251 2 0 = (1.81645e+08,0)
vis: 0 252 2 0 = (1.66626e+08,0)
vis: 0 253 2 0 = (1.59954e+08,0)
vis: 0 254 2 0 = (1.58059e+08,0)
vis: 1 0 2 0 = (1.52947e+08,0)
vis: 1 1 2 0 = (1.5668e+08,0)
vis: 1 2 2 0 = (1.64582e+08,0)
vis: 1 3 2 0 = (1.71905e+08,0)
vis: 1 4 2 0 = (1.8056e+08,0)
vis: 1 5 2 0 = (1.90119e+08,0)
vis: 1 6 2 0 = (1.96253e+08,0)
vis: 1 7 2 0 = (1.96766e+08,0)
vis: 1 8 2 0 = (2.03037e+08,0)
vis: 1 9 2 0 = (2.042e+08,0)
vis: 1 10 2 0 = (2.10651e+08,0)
vis: 1 11 2 0 = (2.0738e+08,0)
vis: 1 12 2 0 = (2.07399e+08,0)
vis: 1 13 2 0 = (2.07146e+08,0)
vis: 1 14 2 0 = (2.06431e+08,0)
vis: 1 15 2 0 = (2.02802e+08,0)
vis: 1 16 2 0 = (2.03832e+08,0)
vis: 1 17 2 0 = (2.08275e+08,0)
vis: 1 18 2 0 = (2.1247e+08,0)
vis: 1 19 2 0 = (2.14845e+08,0)
vis: 1 20 2 0 = (2.13417e+08,0)
vis: 1 21 2 0 = (2.17978e+08,0)
vis: 1 22 2 0 = (2.17489e+08,0)
vis: 1 23 2 0 = (2.19261e+08,0)
vis: 1 24 2 0 = (2.20545e+08,0)
vis: 1 25 2 0 = (2.19074e+08,0)
vis: 1 26 2 0 = (2.19535e+08,0)
vis: 1 27 2 0 = (2.21407e+08,0)
vis: 1 28 2 0 = (2.24516e+08,0)
vis: 1 29 2 0 = (2.2405e+08,0)
vis: 1 30 2 0 = (2.22787e+08,0)
vis: 1 31 2 0 = (2.22839e+08,0)
vis: 1 32 2 0 = (2.20983e+08,0)
vis: 1 33 2 0 = (2.23928e+08,0)
vis: 1 34 2 0 = (2.26401e+08,0)
vis: 1 35 2 0 = (2.2728e+08,0)
vis: 1 36 2 0 = (2.2928e+08,0)
vis: 1 37 2 0 = (2.33683e+08,0)
vis: 1 38 2 0 = (2.33343e+08,0)
vis: 1 39 2 0 = (2.3469e+08,0)
vis: 1 40 2 0 = (2.34027e+08,0)
vis: 1 41 2 0 = (2.34281e+08,0)
vis: 1 42 2 0 = (2.39572e+08,0)
vis: 1 43 2 0 = (2.30661e+08,0)
vis: 1 44 2 0 = (2.35759e+08,0)
vis: 1 45 2 0 = (2.36461e+08,0)
vis: 1 46 2 0 = (2.31934e+08,0)
vis: 1 47 2 0 = (2.34124e+08,0)
vis: 1 48 2 0 = (2.36698e+08,0)
vis: 1 49 2 0 = (2.37053e+08,0)
vis: 1 50 2 0 = (2.42752e+08,0)
vis: 1 51 2 0 = (2.42329e+08,0)
vis: 1 52 2 0 = (2.42425e+08,0)
vis: 1 53 2 0 = (2.48942e+08,0)
vis: 1 54 2 0 = (2.45835e+08,0)
vis: 1 55 2 0 = (2.47765e+08,0)
vis: 1 56 2 0 = (2.46322e+08,0)
vis: 1 57 2 0 = (2.52303e+08,0)
vis: 1 58 2 0 = (2.50363e+08,0)
vis: 1 59 2 0 = (2.51541e+08,0)
vis: 1 60 2 0 = (2.47681e+08,0)
vis: 1 61 2 0 = (2.50853e+08,0)
vis: 1 62 2 0 = (2.5142e+08,0)
vis: 1 63 2 0 = (2.51987e+08,0)
vis: 1 64 2 0 = (2.52923e+08,0)
vis: 1 65 2 0 = (2.53268e+08,0)
vis: 1 66 2 0 = (2.54311e+08,0)
vis: 1 67 2 0 = (2.5292e+08,0)
vis: 1 68 2 0 = (2.57753e+08,0)
vis: 1 69 2 0 = (2.57207e+08,0)
vis: 1 70 2 0 = (2.58409e+08,0)
vis: 1 71 2 0 = (2.59577e+08,0)
vis: 1 72 2 0 = (2.63546e+08,0)
vis: 1 73 2 0 = (2.62621e+08,0)
vis: 1 74 2 0 = (2.66275e+08,0)
vis: 1 75 2 0 = (2.60196e+08,0)
vis: 1 76 2 0 = (2.6202e+08,0)
vis: 1 77 2 0 = (2.66783e+08,0)
vis: 1 78 2 0 = (2.61677e+08,0)
vis: 1 79 2 0 = (2.6494e+08,0)
vis: 1 80 2 0 = (2.65113e+08,0)
vis: 1 81 2 0 = (2.70109e+08,0)
vis: 1 82 2 0 = (2.73462e+08,0)
vis: 1 83 2 0 = (2.65169e+08,0)
vis: 1 84 2 0 = (2.71833e+08,0)
vis: 1 85 2 0 = (2.69936e+08,0)
vis: 1 86 2 0 = (2.71649e+08,0)
vis: 1 87 2 0 = (2.72936e+08,0)
vis: 1 88 2 0 = (2.73584e+08,0)
vis: 1 89 2 0 = (2.72705e+08,0)
vis: 1 90 2 0 = (2.7159e+08,0)
vis: 1 91 2 0 = (2.69713e+08,0)
vis: 1 92 2 0 = (2.72342e+08,0)
vis: 1 93 2 0 = (2.75413e+08,0)
vis: 1 94 2 0 = (2.71937e+08,0)
vis: 1 95 2 0 = (2.72908e+08,0)
vis: 1 96 2 0 = (2.71217e+08,0)
vis: 1 97 2 0 = (2.7511e+08,0)
vis: 1 98 2 0 = (2.81902e+08,0)
vis: 1 99 2 0 = (2.81617e+08,0)
vis: 1 100 2 0 = (2.8049e+08,0)
vis: 1 101 2 0 = (2.80776e+08,0)
vis: 1 102 2 0 = (2.83734e+08,0)
vis: 1 103 2 0 = (2.84486e+08,0)
vis: 1 104 2 0 = (2.82491e+08,0)
vis: 1 105 2 0 = (2.83119e+08,0)
vis: 1 106 2 0 = (2.81013e+08,0)
vis: 1 107 2 0 = (2.82476e+08,0)
vis: 1 108 2 0 = (2.80809e+08,0)
vis: 1 109 2 0 = (2.80508e+08,0)
vis: 1 110 2 0 = (2.82772e+08,0)
vis: 1 111 2 0 = (2.78226e+08,0)
vis: 1 112 2 0 = (2.8519e+08,0)
vis: 1 113 2 0 = (2.80398e+08,0)
vis: 1 114 2 0 = (2.81888e+08,0)
vis: 1 115 2 0 = (2.82036e+08,0)
vis: 1 116 2 0 = (2.76991e+08,0)
vis: 1 117 2 0 = (2.74335e+08,0)
vis: 1 118 2 0 = (2.655e+08,0)
vis: 1 119 2 0 = (2.55203e+08,0)
vis: 1 120 2 0 = (2.48451e+08,0)
vis: 1 121 2 0 = (2.40906e+08,0)
vis: 1 122 2 0 = (2.30792e+08,0)
vis: 1 123 2 0 = (2.20549e+08,0)
vis: 1 124 2 0 = (2.10051e+08,0)
vis: 1 125 2 0 = (1.99668e+08,0)
vis: 1 126 2 0 = (1.99153e+08,0)
vis: 1 128 2 0 = (1.98402e+08,0)
vis: 1 129 2 0 = (2.00659e+08,0)
vis: 1 130 2 0 = (2.10316e+08,0)
vis: 1 131 2 0 = (2.21094e+08,0)
vis: 1 132 2 0 = (2.29562e+08,0)
vis: 1 133 2 0 = (2.39486e+08,0)
vis: 1 134 2 0 = (2.51795e+08,0)
vis: 1 135 2 0 = (2.56548e+08,0)
vis: 1 136 2 0 = (2.64448e+08,0)
vis: 1 137 2 0 = (2.74645e+08,0)
vis: 1 138 2 0 = (2.77185e+08,0)
vis: 1 139 2 0 = (2.80464e+08,0)
vis: 1 140 2 0 = (2.80505e+08,0)
vis: 1 141 2 0 = (2.81947e+08,0)
vis: 1 142 2 0 = (2.82045e+08,0)
vis: 1 143 2 0 = (2.79935e+08,0)
vis: 1 144 2 0 = (2.82875e+08,0)
vis: 1 145 2 0 = (2.8234e+08,0)
vis: 1 146 2 0 = (2.83098e+08,0)
vis: 1 147 2 0 = (2.87292e+08,0)
vis: 1 148 2 0 = (2.82709e+08,0)
vis: 1 149 2 0 = (2.86119e+08,0)
vis: 1 150 2 0 = (2.83192e+08,0)
vis: 1 151 2 0 = (2.85685e+08,0)
vis: 1 152 2 0 = (2.81372e+08,0)
vis: 1 153 2 0 = (2.8443e+08,0)
vis: 1 154 2 0 = (2.81323e+08,0)
vis: 1 155 2 0 = (2.79906e+08,0)
vis: 1 156 2 0 = (2.80684e+08,0)
vis: 1 157 2 0 = (2.71338e+08,0)
vis: 1 158 2 0 = (2.75672e+08,0)
vis: 1 159 2 0 = (2.72648e+08,0)
vis: 1 160 2 0 = (2.72986e+08,0)
vis: 1 161 2 0 = (2.76503e+08,0)
vis: 1 162 2 0 = (2.72535e+08,0)
vis: 1 163 2 0 = (2.70974e+08,0)
vis: 1 164 2 0 = (2.70475e+08,0)
vis: 1 165 2 0 = (2.75076e+08,0)
vis: 1 166 2 0 = (2.73731e+08,0)
vis: 1 167 2 0 = (2.77143e+08,0)
vis: 1 168 2 0 = (2.69012e+08,0)
vis: 1 169 2 0 = (2.68465e+08,0)
vis: 1 170 2 0 = (2.69816e+08,0)
vis: 1 171 2 0 = (2.7097e+08,0)
vis: 1 172 2 0 = (2.69593e+08,0)
vis: 1 173 2 0 = (2.65165e+08,0)
vis: 1 174 2 0 = (2.67152e+08,0)
vis: 1 175 2 0 = (2.6417e+08,0)
vis: 1 176 2 0 = (2.60841e+08,0)
vis: 1 177 2 0 = (2.63952e+08,0)
vis: 1 178 2 0 = (2.68277e+08,0)
vis: 1 179 2 0 = (2.60998e+08,0)
vis: 1 180 2 0 = (2.62887e+08,0)
vis: 1 181 2 0 = (2.61354e+08,0)
vis: 1 182 2 0 = (2.58264e+08,0)
vis: 1 183 2 0 = (2.61475e+08,0)
vis: 1 184 2 0 = (2.5937e+08,0)
vis: 1 185 2 0 = (2.622e+08,0)
vis: 1 186 2 0 = (2.56802e+08,0)
vis: 1 187 2 0 = (2.52865e+08,0)
vis: 1 188 2 0 = (2.5275e+08,0)
vis: 1 189 2 0 = (2.52488e+08,0)
vis: 1 190 2 0 = (2.52613e+08,0)
vis: 1 191 2 0 = (2.50326e+08,0)
vis: 1 192 2 0 = (2.53078e+08,0)
vis: 1 193 2 0 = (2.51442e+08,0)
vis: 1 194 2 0 = (2.46263e+08,0)
vis: 1 195 2 0 = (2.51607e+08,0)
vis: 1 196 2 0 = (2.48517e+08,0)
vis: 1 197 2 0 = (2.48524e+08,0)
vis: 1 198 2 0 = (2.49152e+08,0)
vis: 1 199 2 0 = (2.51399e+08,0)
vis: 1 200 2 0 = (2.4353e+08,0)
vis: 1 201 2 0 = (2.47431e+08,0)
vis: 1 202 2 0 = (2.4581e+08,0)
vis: 1 203 2 0 = (2.44868e+08,0)
vis: 1 204 2 0 = (2.41511e+08,0)
vis: 1 205 2 0 = (2.38082e+08,0)
vis: 1 206 2 0 = (2.34078e+08,0)
vis: 1 207 2 0 = (2.32488e+08,0)
vis: 1 208 2 0 = (2.34254e+08,0)
vis: 1 209 2 0 = (2.35607e+08,0)
vis: 1 210 2 0 = (2.36349e+08,0)
vis: 1 211 2 0 = (2.33289e+08,0)
vis: 1 212 2 0 = (2.38394e+08,0)
vis: 1 213 2 0 = (2.3468e+08,0)
vis: 1 214 2 0 = (2.37153e+08,0)
vis: 1 215 2 0 = (2.30775e+08,0)
vis: 1 216 2 0 = (2.34402e+08,0)
vis: 1 217 2 0 = (2.33177e+08,0)
vis: 1 218 2 0 = (2.29417e+08,0)
vis: 1 219 2 0 = (2.2788e+08,0)
vis: 1 220 2 0 = (2.22908e+08,0)
vis: 1 221 2 0 = (2.2427e+08,0)
vis: 1 222 2 0 = (2.24227e+08,0)
vis: 1 223 2 0 = (2.21199e+08,0)
vis: 1 224 2 0 = (2.21517e+08,0)
vis: 1 225 2 0 = (2.21266e+08,0)
vis: 1 226 2 0 = (2.22225e+08,0)
vis: 1 227 2 0 = (2.23574e+08,0)
vis: 1 228 2 0 = (2.21857e+08,0)
vis: 1 229 2 0 = (2.20549e+08,0)
vis: 1 230 2 0 = (2.24048e+08,0)
vis: 1 231 2 0 = (2.18736e+08,0)
vis: 1 232 2 0 = (2.18028e+08,0)
vis: 1 233 2 0 = (2.16172e+08,0)
vis: 1 234 2 0 = (2.11017e+08,0)
vis: 1 235 2 0 = (2.1378e+08,0)
vis: 1 236 2 0 = (2.14483e+08,0)
vis: 1 237 2 0 = (2.089e+08,0)
vis: 1 238 2 0 = (2.08816e+08,0)
vis: 1 239 2 0 = (2.03598e+08,0)
vis: 1 240 2 0 = (2.07786e+08,0)
vis: 1 241 2 0 = (2.03878e+08,0)
vis: 1 242 2 0 = (2.044e+08,0)
vis: 1 243 2 0 = (2.05048e+08,0)
vis: 1 244 2 0 = (2.07235e+08,0)
vis: 1 245 2 0 = (2.04119e+08,0)
vis: 1 246 2 0 = (2.02982e+08,0)
vis: 1 247 2 0 = (2.03301e+08,0)
vis: 1 248 2 0 = (1.96197e+08,0)
vis: 1 249 2 0 = (1.89354e+08,0)
vis: 1 250 2 0 = (1.79441e+08,0)
vis: 1 251 2 0 = (1.72817e+08,0)
vis: 1 252 2 0 = (1.63091e+08,0)
vis: 1 253 2 0 = (1.57548e+08,0)
vis: 1 254 2 0 = (1.54137e+08,0)
vis: 2 0 2 0 = (1.56844e+08,0)
vis: 2 1 2 0 = (1.62236e+08,0)
vis: 2 2 2 0 = (1.73432e+08,0)
vis: 2 3 2 0 = (1.79385e+08,0)
vis: 2 4 2 0 = (1.88499e+08,0)
vis: 2 5 2 0 = (2.00521e+08,0)
vis: 2 6 2 0 = (2.11052e+08,0)
vis: 2 7 2 0 = (2.14097e+08,0)
vis: 2 8 2 0 = (2.17099e+08,0)
vis: 2 9 2 0 = (2.18253e+08,0)
vis: 2 10 2 0 = (2.20636e+08,0)
vis: 2 11 2 0 = (2.18254e+08,0)
vis: 2 12 2 0 = (2.1768e+08,0)
vis: 2 13 2 0 = (2.17561e+08,0)
vis: 2 14 2 0 = (2.18357e+08,0)
vis: 2 15 2 0 = (2.14593e+08,0)
vis: 2 16 2 0 = (2.17063e+08,0)
vis: 2 17 2 0 = (2.14341e+08,0)
vis: 2 18 2 0 = (2.212e+08,0)
vis: 2 19 2 0 = (2.2111e+08,0)
vis: 2 20 2 0 = (2.23872e+08,0)
vis: 2 21 2 0 = (2.24414e+08,0)
vis: 2 22 2 0 = (2.26301e+08,0)
vis: 2 23 2 0 = (2.30718e+08,0)
vis: 2 24 2 0 = (2.2853e+08,0)
vis: 2 25 2 0 = (2.32029e+08,0)
vis: 2 26 2 0 = (2.30714e+08,0)
vis: 2 27 2 0 = (2.28091e+08,0)
vis: 2 28 2 0 = (2.33037e+08,0)
vis: 2 29 2 0 = (2.27879e+08,0)
vis: 2 30 2 0 = (2.27315e+08,0)
vis: 2 31 2 0 = (2.32124e+08,0)
vis: 2 32 2 0 = (2.31918e+08,0)
vis: 2 33 2 0 = (2.33065e+08,0)
vis: 2 34 2 0 = (2.32833e+08,0)
vis: 2 35 2 0 = (2.35875e+08,0)
vis: 2 36 2 0 = (2.36312e+08,0)
vis: 2 37 2 0 = (2.37667e+08,0)
vis: 2 38 2 0 = (2.40035e+08,0)
vis: 2 39 2 0 = (2.38594e+08,0)
vis: 2 40 2 0 = (2.39528e+08,0)
vis: 2 41 2 0 = (2.39942e+08,0)
vis: 2 42 2 0 = (2.41708e+08,0)
vis: 2 43 2 0 = (2.42912e+08,0)
vis: 2 44 2 0 = (2.43413e+08,0)
vis: 2 45 2 0 = (2.4249e+08,0)
vis: 2 46 2 0 = (2.41941e+08,0)
vis: 2 47 2 0 = (2.42226e+08,0)
vis: 2 48 2 0 = (2.43525e+08,0)
vis: 2 49 2 0 = (2.39725e+08,0)
vis: 2 50 2 0 = (2.40981e+08,0)
vis: 2 51 2 0 = (2.42082e+08,0)
vis: 2 52 2 0 = (2.46681e+08,0)
vis: 2 53 2 0 = (2.51378e+08,0)
vis: 2 54 2 0 = (2.52352e+08,0)
vis: 2 55 2 0 = (2.51871e+08,0)
vis: 2 56 2 0 = (2.46549e+08,0)
vis: 2 57 2 0 = (2.52259e+08,0)
vis: 2 58 2 0 = (2.50787e+08,0)
vis: 2 59 2 0 = (2.48024e+08,0)
vis: 2 60 2 0 = (2.49391e+08,0)
vis: 2 61 2 0 = (2.48605e+08,0)
vis: 2 62 2 0 = (2.50949e+08,0)
vis: 2 63 2 0 = (2.54457e+08,0)
vis: 2 64 2 0 = (2.52456e+08,0)
vis: 2 65 2 0 = (2.49773e+08,0)
vis: 2 66 2 0 = (2.54144e+08,0)
vis: 2 67 2 0 = (2.56481e+08,0)
vis: 2 68 2 0 = (2.55985e+08,0)
vis: 2 69 2 0 = (2.53824e+08,0)
vis: 2 70 2 0 = (2.61768e+08,0)
vis: 2 71 2 0 = (2.56777e+08,0)
vis: 2 72 2 0 = (2.62877e+08,0)
vis: 2 73 2 0 = (2.57371e+08,0)
vis: 2 74 2 0 = (2.60827e+08,0)
vis: 2 75 2 0 = (2.57438e+08,0)
vis: 2 76 2 0 = (2.61992e+08,0)
vis: 2 77 2 0 = (2.56755e+08,0)
vis: 2 78 2 0 = (2.5379e+08,0)
vis: 2 79 2 0 = (2.61512e+08,0)
vis: 2 80 2 0 = (2.5842e+08,0)
vis: 2 81 2 0 = (2.6323e+08,0)
vis: 2 82 2 0 = (2.62719e+08,0)
vis: 2 83 2 0 = (2.5822e+08,0)
vis: 2 84 2 0 = (2.65555e+08,0)
vis: 2 85 2 0 = (2.66845e+08,0)
vis: 2 86 2 0 = (2.61673e+08,0)
vis: 2 87 2 0 = (2.68869e+08,0)
vis: 2 88 2 0 = (2.67186e+08,0)
vis: 2 89 2 0 = (2.64732e+08,0)
vis: 2 90 2 0 = (2.66988e+08,0)
vis: 2 91 2 0 = (2.63302e+08,0)
vis: 2 92 2 0 = (2.65411e+08,0)
vis: 2 93 2 0 = (2.6743e+08,0)
vis: 2 94 2 0 = (2.66932e+08,0)
vis: 2 95 2 0 = (2.64587e+08,0)
vis: 2 96 2 0 = (2.65908e+08,0)
vis: 2 97 2 0 = (2.71046e+08,0)
vis: 2 98 2 0 = (2.67547e+08,0)
vis: 2 99 2 0 = (2.69332e+08,0)
vis: 2 100 2 0 = (2.70806e+08,0)
vis: 2 101 2 0 = (2.70421e+08,0)
vis: 2 102 2 0 = (2.72291e+08,0)
vis: 2 103 2 0 = (2.78769e+08,0)
vis: 2 104 2 0 = (2.71941e+08,0)
vis: 2 105 2 0 = (2.74982e+08,0)
vis: 2 106 2 0 = (2.75297e+08,0)
vis: 2 107 2 0 = (2.69504e+08,0)
vis: 2 108 2 0 = (2.70489e+08,0)
vis: 2 109 2 0 = (2.70562e+08,0)
vis: 2 110 2 0 = (2.72461e+08,0)
vis: 2 111 2 0 = (2.73289e+08,0)
vis: 2 112 2 0 = (2.73784e+08,0)
vis: 2 113 2 0 = (2.70887e+08,0)
vis: 2 114 2 0 = (2.70036e+08,0)
vis: 2 115 2 0 = (2.71177e+08,0)
vis: 2 116 2 0 = (2.67731e+08,0)
vis: 2 117 2 0 = (2.63047e+08,0)
vis: 2 118 2 0 = (2.55272e+08,0)
vis: 2 119 2 0 = (2.49773e+08,0)
vis: 2 120 2 0 = (2.39561e+08,0)
vis: 2 121 2 0 = (2.31068e+08,0)
vis: 2 122 2 0 = (2.22093e+08,0)
vis: 2 123 2 0 = (2.088e+08,0)
vis: 2 124 2 0 = (2.00388e+08,0)
vis: 2 125 2 0 = (1.98452e+08,0)
vis: 2 126 2 0 = (1.92963e+08,0)
vis: 2 128 2 0 = (1.91539e+08,0)
vis: 2 129 2 0 = (1.98696e+08,0)
vis: 2 130 2 0 = (2.01375e+08,0)
vis: 2 131 2 0 = (2.09746e+08,0)
vis: 2 132 2 0 = (2.22691e+08,0)
vis: 2 133 2 0 = (2.29978e+08,0)
vis: 2 134 2 0 = (2.42346e+08,0)
vis: 2 135 2 0 = (2.50658e+08,0)
vis: 2 136 2 0 = (2.56608e+08,0)
vis: 2 137 2 0 = (2.64467e+08,0)
vis: 2 138 2 0 = (2.65456e+08,0)
vis: 2 139 2 0 = (2.699e+08,0)
vis: 2 140 2 0 = (2.70052e+08,0)
vis: 2 141 2 0 = (2.7053e+08,0)
vis: 2 142 2 0 = (2.75145e+08,0)
vis: 2 143 2 0 = (2.71716e+08,0)
vis: 2 144 2 0 = (2.72058e+08,0)
vis: 2 145 2 0 = (2.73787e+08,0)
vis: 2 146 2 0 = (2.69113e+08,0)
vis: 2 147 2 0 = (2.71177e+08,0)
vis: 2 148 2 0 = (2.71924e+08,0)
vis: 2 149 2 0 = (2.7176e+08,0)
vis: 2 150 2 0 = (2.74202e+08,0)
vis: 2 151 2 0 = (2.75743e+08,0)
vis: 2 152 2 0 = (2.73285e+08,0)
vis: 2 153 2 0 = (2.73345e+08,0)
vis: 2 154 2 0 = (2.71674e+08,0)
vis: 2 155 2 0 = (2.68012e+08,0)
vis: 2 156 2 0 = (2.71277e+08,0)
vis: 2 157 2 0 = (2.6699e+08,0)
vis: 2 158 2 0 = (2.69673e+08,0)
vis: 2 159 2 0 = (2.65698e+08,0)
vis: 2 160 2 0 = (2.64517e+08,0)
vis: 2 161 2 0 = (2.69412e+08,0)
vis: 2 162 2 0 = (2.6416e+08,0)
vis: 2 163 2 0 = (2.64898e+08,0)
vis: 2 164 2 0 = (2.64766e+08,0)
vis: 2 165 2 0 = (2.676e+08,0)
vis: 2 166 2 0 = (2.67619e+08,0)
vis: 2 167 2 0 = (2.69972e+08,0)
vis: 2 168 2 0 = (2.63267e+08,0)
vis: 2 169 2 0 = (2.65768e+08,0)
vis: 2 170 2 0 = (2.62275e+08,0)
vis: 2 171 2 0 = (2.58836e+08,0)
vis: 2 172 2 0 = (2.63209e+08,0)
vis: 2 173 2 0 = (2.60328e+08,0)
vis: 2 174 2 0 = (2.59475e+08,0)
vis: 2 175 2 0 = (2.57237e+08,0)
vis: 2 176 2 0 = (2.52377e+08,0)
vis: 2 177 2 0 = (2.58132e+08,0)
vis: 2 178 2 0 = (2.5874e+08,0)
vis: 2 179 2 0 = (2.51541e+08,0)
vis: 2 180 2 0 = (2.56974e+08,0)
vis: 2 181 2 0 = (2.5851e+08,0)
vis: 2 182 2 0 = (2.61804e+08,0)
vis: 2 183 2 0 = (2.56855e+08,0)
vis: 2 184 2 0 = (2.6205e+08,0)
vis: 2 185 2 0 = (2.56688e+08,0)
vis: 2 186 2 0 = (2.59704e+08,0)
vis: 2 187 2 0 = (2.55074e+08,0)
vis: 2 188 2 0 = (2.56368e+08,0)
vis: 2 189 2 0 = (2.53952e+08,0)
vis: 2 190 2 0 = (2.49937e+08,0)
vis: 2 191 2 0 = (2.53959e+08,0)
vis: 2 192 2 0 = (2.44765e+08,0)
vis: 2 193 2 0 = (2.44514e+08,0)
vis: 2 194 2 0 = (2.48502e+08,0)
vis: 2 195 2 0 = (2.48558e+08,0)
vis: 2 196 2 0 = (2.47139e+08,0)
vis: 2 197 2 0 = (2.51866e+08,0)
vis: 2 198 2 0 = (2.50114e+08,0)
vis: 2 199 2 0 = (2.52222e+08,0)
vis: 2 200 2 0 = (2.54176e+08,0)
vis: 2 201 2 0 = (2.45826e+08,0)
vis: 2 202 2 0 = (2.46801e+08,0)
vis: 2 203 2 0 = (2.38001e+08,0)
vis: 2 204 2 0 = (2.44505e+08,0)
vis: 2 205 2 0 = (2.40651e+08,0)
vis: 2 206 2 0 = (2.43634e+08,0)
vis: 2 207 2 0 = (2.40732e+08,0)
vis: 2 208 2 0 = (2.38249e+08,0)
vis: 2 209 2 0 = (2.40735e+08,0)
vis: 2 210 2 0 = (2.39389e+08,0)
vis: 2 211 2 0 = (2.39711e+08,0)
vis: 2 212 2 0 = (2.4079e+08,0)
vis: 2 213 2 0 = (2.47131e+08,0)
vis: 2 214 2 0 = (2.41213e+08,0)
vis: 2 215 2 0 = (2.4351e+08,0)
vis: 2 216 2 0 = (2.36782e+08,0)
vis: 2 217 2 0 = (2.40364e+08,0)
vis: 2 218 2 0 = (2.32937e+08,0)
vis: 2 219 2 0 = (2.31558e+08,0)
vis: 2 220 2 0 = (2.33115e+08,0)
vis: 2 221 2 0 = (2.33262e+08,0)
vis: 2 222 2 0 = (2.31679e+08,0)
vis: 2 223 2 0 = (2.32105e+08,0)
vis: 2 224 2 0 = (2.28987e+08,0)
vis: 2 225 2 0 = (2.29351e+08,0)
vis: 2 226 2 0 = (2.32e+08,0)
vis: 2 227 2 0 = (2.28239e+08,0)
vis: 2 228 2 0 = (2.30978e+08,0)
vis: 2 229 2 0 = (2.33488e+08,0)
vis: 2 230 2 0 = (2.3088e+08,0)
vis: 2 231 2 0 = (2.31519e+08,0)
vis: 2 232 2 0 = (2.28772e+08,0)
vis: 2 233 2 0 = (2.31955e+08,0)
vis: 2 234 2 0 = (2.24999e+08,0)
vis: 2 235 2 0 = (2.24103e+08,0)
vis: 2 236 2 0 = (2.22259e+08,0)
vis: 2 237 2 0 = (2.1634e+08,0)
vis: 2 238 2 0 = (2.17245e+08,0)
vis: 2 239 2 0 = (2.16289e+08,0)
vis: 2 240 2 0 = (2.13558e+08,0)
vis: 2 241 2 0 = (2.16707e+08,0)
vis: 2 242 2 0 = (2.20431e+08,0)
vis: 2 243 2 0 = (2.17233e+08,0)
vis: 2 244 2 0 = (2.18929e+08,0)
vis: 2 245 2 0 = (2.15137e+08,0)
vis: 2 246 2 0 = (2.13258e+08,0)
vis: 2 247 2 0 = (2.14473e+08,0)
vis: 2 248 2 0 = (2.10827e+08,0)
vis: 2 249 2 0 = (2.00058e+08,0)
vis: 2 250 2 0 = (1.87495e+08,0)
vis: 2 251 2 0 = (1.80145e+08,0)
vis: 2 252 2 0 = (1.73238e+08,0)
vis: 2 253 2 0 = (1.6225e+08,0)
vis: 2 254 2 0 = (1.59953e+08,0)
vis: 3 0 2 0 = (1.60622e+08,0)
vis: 3 1 2 0 = (1.66858e+08,0)
vis: 3 2 2 0 = (1.74464e+08,0)
vis: 3 3 2 0 = (1.82818e+08,0)
vis: 3 4 2 0 = (1.98893e+08,0)
vis: 3 5 2 0 = (2.06656e+08,0)
vis: 3 6 2 0 = (2.16409e+08,0)
vis: 3 7 2 0 = (2.20805e+08,0)
vis: 3 8 2 0 = (2.19611e+08,0)
vis: 3 9 2 0 = (2.28385e+08,0)
vis: 3 10 2 0 = (2.23338e+08,0)
vis: 3 11 2 0 = (2.27395e+08,0)
vis: 3 12 2 0 = (2.27315e+08,0)
vis: 3 13 2 0 = (2.24613e+08,0)
vis: 3 14 2 0 = (2.20964e+08,0)
vis: 3 15 2 0 = (2.23192e+08,0)
vis: 3 16 2 0 = (2.23428e+08,0)
vis: 3 17 2 0 = (2.25519e+08,0)
vis: 3 18 2 0 = (2.28245e+08,0)
vis: 3 19 2 0 = (2.32515e+08,0)
vis: 3 20 2 0 = (2.31241e+08,0)
vis: 3 21 2 0 = (2.36186e+08,0)
vis: 3 22 2 0 = (2.35056e+08,0)
vis: 3 23 2 0 = (2.37811e+08,0)
vis: 3 24 2 0 = (2.39234e+08,0)
vis: 3 25 2 0 = (2.37919e+08,0)
vis: 3 26 2 0 = (2.36587e+08,0)
vis: 3 27 2 0 = (2.39292e+08,0)
vis: 3 28 2 0 = (2.3523e+08,0)
vis: 3 29 2 0 = (2.35854e+08,0)
vis: 3 30 2 0 = (2.38257e+08,0)
vis: 3 31 2 0 = (2.35461e+08,0)
vis: 3 32 2 0 = (2.37533e+08,0)
vis: 3 33 2 0 = (2.39324e+08,0)
vis: 3 34 2 0 = (2.41091e+08,0)
vis: 3 35 2 0 = (2.40905e+08,0)
vis: 3 36 2 0 = (2.42096e+08,0)
vis: 3 37 2 0 = (2.40534e+08,0)
vis: 3 38 2 0 = (2.45598e+08,0)
vis: 3 39 2 0 = (2.43382e+08,0)
vis: 3 40 2 0 = (2.43447e+08,0)
vis: 3 41 2 0 = (2.48172e+08,0)
vis: 3 42 2 0 = (2.46811e+08,0)
vis: 3 43 2 0 = (2.4659e+08,0)
vis: 3 44 2 0 = (2.47424e+08,0)
vis: 3 45 2 0 = (2.42096e+08,0)
vis: 3 46 2 0 = (2.44505e+08,0)
vis: 3 47 2 0 = (2.45452e+08,0)
vis: 3 48 2 0 = (2.44792e+08,0)
vis: 3 49 2 0 = (2.43078e+08,0)
vis: 3 50 2 0 = (2.4899e+08,0)
vis: 3 51 2 0 = (2.49461e+08,0)
vis: 3 52 2 0 = (2.50615e+08,0)
vis: 3 53 2 0 = (2.49683e+08,0)
vis: 3 54 2 0 = (2.50411e+08,0)
vis: 3 55 2 0 = (2.52369e+08,0)
vis: 3 56 2 0 = (2.51732e+08,0)
vis: 3 57 2 0 = (2.53764e+08,0)
vis: 3 58 2 0 = (2.51297e+08,0)
vis: 3 59 2 0 = (2.52896e+08,0)
vis: 3 60 2 0 = (2.50787e+08,0)
vis: 3 61 2 0 = (2.51177e+08,0)
vis: 3 62 2 0 = (2.48279e+08,0)
vis: 3 63 2 0 = (2.5248e+08,0)
vis: 3 64 2 0 = (2.54529e+08,0)
vis: 3 65 2 0 = (2.55682e+08,0)
vis: 3 66 2 0 = (2.53515e+08,0)
vis: 3 67 2 0 = (2.53961e+08,0)
vis: 3 68 2 0 = (2.56938e+08,0)
vis: 3 69 2 0 = (2.54991e+08,0)
vis: 3 70 2 0 = (2.57832e+08,0)
vis: 3 71 2 0 = (2.58746e+08,0)
vis: 3 72 2 0 = (2.60611e+08,0)
vis: 3 73 2 0 = (2.58174e+08,0)
vis: 3 74 2 0 = (2.59763e+08,0)
vis: 3 75 2 0 = (2.58395e+08,0)
vis: 3 76 2 0 = (2.59602e+08,0)
vis: 3 77 2 0 = (2.53857e+08,0)
vis: 3 78 2 0 = (2.59605e+08,0)
vis: 3 79 2 0 = (2.56244e+08,0)
vis: 3 80 2 0 = (2.557e+08,0)
vis: 3 81 2 0 = (2.63306e+08,0)
vis: 3 82 2 0 = (2.58919e+08,0)
vis: 3 83 2 0 = (2.55544e+08,0)
vis: 3 84 2 0 = (2.62659e+08,0)
vis: 3 85 2 0 = (2.61602e+08,0)
vis: 3 86 2 0 = (2.60116e+08,0)
vis: 3 87 2 0 = (2.65457e+08,0)
vis: 3 88 2 0 = (2.61615e+08,0)
vis: 3 89 2 0 = (2.61629e+08,0)
vis: 3 90 2 0 = (2.61727e+08,0)
vis: 3 91 2 0 = (2.61959e+08,0)
vis: 3 92 2 0 = (2.59176e+08,0)
vis: 3 93 2 0 = (2.6278e+08,0)
vis: 3 94 2 0 = (2.62362e+08,0)
vis: 3 95 2 0 = (2.60574e+08,0)
vis: 3 96 2 0 = (2.58038e+08,0)
vis: 3 97 2 0 = (2.57475e+08,0)
vis: 3 98 2 0 = (2.60855e+08,0)
vis: 3 99 2 0 = (2.6099e+08,0)
vis: 3 100 2 0 = (2.63716e+08,0)
vis: 3 101 2 0 = (2.63255e+08,0)
vis: 3 102 2 0 = (2.66048e+08,0)
vis: 3 103 2 0 = (2.67958e+08,0)
vis: 3 104 2 0 = (2.65279e+08,0)
vis: 3 105 2 0 = (2.67133e+08,0)
vis: 3 106 2 0 = (2.67014e+08,0)
vis: 3 107 2 0 = (2.61964e+08,0)
vis: 3 108 2 0 = (2.63115e+08,0)
vis: 3 109 2 0 = (2.62626e+08,0)
vis: 3 110 2 0 = (2.60501e+08,0)
vis: 3 111 2 0 = (2.6283e+08,0)
vis: 3 112 2 0 = (2.61259e+08,0)
vis: 3 113 2 0 = (2.59894e+08,0)
vis: 3 114 2 0 = (2.63734e+08,0)
vis: 3 115 2 0 = (2.53009e+08,0)
vis: 3 116 2 0 = (2.5247e+08,0)
vis: 3 117 2 0 = (2.4703e+08,0)
vis: 3 118 2 0 = (2.43136e+08,0)
vis: 3 119 2 0 = (2.41997e+08,0)
vis: 3 120 2 0 = (2.34623e+08,0)
vis: 3 121 2 0 = (2.16926e+08,0)
vis: 3 122 2 0 = (2.11464e+08,0)
vis: 3 123 2 0 = (2.02555e+08,0)
vis: 3 124 2 0 = (1.97576e+08,0)
vis: 3 125 2 0 = (1.89945e+08,0)
vis: 3 126 2 0 = (1.85641e+08,0)
vis: 3 128 2 0 = (1.85726e+08,0)
vis: 3 129 2 0 = (1.87307e+08,0)
vis: 3 130 2 0 = (1.90907e+08,0)
vis: 3 131 2 0 = (2.02782e+08,0)
vis: 3 132 2 0 = (2.15481e+08,0)
vis: 3 133 2 0 = (2.18459e+08,0)
vis: 3 134 2 0 = (2.33167e+08,0)
vis: 3 135 2 0 = (2.42115e+08,0)
vis: 3 136 2 0 = (2.44114e+08,0)
vis: 3 137 2 0 = (2.52539e+08,0)
vis: 3 138 2 0 = (2.53681e+08,0)
vis: 3 139 2 0 = (2.56955e+08,0)
vis: 3 140 2 0 = (2.62817e+08,0)
vis: 3 141 2 0 = (2.62248e+08,0)
vis: 3 142 2 0 = (2.62591e+08,0)
vis: 3 143 2 0 = (2.60425e+08,0)
vis: 3 144 2 0 = (2.61413e+08,0)
vis: 3 145 2 0 = (2.62447e+08,0)
vis: 3 146 2 0 = (2.62004e+08,0)
vis: 3 147 2 0 = (2.60433e+08,0)
vis: 3 148 2 0 = (2.6621e+08,0)
vis: 3 149 2 0 = (2.63645e+08,0)
vis: 3 150 2 0 = (2.65205e+08,0)
vis: 3 151 2 0 = (2.62597e+08,0)
vis: 3 152 2 0 = (2.64503e+08,0)
vis: 3 153 2 0 = (2.67738e+08,0)
vis: 3 154 2 0 = (2.64578e+08,0)
vis: 3 155 2 0 = (2.63513e+08,0)
vis: 3 156 2 0 = (2.60342e+08,0)
vis: 3 157 2 0 = (2.59277e+08,0)
vis: 3 158 2 0 = (2.59345e+08,0)
vis: 3 159 2 0 = (2.62807e+08,0)
vis: 3 160 2 0 = (2.63316e+08,0)
vis: 3 161 2 0 = (2.59892e+08,0)
vis: 3 162 2 0 = (2.58421e+08,0)
vis: 3 163 2 0 = (2.63655e+08,0)
vis: 3 164 2 0 = (2.59256e+08,0)
vis: 3 165 2 0 = (2.62942e+08,0)
vis: 3 166 2 0 = (2.63402e+08,0)
vis: 3 167 2 0 = (2.65894e+08,0)
vis: 3 168 2 0 = (2.62845e+08,0)
vis: 3 169 2 0 = (2.61623e+08,0)
vis: 3 170 2 0 = (2.6049e+08,0)
vis: 3 171 2 0 = (2.58366e+08,0)
vis: 3 172 2 0 = (2.54772e+08,0)
vis: 3 173 2 0 = (2.62043e+08,0)
vis: 3 174 2 0 = (2.56687e+08,0)
vis: 3 175 2 0 = (2.56867e+08,0)
vis: 3 176 2 0 = (2.59429e+08,0)
vis: 3 177 2 0 = (2.51593e+08,0)
vis: 3 178 2 0 = (2.57522e+08,0)
vis: 3 179 2 0 = (2.55508e+08,0)
vis: 3 180 2 0 = (2.59743e+08,0)
vis: 3 181 2 0 = (2.59535e+08,0)
vis: 3 182 2 0 = (2.61935e+08,0)
vis: 3 183 2 0 = (2.60039e+08,0)
vis: 3 184 2 0 = (2.58955e+08,0)
vis: 3 185 2 0 = (2.58837e+08,0)
vis: 3 186 2 0 = (2.55686e+08,0)
vis: 3 187 2 0 = (2.54092e+08,0)
vis: 3 188 2 0 = (2.52791e+08,0)
vis: 3 189 2 0 = (2.53821e+08,0)
vis: 3 190 2 0 = (2.53396e+08,0)
vis: 3 191 2 0 = (2.56191e+08,0)
vis: 3 192 2 0 = (2.50061e+08,0)
vis: 3 193 2 0 = (2.50419e+08,0)
vis: 3 194 2 0 = (2.51022e+08,0)
vis: 3 195 2 0 = (2.5035e+08,0)
vis: 3 196 2 0 = (2.49661e+08,0)
vis: 3 197 2 0 = (2.52031e+08,0)
vis: 3 198 2 0 = (2.56228e+08,0)
vis: 3 199 2 0 = (2.52822e+08,0)
vis: 3 200 2 0 = (2.5453e+08,0)
vis: 3 201 2 0 = (2.48222e+08,0)
vis: 3 202 2 0 = (2.53046e+08,0)
vis: 3 203 2 0 = (2.48807e+08,0)
vis: 3 204 2 0 = (2.45843e+08,0)
vis: 3 205 2 0 = (2.46831e+08,0)
vis: 3 206 2 0 = (2.49288e+08,0)
vis: 3 207 2 0 = (2.46039e+08,0)
vis: 3 208 2 0 = (2.419e+08,0)
vis: 3 209 2 0 = (2.41951e+08,0)
vis: 3 210 2 0 = (2.40701e+08,0)
vis: 3 211 2 0 = (2.49845e+08,0)
vis: 3 212 2 0 = (2.49825e+08,0)
vis: 3 213 2 0 = (2.50072e+08,0)
vis: 3 214 2 0 = (2.43614e+08,0)
vis: 3 215 2 0 = (2.48308e+08,0)
vis: 3 216 2 0 = (2.49512e+08,0)
vis: 3 217 2 0 = (2.43456e+08,0)
vis: 3 218 2 0 = (2.39811e+08,0)
vis: 3 219 2 0 = (2.40798e+08,0)
vis: 3 220 2 0 = (2.40109e+08,0)
vis: 3 221 2 0 = (2.39932e+08,0)
vis: 3 222 2 0 = (2.37776e+08,0)
vis: 3 223 2 0 = (2.37174e+08,0)
vis: 3 224 2 0 = (2.38629e+08,0)
vis: 3 225 2 0 = (2.36048e+08,0)
vis: 3 226 2 0 = (2.39245e+08,0)
vis: 3 227 2 0 = (2.37525e+08,0)
vis: 3 228 2 0 = (2.37562e+08,0)
vis: 3 229 2 0 = (2.372e+08,0)
vis: 3 230 2 0 = (2.38461e+08,0)
vis: 3 231 2 0 = (2.39263e+08,0)
vis: 3 232 2 0 = (2.34748e+08,0)
vis: 3 233 2 0 = (2.3809e+08,0)
vis: 3 234 2 0 = (2.28604e+08,0)
vis: 3 235 2 0 = (2.32623e+08,0)
vis: 3 236 2 0 = (2.2803e+08,0)
vis: 3 237 2 0 = (2.24555e+08,0)
vis: 3 238 2 0 = (2.21078e+08,0)
vis: 3 239 2 0 = (2.25074e+08,0)
vis: 3 240 2 0 = (2.22511e+08,0)
vis: 3 241 2 0 = (2.21298e+08,0)
vis: 3 242 2 0 = (2.25262e+08,0)
vis: 3 243 2 0 = (2.26262e+08,0)
vis: 3 244 2 0 = (2.24349e+08,0)
vis: 3 245 2 0 = (2.2948e+08,0)
vis: 3 246 2 0 = (2.20529e+08,0)
vis: 3 247 2 0 = (2.20579e+08,0)
vis: 3 248 2 0 = (2.15505e+08,0)
vis: 3 249 2 0 = (2.04939e+08,0)
vis: 3 250 2 0 = (1.99362e+08,0)
vis: 3 251 2 0 = (1.84837e+08,0)
vis: 3 252 2 0 = (1.76677e+08,0)
vis: 3 253 2 0 = (1.70324e+08,0)
vis: 3 254 2 0 = (1.59855e+08,0)
vis: 4 0 2 0 = (1.50922e+08,0)
vis: 4 1 2 0 = (1.54567e+08,0)
vis: 4 2 2 0 = (1.60727e+08,0)
vis: 4 3 2 0 = (1.71606e+08,0)
vis: 4 4 2 0 = (1.77768e+08,0)
vis: 4 5 2 0 = (1.84011e+08,0)
vis: 4 6 2 0 = (1.9118e+08,0)
vis: 4 7 2 0 = (1.99121e+08,0)
vis: 4 8 2 0 = (2.00402e+08,0)
vis: 4 9 2 0 = (2.04884e+08,0)
vis: 4 10 2 0 = (2.04589e+08,0)
vis: 4 11 2 0 = (2.05595e+08,0)
vis: 4 12 2 0 = (2.06439e+08,0)
vis: 4 13 2 0 = (2.02858e+08,0)
vis: 4 14 2 0 = (2.03833e+08,0)
vis: 4 15 2 0 = (2.0348e+08,0)
vis: 4 16 2 0 = (2.04985e+08,0)
vis: 4 17 2 0 = (2.07982e+08,0)
vis: 4 18 2 0 = (2.11359e+08,0)
vis: 4 19 2 0 = (2.14073e+08,0)
vis: 4 20 2 0 = (2.13149e+08,0)
vis: 4 21 2 0 = (2.16569e+08,0)
vis: 4 22 2 0 = (2.1806e+08,0)
vis: 4 23 2 0 = (2.2057e+08,0)
vis: 4 24 2 0 = (2.22073e+08,0)
vis: 4 25 2 0 = (2.21152e+08,0)
vis: 4 26 2 0 = (2.22617e+08,0)
vis: 4 27 2 0 = (2.22226e+08,0)
vis: 4 28 2 0 = (2.26036e+08,0)
vis: 4 29 2 0 = (2.23421e+08,0)
vis: 4 30 2 0 = (2.22081e+08,0)
vis: 4 31 2 0 = (2.23723e+08,0)
vis: 4 32 2 0 = (2.25463e+08,0)
vis: 4 33 2 0 = (2.25214e+08,0)
vis: 4 34 2 0 = (2.27778e+08,0)
vis: 4 35 2 0 = (2.33137e+08,0)
vis: 4 36 2 0 = (2.3078e+08,0)
vis: 4 37 2 0 = (2.30955e+08,0)
vis: 4 38 2 0 = (2.38845e+08,0)
vis: 4 39 2 0 = (2.39941e+08,0)
vis: 4 40 2 0 = (2.37394e+08,0)
vis: 4 41 2 0 = (2.39662e+08,0)
vis: 4 42 2 0 = (2.32882e+08,0)
vis: 4 43 2 0 = (2.41316e+08,0)
vis: 4 44 2 0 = (2.3986e+08,0)
vis: 4 45 2 0 = (2.37053e+08,0)
vis: 4 46 2 0 = (2.36604e+08,0)
vis: 4 47 2 0 = (2.43517e+08,0)
vis: 4 48 2 0 = (2.4149e+08,0)
vis: 4 49 2 0 = (2.43994e+08,0)
vis: 4 50 2 0 = (2.4642e+08,0)
vis: 4 51 2 0 = (2.47777e+08,0)
vis: 4 52 2 0 = (2.4804e+08,0)
vis: 4 53 2 0 = (2.5273e+08,0)
vis: 4 54 2 0 = (2.58317e+08,0)
vis: 4 55 2 0 = (2.52228e+08,0)
vis: 4 56 2 0 = (2.54512e+08,0)
vis: 4 57 2 0 = (2.53561e+08,0)
vis: 4 58 2 0 = (2.55481e+08,0)
vis: 4 59 2 0 = (2.53137e+08,0)
vis: 4 60 2 0 = (2.56737e+08,0)
vis: 4 61 2 0 = (2.56481e+08,0)
vis: 4 62 2 0 = (2.58642e+08,0)
vis: 4 63 2 0 = (2.61286e+08,0)
vis: 4 64 2 0 = (2.60386e+08,0)
vis: 4 65 2 0 = (2.59652e+08,0)
vis: 4 66 2 0 = (2.59562e+08,0)
vis: 4 67 2 0 = (2.61172e+08,0)
vis: 4 68 2 0 = (2.62144e+08,0)
vis: 4 69 2 0 = (2.65091e+08,0)
vis: 4 70 2 0 = (2.69042e+08,0)
vis: 4 71 2 0 = (2.65662e+08,0)
vis: 4 72 2 0 = (2.70242e+08,0)
vis: 4 73 2 0 = (2.61972e+08,0)
vis: 4 74 2 0 = (2.69043e+08,0)
vis: 4 75 2 0 = (2.65624e+08,0)
vis: 4 76 2 0 = (2.72141e+08,0)
vis: 4 77 2 0 = (2.63346e+08,0)
vis: 4 78 2 0 = (2.71606e+08,0)
vis: 4 79 2 0 = (2.67558e+08,0)
vis: 4 80 2 0 = (2.73718e+08,0)
vis: 4 81 2 0 = (2.69999e+08,0)
vis: 4 82 2 0 = (2.72227e+08,0)
vis: 4 83 2 0 = (2.72458e+08,0)
vis: 4 84 2 0 = (2.73603e+08,0)
vis: 4 85 2 0 = (2.7617e+08,0)
vis: 4 86 2 0 = (2.70379e+08,0)
vis: 4 87 2 0 = (2.73516e+08,0)
vis: 4 88 2 0 = (2.72015e+08,0)
vis: 4 89 2 0 = (2.77024e+08,0)
vis: 4 90 2 0 = (2.76223e+08,0)
vis: 4 91 2 0 = (2.72222e+08,0)
vis: 4 92 2 0 = (2.74921e+08,0)
vis: 4 93 2 0 = (2.77556e+08,0)
vis: 4 94 2 0 = (2.78324e+08,0)
vis: 4 95 2 0 = (2.77901e+08,0)
vis: 4 96 2 0 = (2.78311e+08,0)
vis: 4 97 2 0 = (2.74355e+08,0)
vis: 4 98 2 0 = (2.73459e+08,0)
vis: 4 99 2 0 = (2.79639e+08,0)
vis: 4 100 2 0 = (2.81078e+08,0)
vis: 4 101 2 0 = (2.79293e+08,0)
vis: 4 102 2 0 = (2.76224e+08,0)
vis: 4 103 2 0 = (2.78786e+08,0)
vis: 4 104 2 0 = (2.81092e+08,0)
vis: 4 105 2 0 = (2.76344e+08,0)
vis: 4 106 2 0 = (2.79939e+08,0)
vis: 4 107 2 0 = (2.76191e+08,0)
vis: 4 108 2 0 = (2.72861e+08,0)
vis: 4 109 2 0 = (2.75542e+08,0)
vis: 4 110 2 0 = (2.70618e+08,0)
vis: 4 111 2 0 = (2.72136e+08,0)
vis: 4 112 2 0 = (2.7279e+08,0)
vis: 4 113 2 0 = (2.6835e+08,0)
vis: 4 114 2 0 = (2.6982e+08,0)
vis: 4 115 2 0 = (2.67001e+08,0)
vis: 4 116 2 0 = (2.62399e+08,0)
vis: 4 117 2 0 = (2.5714e+08,0)
vis: 4 118 2 0 = (2.53798e+08,0)
vis: 4 119 2 0 = (2.43656e+08,0)
vis: 4 120 2 0 = (2.3505e+08,0)
vis: 4 121 2 0 = (2.29017e+08,0)
vis: 4 122 2 0 = (2.15791e+08,0)
vis: 4 123 2 0 = (2.0735e+08,0)
vis: 4 124 2 0 = (1.99833e+08,0)
vis: 4 125 2 0 = (1.94647e+08,0)
vis: 4 126 2 0 = (1.89129e+08,0)
vis: 4 128 2 0 = (1.8929e+08,0)
vis: 4 129 2 0 = (1.90486e+08,0)
vis: 4 130 2 0 = (1.99536e+08,0)
vis: 4 131 2 0 = (2.07856e+08,0)
vis: 4 132 2 0 = (2.15736e+08,0)
vis: 4 133 2 0 = (2.26004e+08,0)
vis: 4 134 2 0 = (2.31615e+08,0)
vis: 4 135 2 0 = (2.4788e+08,0)
vis: 4 136 2 0 = (2.53036e+08,0)
vis: 4 137 2 0 = (2.58328e+08,0)
vis: 4 138 2 0 = (2.62613e+08,0)
vis: 4 139 2 0 = (2.66737e+08,0)
vis: 4 140 2 0 = (2.69009e+08,0)
vis: 4 141 2 0 = (2.69232e+08,0)
vis: 4 142 2 0 = (2.74961e+08,0)
vis: 4 143 2 0 = (2.68309e+08,0)
vis: 4 144 2 0 = (2.7059e+08,0)
vis: 4 145 2 0 = (2.76246e+08,0)
vis: 4 146 2 0 = (2.74692e+08,0)
vis: 4 147 2 0 = (2.76073e+08,0)
vis: 4 148 2 0 = (2.80484e+08,0)
vis: 4 149 2 0 = (2.78248e+08,0)
vis: 4 150 2 0 = (2.77233e+08,0)
vis: 4 151 2 0 = (2.80454e+08,0)
vis: 4 152 2 0 = (2.762e+08,0)
vis: 4 153 2 0 = (2.80651e+08,0)
vis: 4 154 2 0 = (2.75823e+08,0)
vis: 4 155 2 0 = (2.80951e+08,0)
vis: 4 156 2 0 = (2.76905e+08,0)
vis: 4 157 2 0 = (2.71651e+08,0)
vis: 4 158 2 0 = (2.7585e+08,0)
vis: 4 159 2 0 = (2.75496e+08,0)
vis: 4 160 2 0 = (2.78257e+08,0)
vis: 4 161 2 0 = (2.71855e+08,0)
vis: 4 162 2 0 = (2.7196e+08,0)
vis: 4 163 2 0 = (2.73505e+08,0)
vis: 4 164 2 0 = (2.72439e+08,0)
vis: 4 165 2 0 = (2.75142e+08,0)
vis: 4 166 2 0 = (2.74931e+08,0)
vis: 4 167 2 0 = (2.76878e+08,0)
vis: 4 168 2 0 = (2.69603e+08,0)
vis: 4 169 2 0 = (2.77016e+08,0)
vis: 4 170 2 0 = (2.72541e+08,0)
vis: 4 171 2 0 = (2.67821e+08,0)
vis: 4 172 2 0 = (2.70658e+08,0)
vis: 4 173 2 0 = (2.72653e+08,0)
vis: 4 174 2 0 = (2.72922e+08,0)
vis: 4 175 2 0 = (2.69603e+08,0)
vis: 4 176 2 0 = (2.70811e+08,0)
vis: 4 177 2 0 = (2.68045e+08,0)
vis: 4 178 2 0 = (2.70296e+08,0)
vis: 4 179 2 0 = (2.6877e+08,0)
vis: 4 180 2 0 = (2.65972e+08,0)
vis: 4 181 2 0 = (2.67244e+08,0)
vis: 4 182 2 0 = (2.70525e+08,0)
vis: 4 183 2 0 = (2.67283e+08,0)
vis: 4 184 2 0 = (2.65588e+08,0)
vis: 4 185 2 0 = (2.64498e+08,0)
vis: 4 186 2 0 = (2.61427e+08,0)
vis: 4 187 2 0 = (2.65214e+08,0)
vis: 4 188 2 0 = (2.61585e+08,0)
vis: 4 189 2 0 = (2.58354e+08,0)
vis: 4 190 2 0 = (2.58581e+08,0)
vis: 4 191 2 0 = (2.57491e+08,0)
vis: 4 192 2 0 = (2.57491e+08,0)
vis: 4 193 2 0 = (2.57309e+08,0)
vis: 4 194 2 0 = (2.57004e+08,0)
vis: 4 195 2 0 = (2.60335e+08,0)
vis: 4 196 2 0 = (2.52888e+08,0)
vis: 4 197 2 0 = (2.52062e+08,0)
vis: 4 198 2 0 = (2.51825e+08,0)
vis: 4 199 2 0 = (2.52032e+08,0)
vis: 4 200 2 0 = (2.54925e+08,0)
vis: 4 201 2 0 = (2.4865e+08,0)
vis: 4 202 2 0 = (2.5181e+08,0)
vis: 4 203 2 0 = (2.49878e+08,0)
vis: 4 204 2 0 = (2.47006e+08,0)
vis: 4 205 2 0 = (2.42636e+08,0)
vis: 4 206 2 0 = (2.38922e+08,0)
vis: 4 207 2 0 = (2.40109e+08,0)
vis: 4 208 2 0 = (2.39573e+08,0)
vis: 4 209 2 0 = (2.40789e+08,0)
vis: 4 210 2 0 = (2.38473e+08,0)
vis: 4 211 2 0 = (2.3974e+08,0)
vis: 4 212 2 0 = (2.37133e+08,0)
vis: 4 213 2 0 = (2.40336e+08,0)
vis: 4 214 2 0 = (2.37523e+08,0)
vis: 4 215 2 0 = (2.3933e+08,0)
vis: 4 216 2 0 = (2.38623e+08,0)
vis: 4 217 2 0 = (2.33293e+08,0)
vis: 4 218 2 0 = (2.30365e+08,0)
vis: 4 219 2 0 = (2.31362e+08,0)
vis: 4 220 2 0 = (2.28814e+08,0)
vis: 4 221 2 0 = (2.26166e+08,0)
vis: 4 222 2 0 = (2.21851e+08,0)
vis: 4 223 2 0 = (2.2188e+08,0)
vis: 4 224 2 0 = (2.26022e+08,0)
vis: 4 225 2 0 = (2.22648e+08,0)
vis: 4 226 2 0 = (2.25197e+08,0)
vis: 4 227 2 0 = (2.21794e+08,0)
vis: 4 228 2 0 = (2.19127e+08,0)
vis: 4 229 2 0 = (2.23499e+08,0)
vis: 4 230 2 0 = (2.21773e+08,0)
vis: 4 231 2 0 = (2.24174e+08,0)
vis: 4 232 2 0 = (2.20371e+08,0)
vis: 4 233 2 0 = (2.16836e+08,0)
vis: 4 234 2 0 = (2.17399e+08,0)
vis: 4 235 2 0 = (2.11317e+08,0)
vis: 4 236 2 0 = (2.12019e+08,0)
vis: 4 237 2 0 = (2.08009e+08,0)
vis: 4 238 2 0 = (2.075e+08,0)
vis: 4 239 2 0 = (2.04091e+08,0)
vis: 4 240 2 0 = (2.05042e+08,0)
vis: 4 241 2 0 = (2.04742e+08,0)
vis: 4 242 2 0 = (2.05029e+08,0)
vis: 4 243 2 0 = (2.03991e+08,0)
vis: 4 244 2 0 = (2.03933e+08,0)
vis: 4 245 2 0 = (2.05477e+08,0)
vis: 4 246 2 0 = (2.00471e+08,0)
vis: 4 247 2 0 = (1.98833e+08,0)
vis: 4 248 2 0 = (1.90691e+08,0)
vis: 4 249 2 0 = (1.85055e+08,0)
vis: 4 250 2 0 = (1.77609e+08,0)
vis: 4 251 2 0 = (1.70376e+08,0)
vis: 4 252 2 0 = (1.62667e+08,0)
vis: 4 253 2 0 = (1.54329e+08,0)
vis: 4 254 2 0 = (1.52311e+08,0)
vis: 5 0 2 0 = (1.3423e+08,0)
vis: 5 1 2 0 = (1.38039e+08,0)
vis: 5 2 2 0 = (1.44899e+08,0)
vis: 5 3 2 0 = (1.4743e+08,0)
vis: 5 4 2 0 = (1.54624e+08,0)
vis: 5 5 2 0 = (1.62167e+08,0)
vis: 5 6 2 0 = (1.63002e+08,0)
vis: 5 7 2 0 = (1.69415e+08,0)
vis: 5 8 2 0 = (1.72291e+08,0)
vis: 5 9 2 0 = (1.71708e+08,0)
vis: 5 10 2 0 = (1.74163e+08,0)
vis: 5 11 2 0 = (1.71803e+08,0)
vis: 5 12 2 0 = (1.74945e+08,0)
vis: 5 13 2 0 = (1.69567e+08,0)
vis: 5 14 2 0 = (1.69841e+08,0)
vis: 5 15 2 0 = (1.70754e+08,0)
vis: 5 16 2 0 = (1.72349e+08,0)
vis: 5 17 2 0 = (1.76024e+08,0)
vis: 5 18 2 0 = (1.7753e+08,0)
vis: 5 19 2 0 = (1.75888e+08,0)
vis: 5 20 2 0 = (1.84516e+08,0)
vis: 5 21 2 0 = (1.81946e+08,0)
vis: 5 22 2 0 = (1.83456e+08,0)
vis: 5 23 2 0 = (1.87262e+08,0)
vis: 5 24 2 0 = (1.87116e+08,0)
vis: 5 25 2 0 = (1.86529e+08,0)
vis: 5 26 2 0 = (1.86786e+08,0)
vis: 5 27 2 0 = (1.86461e+08,0)
vis: 5 28 2 0 = (1.89583e+08,0)
vis: 5 29 2 0 = (1.91347e+08,0)
vis: 5 30 2 0 = (1.94128e+08,0)
vis: 5 31 2 0 = (1.93382e+08,0)
vis: 5 32 2 0 = (1.91479e+08,0)
vis: 5 33 2 0 = (1.94571e+08,0)
vis: 5 34 2 0 = (1.98634e+08,0)
vis: 5 35 2 0 = (1.95261e+08,0)
vis: 5 36 2 0 = (2.01451e+08,0)
vis: 5 37 2 0 = (2.0043e+08,0)
vis: 5 38 2 0 = (2.04348e+08,0)
vis: 5 39 2 0 = (2.07895e+08,0)
vis: 5 40 2 0 = (2.06263e+08,0)
vis: 5 41 2 0 = (2.05152e+08,0)
vis: 5 42 2 0 = (2.06657e+08,0)
vis: 5 43 2 0 = (2.12461e+08,0)
vis: 5 44 2 0 = (2.08989e+08,0)
vis: 5 45 2 0 = (2.09269e+08,0)
vis: 5 46 2 0 = (2.13329e+08,0)
vis: 5 47 2 0 = (2.08354e+08,0)
vis: 5 48 2 0 = (2.129e+08,0)
vis: 5 49 2 0 = (2.16138e+08,0)
vis: 5 50 2 0 = (2.18312e+08,0)
vis: 5 51 2 0 = (2.19799e+08,0)
vis: 5 52 2 0 = (2.28453e+08,0)
vis: 5 53 2 0 = (2.2638e+08,0)
vis: 5 54 2 0 = (2.31004e+08,0)
vis: 5 55 2 0 = (2.33205e+08,0)
vis: 5 56 2 0 = (2.31258e+08,0)
vis: 5 57 2 0 = (2.31233e+08,0)
vis: 5 58 2 0 = (2.35505e+08,0)
vis: 5 59 2 0 = (2.33847e+08,0)
vis: 5 60 2 0 = (2.35234e+08,0)
vis: 5 61 2 0 = (2.35311e+08,0)
vis: 5 62 2 0 = (2.39705e+08,0)
vis: 5 63 2 0 = (2.40667e+08,0)
vis: 5 64 2 0 = (2.43218e+08,0)
vis: 5 65 2 0 = (2.45595e+08,0)
vis: 5 66 2 0 = (2.43936e+08,0)
vis: 5 67 2 0 = (2.51114e+08,0)
vis: 5 68 2 0 = (2.55915e+08,0)
vis: 5 69 2 0 = (2.56685e+08,0)
vis: 5 70 2 0 = (2.5934e+08,0)
vis: 5 71 2 0 = (2.60435e+08,0)
vis: 5 72 2 0 = (2.56331e+08,0)
vis: 5 73 2 0 = (2.64201e+08,0)
vis: 5 74 2 0 = (2.6071e+08,0)
vis: 5 75 2 0 = (2.66293e+08,0)
vis: 5 76 2 0 = (2.67055e+08,0)
vis: 5 77 2 0 = (2.69833e+08,0)
vis: 5 78 2 0 = (2.73431e+08,0)
vis: 5 79 2 0 = (2.74988e+08,0)
vis: 5 80 2 0 = (2.69677e+08,0)
vis: 5 81 2 0 = (2.74325e+08,0)
vis: 5 82 2 0 = (2.78151e+08,0)
vis: 5 83 2 0 = (2.80163e+08,0)
vis: 5 84 2 0 = (2.84681e+08,0)
vis: 5 85 2 0 = (2.83343e+08,0)
vis: 5 86 2 0 = (2.88776e+08,0)
vis: 5 87 2 0 = (2.89645e+08,0)
vis: 5 88 2 0 = (2.94027e+08,0)
vis: 5 89 2 0 = (2.87984e+08,0)
vis: 5 90 2 0 = (2.97493e+08,0)
vis: 5 91 2 0 = (2.97027e+08,0)
vis: 5 92 2 0 = (2.92614e+08,0)
vis: 5 93 2 0 = (3.02058e+08,0)
vis: 5 94 2 0 = (3.02808e+08,0)
vis: 5 95 2 0 = (3.05625e+08,0)
vis: 5 96 2 0 = (3.08424e+08,0)
vis: 5 97 2 0 = (3.13807e+08,0)
vis: 5 98 2 0 = (3.13021e+08,0)
vis: 5 99 2 0 = (3.16314e+08,0)
vis: 5 100 2 0 = (3.1998e+08,0)
vis: 5 101 2 0 = (3.24593e+08,0)
vis: 5 102 2 0 = (3.24114e+08,0)
vis: 5 103 2 0 = (3.2351e+08,0)
vis: 5 104 2 0 = (3.25783e+08,0)
vis: 5 105 2 0 = (3.2791e+08,0)
vis: 5 106 2 0 = (3.29164e+08,0)
vis: 5 107 2 0 = (3.28257e+08,0)
vis: 5 108 2 0 = (3.29255e+08,0)
vis: 5 109 2 0 = (3.32823e+08,0)
vis: 5 110 2 0 = (3.34136e+08,0)
vis: 5 111 2 0 = (3.3643e+08,0)
vis: 5 112 2 0 = (3.34997e+08,0)
vis: 5 113 2 0 = (3.32967e+08,0)
vis: 5 114 2 0 = (3.39066e+08,0)
vis: 5 115 2 0 = (3.36228e+08,0)
vis: 5 116 2 0 = (3.39075e+08,0)
vis: 5 117 2 0 = (3.24754e+08,0)
vis: 5 118 2 0 = (3.19139e+08,0)
vis: 5 119 2 0 = (3.11613e+08,0)
vis: 5 120 2 0 = (3.01679e+08,0)
vis: 5 121 2 0 = (2.92548e+08,0)
vis: 5 122 2 0 = (2.77119e+08,0)
vis: 5 123 2 0 = (2.56156e+08,0)
vis: 5 124 2 0 = (2.47523e+08,0)
vis: 5 125 2 0 = (2.38975e+08,0)
vis: 5 126 2 0 = (2.36882e+08,0)
vis: 5 128 2 0 = (2.38444e+08,0)
vis: 5 129 2 0 = (2.38141e+08,0)
vis: 5 130 2 0 = (2.48666e+08,0)
vis: 5 131 2 0 = (2.64077e+08,0)
vis: 5 132 2 0 = (2.71346e+08,0)
vis: 5 133 2 0 = (2.96225e+08,0)
vis: 5 134 2 0 = (3.00081e+08,0)
vis: 5 135 2 0 = (3.1353e+08,0)
vis: 5 136 2 0 = (3.18397e+08,0)
vis: 5 137 2 0 = (3.2474e+08,0)
vis: 5 138 2 0 = (3.40856e+08,0)
vis: 5 139 2 0 = (3.39877e+08,0)
vis: 5 140 2 0 = (3.38573e+08,0)
vis: 5 141 2 0 = (3.36038e+08,0)
vis: 5 142 2 0 = (3.36345e+08,0)
vis: 5 143 2 0 = (3.37276e+08,0)
vis: 5 144 2 0 = (3.35167e+08,0)
vis: 5 145 2 0 = (3.35273e+08,0)
vis: 5 146 2 0 = (3.29777e+08,0)
vis: 5 147 2 0 = (3.3229e+08,0)
vis: 5 148 2 0 = (3.30256e+08,0)
vis: 5 149 2 0 = (3.2909e+08,0)
vis: 5 150 2 0 = (3.19492e+08,0)
vis: 5 151 2 0 = (3.25279e+08,0)
vis: 5 152 2 0 = (3.24941e+08,0)
vis: 5 153 2 0 = (3.20568e+08,0)
vis: 5 154 2 0 = (3.16893e+08,0)
vis: 5 155 2 0 = (3.13279e+08,0)
vis: 5 156 2 0 = (3.15086e+08,0)
vis: 5 157 2 0 = (3.09811e+08,0)
vis: 5 158 2 0 = (3.07404e+08,0)
vis: 5 159 2 0 = (3.02031e+08,0)
vis: 5 160 2 0 = (3.04041e+08,0)
vis: 5 161 2 0 = (2.99951e+08,0)
vis: 5 162 2 0 = (2.95797e+08,0)
vis: 5 163 2 0 = (2.93528e+08,0)
vis: 5 164 2 0 = (2.93754e+08,0)
vis: 5 165 2 0 = (2.89051e+08,0)
vis: 5 166 2 0 = (2.87822e+08,0)
vis: 5 167 2 0 = (2.88486e+08,0)
vis: 5 168 2 0 = (2.88e+08,0)
vis: 5 169 2 0 = (2.84441e+08,0)
vis: 5 170 2 0 = (2.81016e+08,0)
vis: 5 171 2 0 = (2.80927e+08,0)
vis: 5 172 2 0 = (2.7759e+08,0)
vis: 5 173 2 0 = (2.75329e+08,0)
vis: 5 174 2 0 = (2.70648e+08,0)
vis: 5 175 2 0 = (2.7161e+08,0)
vis: 5 176 2 0 = (2.71445e+08,0)
vis: 5 177 2 0 = (2.70995e+08,0)
vis: 5 178 2 0 = (2.67524e+08,0)
vis: 5 179 2 0 = (2.65309e+08,0)
vis: 5 180 2 0 = (2.63386e+08,0)
vis: 5 181 2 0 = (2.6639e+08,0)
vis: 5 182 2 0 = (2.59112e+08,0)
vis: 5 183 2 0 = (2.61682e+08,0)
vis: 5 184 2 0 = (2.60687e+08,0)
vis: 5 185 2 0 = (2.51805e+08,0)
vis: 5 186 2 0 = (2.52979e+08,0)
vis: 5 187 2 0 = (2.48205e+08,0)
vis: 5 188 2 0 = (2.44868e+08,0)
vis: 5 189 2 0 = (2.46063e+08,0)
vis: 5 190 2 0 = (2.44239e+08,0)
vis: 5 191 2 0 = (2.37607e+08,0)
vis: 5 192 2 0 = (2.40787e+08,0)
vis: 5 193 2 0 = (2.38395e+08,0)
vis: 5 194 2 0 = (2.35765e+08,0)
vis: 5 195 2 0 = (2.3291e+08,0)
vis: 5 196 2 0 = (2.30449e+08,0)
vis: 5 197 2 0 = (2.32166e+08,0)
vis: 5 198 2 0 = (2.3059e+08,0)
vis: 5 199 2 0 = (2.3066e+08,0)
vis: 5 200 2 0 = (2.30427e+08,0)
vis: 5 201 2 0 = (2.22387e+08,0)
vis: 5 202 2 0 = (2.23682e+08,0)
vis: 5 203 2 0 = (2.19864e+08,0)
vis: 5 204 2 0 = (2.21008e+08,0)
vis: 5 205 2 0 = (2.20441e+08,0)
vis: 5 206 2 0 = (2.15159e+08,0)
vis: 5 207 2 0 = (2.11095e+08,0)
vis: 5 208 2 0 = (2.13146e+08,0)
vis: 5 209 2 0 = (2.1262e+08,0)
vis: 5 210 2 0 = (2.10216e+08,0)
vis: 5 211 2 0 = (2.08026e+08,0)
vis: 5 212 2 0 = (2.08443e+08,0)
vis: 5 213 2 0 = (2.07539e+08,0)
vis: 5 214 2 0 = (2.12656e+08,0)
vis: 5 215 2 0 = (2.04862e+08,0)
vis: 5 216 2 0 = (2.02428e+08,0)
vis: 5 217 2 0 = (2.03439e+08,0)
vis: 5 218 2 0 = (2.00389e+08,0)
vis: 5 219 2 0 = (1.98257e+08,0)
vis: 5 220 2 0 = (1.98392e+08,0)
vis: 5 221 2 0 = (1.94861e+08,0)
vis: 5 222 2 0 = (1.94605e+08,0)
vis: 5 223 2 0 = (1.90372e+08,0)
vis: 5 224 2 0 = (1.94851e+08,0)
vis: 5 225 2 0 = (1.88225e+08,0)
vis: 5 226 2 0 = (1.8916e+08,0)
vis: 5 227 2 0 = (1.89492e+08,0)
vis: 5 228 2 0 = (1.84981e+08,0)
vis: 5 229 2 0 = (1.87212e+08,0)
vis: 5 230 2 0 = (1.87191e+08,0)
vis: 5 231 2 0 = (1.83811e+08,0)
vis: 5 232 2 0 = (1.86555e+08,0)
vis: 5 233 2 0 = (1.81662e+08,0)
vis: 5 234 2 0 = (1.80606e+08,0)
vis: 5 235 2 0 = (1.74391e+08,0)
vis: 5 236 2 0 = (1.752e+08,0)
vis: 5 237 2 0 = (1.75189e+08,0)
vis: 5 238 2 0 = (1.75285e+08,0)
vis: 5 239 2 0 = (1.73308e+08,0)
vis: 5 240 2 0 = (1.7158e+08,0)
vis: 5 241 2 0 = (1.71302e+08,0)
vis: 5 242 2 0 = (1.72576e+08,0)
vis: 5 243 2 0 = (1.71933e+08,0)
vis: 5 244 2 0 = (1.73833e+08,0)
vis: 5 245 2 0 = (1.70348e+08,0)
vis: 5 246 2 0 = (1.70916e+08,0)
vis: 5 247 2 0 = (1.68203e+08,0)
vis: 5 248 2 0 = (1.63694e+08,0)
vis: 5 249 2 0 = (1.59519e+08,0)
vis: 5 250 2 0 = (1.53179e+08,0)
vis: 5 251 2 0 = (1.47037e+08,0)
vis: 5 252 2 0 = (1.42756e+08,0)
vis: 5 253 2 0 = (1.39459e+08,0)
vis: 5 254 2 0 = (1.34816e+08,0)
vis: 6 0 2 0 = (1.61466e+08,0)
vis: 6 1 2 0 = (1.65718e+08,0)
vis: 6 2 2 0 = (1.714e+08,0)
vis: 6 3 2 0 = (1.84066e+08,0)
vis: 6 4 2 0 = (1.96244e+08,0)
vis: 6 5 2 0 = (2.0648e+08,0)
vis: 6 6 2 0 = (2.14633e+08,0)
vis: 6 7 2 0 = (2.18066e+08,0)
vis: 6 8 2 0 = (2.20707e+08,0)
vis: 6 9 2 0 = (2.26804e+08,0)
vis: 6 10 2 0 = (2.24578e+08,0)
vis: 6 11 2 0 = (2.23165e+08,0)
vis: 6 12 2 0 = (2.24312e+08,0)
vis: 6 13 2 0 = (2.2162e+08,0)
vis: 6 14 2 0 = (2.2098e+08,0)
vis: 6 15 2 0 = (2.19568e+08,0)
vis: 6 16 2 0 = (2.2441e+08,0)
vis: 6 17 2 0 = (2.24476e+08,0)
vis: 6 18 2 0 = (2.28666e+08,0)
vis: 6 19 2 0 = (2.25577e+08,0)
vis: 6 20 2 0 = (2.33955e+08,0)
vis: 6 21 2 0 = (2.30274e+08,0)
vis: 6 22 2 0 = (2.35826e+08,0)
vis: 6 23 2 0 = (2.35524e+08,0)
vis: 6 24 2 0 = (2.41349e+08,0)
vis: 6 25 2 0 = (2.44028e+08,0)
vis: 6 26 2 0 = (2.34228e+08,0)
vis: 6 27 2 0 = (2.32648e+08,0)
vis: 6 28 2 0 = (2.37403e+08,0)
vis: 6 29 2 0 = (2.33142e+08,0)
vis: 6 30 2 0 = (2.35141e+08,0)
vis: 6 31 2 0 = (2.32404e+08,0)
vis: 6 32 2 0 = (2.372e+08,0)
vis: 6 33 2 0 = (2.3703e+08,0)
vis: 6 34 2 0 = (2.39854e+08,0)
vis: 6 35 2 0 = (2.3941e+08,0)
vis: 6 36 2 0 = (2.4113e+08,0)
vis: 6 37 2 0 = (2.4605e+08,0)
vis: 6 38 2 0 = (2.47424e+08,0)
vis: 6 39 2 0 = (2.47725e+08,0)
vis: 6 40 2 0 = (2.45276e+08,0)
vis: 6 41 2 0 = (2.43411e+08,0)
vis: 6 42 2 0 = (2.42887e+08,0)
vis: 6 43 2 0 = (2.43688e+08,0)
vis: 6 44 2 0 = (2.4715e+08,0)
vis: 6 45 2 0 = (2.4521e+08,0)
vis: 6 46 2 0 = (2.40384e+08,0)
vis: 6 47 2 0 = (2.4571e+08,0)
vis: 6 48 2 0 = (2.4437e+08,0)
vis: 6 49 2 0 = (2.44682e+08,0)
vis: 6 50 2 0 = (2.4184e+08,0)
vis: 6 51 2 0 = (2.47779e+08,0)
vis: 6 52 2 0 = (2.53904e+08,0)
vis: 6 53 2 0 = (2.50495e+08,0)
vis: 6 54 2 0 = (2.52654e+08,0)
vis: 6 55 2 0 = (2.4877e+08,0)
vis: 6 56 2 0 = (2.51548e+08,0)
vis: 6 57 2 0 = (2.54352e+08,0)
vis: 6 58 2 0 = (2.54858e+08,0)
vis: 6 59 2 0 = (2.56129e+08,0)
vis: 6 60 2 0 = (2.49627e+08,0)
vis: 6 61 2 0 = (2.51193e+08,0)
vis: 6 62 2 0 = (2.53039e+08,0)
vis: 6 63 2 0 = (2.51253e+08,0)
vis: 6 64 2 0 = (2.53705e+08,0)
vis: 6 65 2 0 = (2.56188e+08,0)
vis: 6 66 2 0 = (2.5443e+08,0)
vis: 6 67 2 0 = (2.59206e+08,0)
vis: 6 68 2 0 = (2.5595e+08,0)
vis: 6 69 2 0 = (2.56118e+08,0)
vis: 6 70 2 0 = (2.56651e+08,0)
vis: 6 71 2 0 = (2.60301e+08,0)
vis: 6 72 2 0 = (2.60413e+08,0)
vis: 6 73 2 0 = (2.57244e+08,0)
vis: 6 74 2 0 = (2.588e+08,0)
vis: 6 75 2 0 = (2.59585e+08,0)
vis: 6 76 2 0 = (2.59923e+08,0)
vis: 6 77 2 0 = (2.53647e+08,0)
vis: 6 78 2 0 = (2.56277e+08,0)
vis: 6 79 2 0 = (2.55977e+08,0)
vis: 6 80 2 0 = (2.58569e+08,0)
vis: 6 81 2 0 = (2.56675e+08,0)
vis: 6 82 2 0 = (2.60291e+08,0)
vis: 6 83 2 0 = (2.62071e+08,0)
vis: 6 84 2 0 = (2.64215e+08,0)
vis: 6 85 2 0 = (2.62231e+08,0)
vis: 6 86 2 0 = (2.60303e+08,0)
vis: 6 87 2 0 = (2.63228e+08,0)
vis: 6 88 2 0 = (2.65315e+08,0)
vis: 6 89 2 0 = (2.58258e+08,0)
vis: 6 90 2 0 = (2.65529e+08,0)
vis: 6 91 2 0 = (2.62e+08,0)
vis: 6 92 2 0 = (2.5867e+08,0)
vis: 6 93 2 0 = (2.61162e+08,0)
vis: 6 94 2 0 = (2.65983e+08,0)
vis: 6 95 2 0 = (2.60641e+08,0)
vis: 6 96 2 0 = (2.60627e+08,0)
vis: 6 97 2 0 = (2.61851e+08,0)
vis: 6 98 2 0 = (2.59978e+08,0)
vis: 6 99 2 0 = (2.62081e+08,0)
vis: 6 100 2 0 = (2.64618e+08,0)
vis: 6 101 2 0 = (2.67353e+08,0)
vis: 6 102 2 0 = (2.63466e+08,0)
vis: 6 103 2 0 = (2.65952e+08,0)
vis: 6 104 2 0 = (2.62833e+08,0)
vis: 6 105 2 0 = (2.63501e+08,0)
vis: 6 106 2 0 = (2.67464e+08,0)
vis: 6 107 2 0 = (2.68543e+08,0)
vis: 6 108 2 0 = (2.66466e+08,0)
vis: 6 109 2 0 = (2.66572e+08,0)
vis: 6 110 2 0 = (2.63636e+08,0)
vis: 6 111 2 0 = (2.617e+08,0)
vis: 6 112 2 0 = (2.62319e+08,0)
vis: 6 113 2 0 = (2.61405e+08,0)
vis: 6 114 2 0 = (2.58196e+08,0)
vis: 6 115 2 0 = (2.5653e+08,0)
vis: 6 116 2 0 = (2.50952e+08,0)
vis: 6 117 2 0 = (2.54838e+08,0)
vis: 6 118 2 0 = (2.46731e+08,0)
vis: 6 119 2 0 = (2.42961e+08,0)
vis: 6 120 2 0 = (2.30631e+08,0)
vis: 6 121 2 0 = (2.20057e+08,0)
vis: 6 122 2 0 = (2.1407e+08,0)
vis: 6 123 2 0 = (2.01763e+08,0)
vis: 6 124 2 0 = (1.96442e+08,0)
vis: 6 125 2 0 = (1.89977e+08,0)
vis: 6 126 2 0 = (1.88525e+08,0)
vis: 6 128 2 0 = (1.88365e+08,0)
vis: 6 129 2 0 = (1.89249e+08,0)
vis: 6 130 2 0 = (1.94664e+08,0)
vis: 6 131 2 0 = (2.05029e+08,0)
vis: 6 132 2 0 = (2.14727e+08,0)
vis: 6 133 2 0 = (2.21466e+08,0)
vis: 6 134 2 0 = (2.36791e+08,0)
vis: 6 135 2 0 = (2.40719e+08,0)
vis: 6 136 2 0 = (2.47648e+08,0)
vis: 6 137 2 0 = (2.50846e+08,0)
vis: 6 138 2 0 = (2.51019e+08,0)
vis: 6 139 2 0 = (2.58298e+08,0)
vis: 6 140 2 0 = (2.59606e+08,0)
vis: 6 141 2 0 = (2.59546e+08,0)
vis: 6 142 2 0 = (2.63598e+08,0)
vis: 6 143 2 0 = (2.57299e+08,0)
vis: 6 144 2 0 = (2.60638e+08,0)
vis: 6 145 2 0 = (2.61776e+08,0)
vis: 6 146 2 0 = (2.67798e+08,0)
vis: 6 147 2 0 = (2.67105e+08,0)
vis: 6 148 2 0 = (2.66295e+08,0)
vis: 6 149 2 0 = (2.62766e+08,0)
vis: 6 150 2 0 = (2.62311e+08,0)
vis: 6 151 2 0 = (2.67658e+08,0)
vis: 6 152 2 0 = (2.62648e+08,0)
vis: 6 153 2 0 = (2.66396e+08,0)
vis: 6 154 2 0 = (2.65124e+08,0)
vis: 6 155 2 0 = (2.63771e+08,0)
vis: 6 156 2 0 = (2.60703e+08,0)
vis: 6 157 2 0 = (2.61229e+08,0)
vis: 6 158 2 0 = (2.63701e+08,0)
vis: 6 159 2 0 = (2.59178e+08,0)
vis: 6 160 2 0 = (2.61996e+08,0)
vis: 6 161 2 0 = (2.60395e+08,0)
vis: 6 162 2 0 = (2.5975e+08,0)
vis: 6 163 2 0 = (2.64102e+08,0)
vis: 6 164 2 0 = (2.66223e+08,0)
vis: 6 165 2 0 = (2.60092e+08,0)
vis: 6 166 2 0 = (2.66913e+08,0)
vis: 6 167 2 0 = (2.56482e+08,0)
vis: 6 168 2 0 = (2.59484e+08,0)
vis: 6 169 2 0 = (2.6208e+08,0)
vis: 6 170 2 0 = (2.67621e+08,0)
vis: 6 171 2 0 = (2.61253e+08,0)
vis: 6 172 2 0 = (2.60262e+08,0)
vis: 6 173 2 0 = (2.56419e+08,0)
vis: 6 174 2 0 = (2.59241e+08,0)
vis: 6 175 2 0 = (2.58342e+08,0)
vis: 6 176 2 0 = (2.59874e+08,0)
vis: 6 177 2 0 = (2.58837e+08,0)
vis: 6 178 2 0 = (2.55432e+08,0)
vis: 6 179 2 0 = (2.56615e+08,0)
vis: 6 180 2 0 = (2.57967e+08,0)
vis: 6 181 2 0 = (2.54518e+08,0)
vis: 6 182 2 0 = (2.60095e+08,0)
vis: 6 183 2 0 = (2.58567e+08,0)
vis: 6 184 2 0 = (2.56834e+08,0)
vis: 6 185 2 0 = (2.55332e+08,0)
vis: 6 186 2 0 = (2.54893e+08,0)
vis: 6 187 2 0 = (2.55604e+08,0)
vis: 6 188 2 0 = (2.54466e+08,0)
vis: 6 189 2 0 = (2.54717e+08,0)
vis: 6 190 2 0 = (2.51822e+08,0)
vis: 6 191 2 0 = (2.49405e+08,0)
vis: 6 192 2 0 = (2.53093e+08,0)
vis: 6 193 2 0 = (2.49986e+08,0)
vis: 6 194 2 0 = (2.49891e+08,0)
vis: 6 195 2 0 = (2.55602e+08,0)
vis: 6 196 2 0 = (2.53831e+08,0)
vis: 6 197 2 0 = (2.52604e+08,0)
vis: 6 198 2 0 = (2.564e+08,0)
vis: 6 199 2 0 = (2.51042e+08,0)
vis: 6 200 2 0 = (2.52001e+08,0)
vis: 6 201 2 0 = (2.51115e+08,0)
vis: 6 202 2 0 = (2.52514e+08,0)
vis: 6 203 2 0 = (2.47587e+08,0)
vis: 6 204 2 0 = (2.45668e+08,0)
vis: 6 205 2 0 = (2.42694e+08,0)
vis: 6 206 2 0 = (2.40567e+08,0)
vis: 6 207 2 0 = (2.43753e+08,0)
vis: 6 208 2 0 = (2.42534e+08,0)
vis: 6 209 2 0 = (2.47797e+08,0)
vis: 6 210 2 0 = (2.45009e+08,0)
vis: 6 211 2 0 = (2.43862e+08,0)
vis: 6 212 2 0 = (2.46296e+08,0)
vis: 6 213 2 0 = (2.4452e+08,0)
vis: 6 214 2 0 = (2.44882e+08,0)
vis: 6 215 2 0 = (2.44599e+08,0)
vis: 6 216 2 0 = (2.486e+08,0)
vis: 6 217 2 0 = (2.47004e+08,0)
vis: 6 218 2 0 = (2.42241e+08,0)
vis: 6 219 2 0 = (2.3672e+08,0)
vis: 6 220 2 0 = (2.384e+08,0)
vis: 6 221 2 0 = (2.34683e+08,0)
vis: 6 222 2 0 = (2.38507e+08,0)
vis: 6 223 2 0 = (2.30549e+08,0)
vis: 6 224 2 0 = (2.35863e+08,0)
vis: 6 225 2 0 = (2.38476e+08,0)
vis: 6 226 2 0 = (2.37158e+08,0)
vis: 6 227 2 0 = (2.33685e+08,0)
vis: 6 228 2 0 = (2.3317e+08,0)
vis: 6 229 2 0 = (2.3873e+08,0)
vis: 6 230 2 0 = (2.37185e+08,0)
vis: 6 231 2 0 = (2.33258e+08,0)
vis: 6 232 2 0 = (2.36863e+08,0)
vis: 6 233 2 0 = (2.31721e+08,0)
vis: 6 234 2 0 = (2.31313e+08,0)
vis: 6 235 2 0 = (2.2635e+08,0)
vis: 6 236 2 0 = (2.25866e+08,0)
vis: 6 237 2 0 = (2.26758e+08,0)
vis: 6 238 2 0 = (2.23689e+08,0)
vis: 6 239 2 0 = (2.20851e+08,0)
vis: 6 240 2 0 = (2.24126e+08,0)
vis: 6 241 2 0 = (2.18894e+08,0)
vis: 6 242 2 0 = (2.2182e+08,0)
vis: 6 243 2 0 = (2.23866e+08,0)
vis: 6 244 2 0 = (2.26998e+08,0)
vis: 6 245 2 0 = (2.28721e+08,0)
vis: 6 246 2 0 = (2.21671e+08,0)
vis: 6 247 2 0 = (2.21274e+08,0)
vis: 6 248 2 0 = (2.11305e+08,0)
vis: 6 249 2 0 = (2.07125e+08,0)
vis: 6 250 2 0 = (1.96025e+08,0)
vis: 6 251 2 0 = (1.84639e+08,0)
vis: 6 252 2 0 = (1.75373e+08,0)
vis: 6 253 2 0 = (1.65417e+08,0)
vis: 6 254 2 0 = (1.62408e+08,0)
vis: 7 0 2 0 = (1.65516e+08,0)
vis: 7 1 2 0 = (1.70986e+08,0)
vis: 7 2 2 0 = (1.79362e+08,0)
vis: 7 3 2 0 = (1.90381e+08,0)
vis: 7 4 2 0 = (2.0521e+08,0)
vis: 7 5 2 0 = (2.08683e+08,0)
vis: 7 6 2 0 = (2.18142e+08,0)
vis: 7 7 2 0 = (2.23504e+08,0)
vis: 7 8 2 0 = (2.31375e+08,0)
vis: 7 9 2 0 = (2.30437e+08,0)
vis: 7 10 2 0 = (2.32101e+08,0)
vis: 7 11 2 0 = (2.3076e+08,0)
vis: 7 12 2 0 = (2.31108e+08,0)
vis: 7 13 2 0 = (2.25611e+08,0)
vis: 7 14 2 0 = (2.2795e+08,0)
vis: 7 15 2 0 = (2.23428e+08,0)
vis: 7 16 2 0 = (2.25501e+08,0)
vis: 7 17 2 0 = (2.29561e+08,0)
vis: 7 18 2 0 = (2.30493e+08,0)
vis: 7 19 2 0 = (2.31694e+08,0)
vis: 7 20 2 0 = (2.33096e+08,0)
vis: 7 21 2 0 = (2.36635e+08,0)
vis: 7 22 2 0 = (2.37037e+08,0)
vis: 7 23 2 0 = (2.36989e+08,0)
vis: 7 24 2 0 = (2.38176e+08,0)
vis: 7 25 2 0 = (2.40671e+08,0)
vis: 7 26 2 0 = (2.38684e+08,0)
vis: 7 27 2 0 = (2.39423e+08,0)
vis: 7 28 2 0 = (2.36095e+08,0)
vis: 7 29 2 0 = (2.3572e+08,0)
vis: 7 30 2 0 = (2.38806e+08,0)
vis: 7 31 2 0 = (2.34324e+08,0)
vis: 7 32 2 0 = (2.33361e+08,0)
vis: 7 33 2 0 = (2.36689e+08,0)
vis: 7 34 2 0 = (2.39652e+08,0)
vis: 7 35 2 0 = (2.39957e+08,0)
vis: 7 36 2 0 = (2.41647e+08,0)
vis: 7 37 2 0 = (2.45778e+08,0)
vis: 7 38 2 0 = (2.47554e+08,0)
vis: 7 39 2 0 = (2.44448e+08,0)
vis: 7 40 2 0 = (2.45e+08,0)
vis: 7 41 2 0 = (2.4779e+08,0)
vis: 7 42 2 0 = (2.43882e+08,0)
vis: 7 43 2 0 = (2.42206e+08,0)
vis: 7 44 2 0 = (2.42008e+08,0)
vis: 7 45 2 0 = (2.40938e+08,0)
vis: 7 46 2 0 = (2.40733e+08,0)
vis: 7 47 2 0 = (2.42747e+08,0)
vis: 7 48 2 0 = (2.43039e+08,0)
vis: 7 49 2 0 = (2.46755e+08,0)
vis: 7 50 2 0 = (2.46066e+08,0)
vis: 7 51 2 0 = (2.41369e+08,0)
vis: 7 52 2 0 = (2.46151e+08,0)
vis: 7 53 2 0 = (2.52379e+08,0)
vis: 7 54 2 0 = (2.52855e+08,0)
vis: 7 55 2 0 = (2.52402e+08,0)
vis: 7 56 2 0 = (2.50066e+08,0)
vis: 7 57 2 0 = (2.5128e+08,0)
vis: 7 58 2 0 = (2.51079e+08,0)
vis: 7 59 2 0 = (2.5342e+08,0)
vis: 7 60 2 0 = (2.48266e+08,0)
vis: 7 61 2 0 = (2.4661e+08,0)
vis: 7 62 2 0 = (2.47091e+08,0)
vis: 7 63 2 0 = (2.46382e+08,0)
vis: 7 64 2 0 = (2.49302e+08,0)
vis: 7 65 2 0 = (2.52479e+08,0)
vis: 7 66 2 0 = (2.52786e+08,0)
vis: 7 67 2 0 = (2.56929e+08,0)
vis: 7 68 2 0 = (2.53758e+08,0)
vis: 7 69 2 0 = (2.52239e+08,0)
vis: 7 70 2 0 = (2.60402e+08,0)
vis: 7 71 2 0 = (2.569e+08,0)
vis: 7 72 2 0 = (2.61119e+08,0)
vis: 7 73 2 0 = (2.51649e+08,0)
vis: 7 74 2 0 = (2.58478e+08,0)
vis: 7 75 2 0 = (2.56983e+08,0)
vis: 7 76 2 0 = (2.5329e+08,0)
vis: 7 77 2 0 = (2.54759e+08,0)
vis: 7 78 2 0 = (2.5424e+08,0)
vis: 7 79 2 0 = (2.54147e+08,0)
vis: 7 80 2 0 = (2.52798e+08,0)
vis: 7 81 2 0 = (2.57788e+08,0)
vis: 7 82 2 0 = (2.56194e+08,0)
vis: 7 83 2 0 = (2.58032e+08,0)
vis: 7 84 2 0 = (2.618e+08,0)
vis: 7 85 2 0 = (2.654e+08,0)
vis: 7 86 2 0 = (2.58691e+08,0)
vis: 7 87 2 0 = (2.63991e+08,0)
vis: 7 88 2 0 = (2.64173e+08,0)
vis: 7 89 2 0 = (2.61494e+08,0)
vis: 7 90 2 0 = (2.58495e+08,0)
vis: 7 91 2 0 = (2.54496e+08,0)
vis: 7 92 2 0 = (2.59906e+08,0)
vis: 7 93 2 0 = (2.59028e+08,0)
vis: 7 94 2 0 = (2.58855e+08,0)
vis: 7 95 2 0 = (2.57298e+08,0)
vis: 7 96 2 0 = (2.58832e+08,0)
vis: 7 97 2 0 = (2.63633e+08,0)
vis: 7 98 2 0 = (2.61165e+08,0)
vis: 7 99 2 0 = (2.62756e+08,0)
vis: 7 100 2 0 = (2.60609e+08,0)
vis: 7 101 2 0 = (2.67324e+08,0)
vis: 7 102 2 0 = (2.68854e+08,0)
vis: 7 103 2 0 = (2.63613e+08,0)
vis: 7 104 2 0 = (2.6378e+08,0)
vis: 7 105 2 0 = (2.60902e+08,0)
vis: 7 106 2 0 = (2.60652e+08,0)
vis: 7 107 2 0 = (2.61774e+08,0)
vis: 7 108 2 0 = (2.65535e+08,0)
vis: 7 109 2 0 = (2.61563e+08,0)
vis: 7 110 2 0 = (2.60335e+08,0)
vis: 7 111 2 0 = (2.65477e+08,0)
vis: 7 112 2 0 = (2.65974e+08,0)
vis: 7 113 2 0 = (2.62772e+08,0)
vis: 7 114 2 0 = (2.59986e+08,0)
vis: 7 115 2 0 = (2.606e+08,0)
vis: 7 116 2 0 = (2.58238e+08,0)
vis: 7 117 2 0 = (2.52151e+08,0)
vis: 7 118 2 0 = (2.48212e+08,0)
vis: 7 119 2 0 = (2.40078e+08,0)
vis: 7 120 2 0 = (2.30405e+08,0)
vis: 7 121 2 0 = (2.24406e+08,0)
vis: 7 122 2 0 = (2.16052e+08,0)
vis: 7 123 2 0 = (2.01608e+08,0)
vis: 7 124 2 0 = (1.97841e+08,0)
vis: 7 125 2 0 = (1.92144e+08,0)
vis: 7 126 2 0 = (1.84908e+08,0)
vis: 7 128 2 0 = (1.84516e+08,0)
vis: 7 129 2 0 = (1.88514e+08,0)
vis: 7 130 2 0 = (1.95559e+08,0)
vis: 7 131 2 0 = (2.03088e+08,0)
vis: 7 132 2 0 = (2.16223e+08,0)
vis: 7 133 2 0 = (2.22618e+08,0)
vis: 7 134 2 0 = (2.32435e+08,0)
vis: 7 135 2 0 = (2.4485e+08,0)
vis: 7 136 2 0 = (2.49285e+08,0)
vis: 7 137 2 0 = (2.54294e+08,0)
vis: 7 138 2 0 = (2.56248e+08,0)
vis: 7 139 2 0 = (2.62115e+08,0)
vis: 7 140 2 0 = (2.60442e+08,0)
vis: 7 141 2 0 = (2.6399e+08,0)
vis: 7 142 2 0 = (2.61523e+08,0)
vis: 7 143 2 0 = (2.64718e+08,0)
vis: 7 144 2 0 = (2.6543e+08,0)
vis: 7 145 2 0 = (2.59382e+08,0)
vis: 7 146 2 0 = (2.64843e+08,0)
vis: 7 147 2 0 = (2.62031e+08,0)
vis: 7 148 2 0 = (2.59428e+08,0)
vis: 7 149 2 0 = (2.64657e+08,0)
vis: 7 150 2 0 = (2.6535e+08,0)
vis: 7 151 2 0 = (2.66178e+08,0)
vis: 7 152 2 0 = (2.70555e+08,0)
vis: 7 153 2 0 = (2.6417e+08,0)
vis: 7 154 2 0 = (2.62128e+08,0)
vis: 7 155 2 0 = (2.63639e+08,0)
vis: 7 156 2 0 = (2.60922e+08,0)
vis: 7 157 2 0 = (2.61714e+08,0)
vis: 7 158 2 0 = (2.57994e+08,0)
vis: 7 159 2 0 = (2.6101e+08,0)
vis: 7 160 2 0 = (2.57357e+08,0)
vis: 7 161 2 0 = (2.59399e+08,0)
vis: 7 162 2 0 = (2.59755e+08,0)
vis: 7 163 2 0 = (2.57022e+08,0)
vis: 7 164 2 0 = (2.61946e+08,0)
vis: 7 165 2 0 = (2.57282e+08,0)
vis: 7 166 2 0 = (2.64035e+08,0)
vis: 7 167 2 0 = (2.6417e+08,0)
vis: 7 168 2 0 = (2.60041e+08,0)
vis: 7 169 2 0 = (2.58425e+08,0)
vis: 7 170 2 0 = (2.6211e+08,0)
vis: 7 171 2 0 = (2.59334e+08,0)
vis: 7 172 2 0 = (2.54995e+08,0)
vis: 7 173 2 0 = (2.55519e+08,0)
vis: 7 174 2 0 = (2.5019e+08,0)
vis: 7 175 2 0 = (2.54938e+08,0)
vis: 7 176 2 0 = (2.53563e+08,0)
vis: 7 177 2 0 = (2.52323e+08,0)
vis: 7 178 2 0 = (2.56469e+08,0)
vis: 7 179 2 0 = (2.57369e+08,0)
vis: 7 180 2 0 = (2.53543e+08,0)
vis: 7 181 2 0 = (2.49679e+08,0)
vis: 7 182 2 0 = (2.59055e+08,0)
vis: 7 183 2 0 = (2.56634e+08,0)
vis: 7 184 2 0 = (2.58602e+08,0)
vis: 7 185 2 0 = (2.53662e+08,0)
vis: 7 186 2 0 = (2.539e+08,0)
vis: 7 187 2 0 = (2.61454e+08,0)
vis: 7 188 2 0 = (2.50463e+08,0)
vis: 7 189 2 0 = (2.52983e+08,0)
vis: 7 190 2 0 = (2.46686e+08,0)
vis: 7 191 2 0 = (2.52665e+08,0)
vis: 7 192 2 0 = (2.4608e+08,0)
vis: 7 193 2 0 = (2.4428e+08,0)
vis: 7 194 2 0 = (2.5289e+08,0)
vis: 7 195 2 0 = (2.51022e+08,0)
vis: 7 196 2 0 = (2.49565e+08,0)
vis: 7 197 2 0 = (2.49248e+08,0)
vis: 7 198 2 0 = (2.51386e+08,0)
vis: 7 199 2 0 = (2.52024e+08,0)
vis: 7 200 2 0 = (2.52488e+08,0)
vis: 7 201 2 0 = (2.46574e+08,0)
vis: 7 202 2 0 = (2.45828e+08,0)
vis: 7 203 2 0 = (2.4269e+08,0)
vis: 7 204 2 0 = (2.44749e+08,0)
vis: 7 205 2 0 = (2.45812e+08,0)
vis: 7 206 2 0 = (2.43741e+08,0)
vis: 7 207 2 0 = (2.40813e+08,0)
vis: 7 208 2 0 = (2.40256e+08,0)
vis: 7 209 2 0 = (2.41942e+08,0)
vis: 7 210 2 0 = (2.42902e+08,0)
vis: 7 211 2 0 = (2.44164e+08,0)
vis: 7 212 2 0 = (2.41185e+08,0)
vis: 7 213 2 0 = (2.47126e+08,0)
vis: 7 214 2 0 = (2.48871e+08,0)
vis: 7 215 2 0 = (2.51856e+08,0)
vis: 7 216 2 0 = (2.48299e+08,0)
vis: 7 217 2 0 = (2.4532e+08,0)
vis: 7 218 2 0 = (2.41024e+08,0)
vis: 7 219 2 0 = (2.47403e+08,0)
vis: 7 220 2 0 = (2.38606e+08,0)
vis: 7 221 2 0 = (2.40021e+08,0)
vis: 7 222 2 0 = (2.35867e+08,0)
vis: 7 223 2 0 = (2.36391e+08,0)
vis: 7 224 2 0 = (2.37373e+08,0)
vis: 7 225 2 0 = (2.34347e+08,0)
vis: 7 226 2 0 = (2.34704e+08,0)
vis: 7 227 2 0 = (2.41343e+08,0)
vis: 7 228 2 0 = (2.38639e+08,0)
vis: 7 229 2 0 = (2.37273e+08,0)
vis: 7 230 2 0 = (2.39119e+08,0)
vis: 7 231 2 0 = (2.38947e+08,0)
vis: 7 232 2 0 = (2.39162e+08,0)
vis: 7 233 2 0 = (2.35614e+08,0)
vis: 7 234 2 0 = (2.35037e+08,0)
vis: 7 235 2 0 = (2.2968e+08,0)
vis: 7 236 2 0 = (2.27317e+08,0)
vis: 7 237 2 0 = (2.30782e+08,0)
vis: 7 238 2 0 = (2.27147e+08,0)
vis: 7 239 2 0 = (2.22885e+08,0)
vis: 7 240 2 0 = (2.27276e+08,0)
vis: 7 241 2 0 = (2.25324e+08,0)
vis: 7 242 2 0 = (2.30138e+08,0)
vis: 7 243 2 0 = (2.27208e+08,0)
vis: 7 244 2 0 = (2.31205e+08,0)
vis: 7 245 2 0 = (2.32803e+08,0)
vis: 7 246 2 0 = (2.28347e+08,0)
vis: 7 247 2 0 = (2.24218e+08,0)
vis: 7 248 2 0 = (2.18599e+08,0)
vis: 7 249 2 0 = (2.06333e+08,0)
vis: 7 250 2 0 = (1.99767e+08,0)
vis: 7 251 2 0 = (1.92249e+08,0)
vis: 7 252 2 0 = (1.79284e+08,0)
vis: 7 253 2 0 = (1.68613e+08,0)
vis: 7 254 2 0 = (1.65138e+08,0)
