vis: 0 0 1 0 = (884.121,0)
vis: 0 1 1 0 = (936.771,0)
vis: 0 2 1 0 = (1038.44,0)
vis: 0 3 1 0 = (1114.83,0)
vis: 0 4 1 0 = (1236.56,0)
vis: 0 5 1 0 = (1325.33,0)
vis: 0 6 1 0 = (1417.02,0)
vis: 0 7 1 0 = (1465.82,0)
vis: 0 8 1 0 = (1533.82,0)
vis: 0 9 1 0 = (1602.83,0)
vis: 0 10 1 0 = (1570.17,0)
vis: 0 11 1 0 = (1590.85,0)
vis: 0 12 1 0 = (1565.9,0)
vis: 0 13 1 0 = (1595.45,0)
vis: 0 14 1 0 = (1537.55,0)
vis: 0 15 1 0 = (1560.31,0)
vis: 0 16 1 0 = (1587.65,0)
vis: 0 17 1 0 = (1592.62,0)
vis: 0 18 1 0 = (1634.05,0)
vis: 0 19 1 0 = (1640.9,0)
vis: 0 20 1 0 = (1673.82,0)
vis: 0 21 1 0 = (1730.37,0)
vis: 0 22 1 0 = (1761.41,0)
vis: 0 23 1 0 = (1802.91,0)
vis: 0 24 1 0 = (1798.03,0)
vis: 0 25 1 0 = (1781.09,0)
vis: 0 26 1 0 = (1812.59,0)
vis: 0 27 1 0 = (1807.01,0)
vis: 0 28 1 0 = (1806.6,0)
vis: 0 29 1 0 = (1826.33,0)
vis: 0 30 1 0 = (1824.59,0)
vis: 0 31 1 0 = (1828.18,0)
vis: 0 32 1 0 = (1833.74,0)
vis: 0 33 1 0 = (1863.61,0)
vis: 0 34 1 0 = (1866.38,0)
vis: 0 35 1 0 = (1892.64,0)
vis: 0 36 1 0 = (1913.95,0)
vis: 0 37 1 0 = (1942.79,0)
vis: 0 38 1 0 = (1973.71,0)
vis: 0 39 1 0 = (1967.97,0)
vis: 0 40 1 0 = (1952.34,0)
vis: 0 41 1 0 = (1968.34,0)
vis: 0 42 1 0 = (1928.99,0)
vis: 0 43 1 0 = (1930.07,0)
vis: 0 44 1 0 = (1941.88,0)
vis: 0 45 1 0 = (1949.27,0)
vis: 0 46 1 0 = (1919.73,0)
vis: 0 47 1 0 = (1982.11,0)
vis: 0 48 1 0 = (1939.17,0)
vis: 0 49 1 0 = (1928.72,0)
vis: 0 50 1 0 = (1967.93,0)
vis: 0 51 1 0 = (1966.15,0)
vis: 0 52 1 0 = (2005.08,0)
vis: 0 53 1 0 = (1970.9,0)
vis: 0 54 1 0 = (2003.86,0)
vis: 0 55 1 0 = (1996.68,0)
vis: 0 56 1 0 = (2025.57,0)
vis: 0 57 1 0 = (1988.27,0)
vis: 0 58 1 0 = (2015.8,0)
vis: 0 59 1 0 = (1999.06,0)
vis: 0 60 1 0 = (2023.43,0)
vis: 0 61 1 0 = (2038.84,0)
vis: 0 62 1 0 = (2010.69,0)
vis: 0 63 1 0 = (2025.94,0)
vis: 0 64 1 0 = (2002.53,0)
vis: 0 65 1 0 = (1954.39,0)
vis: 0 66 1 0 = (2009.5,0)
vis: 0 67 1 0 = (2043.65,0)
vis: 0 68 1 0 = (2059.67,0)
vis: 0 69 1 0 = (2043.51,0)
vis: 0 70 1 0 = (2040.46,0)
vis: 0 71 1 0 = (2072.9,0)
vis: 0 72 1 0 = (2023.04,0)
vis: 0 73 1 0 = (2059.05,0)
vis: 0 74 1 0 = (2053.68,0)
vis: 0 75 1 0 = (2058.89,0)
vis: 0 76 1 0 = (2026.03,0)
vis: 0 77 1 0 = (2035.53,0)
vis: 0 78 1 0 = (2067.57,0)
vis: 0 79 1 0 = (2037.77,0)
vis: 0 80 1 0 = (2056.73,0)
vis: 0 81 1 0 = (2098.2,0)
vis: 0 82 1 0 = (2073.3,0)
vis: 0 83 1 0 = (2088.65,0)
vis: 0 84 1 0 = (2096.43,0)
vis: 0 85 1 0 = (2091.45,0)
vis: 0 86 1 0 = (2117.27,0)
vis: 0 87 1 0 = (2114.03,0)
vis: 0 88 1 0 = (2084.09,0)
vis: 0 89 1 0 = (2114.16,0)
vis: 0 90 1 0 = (2108.3,0)
vis: 0 91 1 0 = (2062.53,0)
vis: 0 92 1 0 = (2093.44,0)
vis: 0 93 1 0 = (2059.77,0)
vis: 0 94 1 0 = (2052.22,0)
vis: 0 95 1 0 = (2048.53,0)
vis: 0 96 1 0 = (2069.37,0)
vis: 0 97 1 0 = (2062.13,0)
vis: 0 98 1 0 = (2056.68,0)
vis: 0 99 1 0 = (2076.37,0)
vis: 0 100 1 0 = (2065.79,0)
vis: 0 101 1 0 = (2080.07,0)
vis: 0 102 1 0 = (2071.24,0)
vis: 0 103 1 0 = (2097.44,0)
vis: 0 104 1 0 = (2058.56,0)
vis: 0 105 1 0 = (2073.87,0)
vis: 0 106 1 0 = (2044.19,0)
vis: 0 107 1 0 = (2082.97,0)
vis: 0 108 1 0 = (2051.19,0)
vis: 0 109 1 0 = (2001.56,0)
vis: 0 110 1 0 = (2032.46,0)
vis: 0 111 1 0 = (2011.21,0)
vis: 0 112 1 0 = (1964.87,0)
vis: 0 113 1 0 = (2013.32,0)
vis: 0 114 1 0 = (2020.42,0)
vis: 0 115 1 0 = (1987.98,0)
vis: 0 116 1 0 = (1928.74,0)
vis: 0 117 1 0 = (1878.33,0)
vis: 0 118 1 0 = (1815.41,0)
vis: 0 119 1 0 = (1732.88,0)
vis: 0 120 1 0 = (1627.8,0)
vis: 0 121 1 0 = (1544.68,0)
vis: 0 122 1 0 = (1455.97,0)
vis: 0 123 1 0 = (1351.43,0)
vis: 0 124 1 0 = (1272.33,0)
vis: 0 125 1 0 = (1187.7,0)
vis: 0 126 1 0 = (1142.81,0)
vis: 0 127 1 0 = (2438.08,0)
vis: 0 128 1 0 = (1142.81,0)
vis: 0 129 1 0 = (1187.7,0)
vis: 0 130 1 0 = (1272.33,0)
vis: 0 131 1 0 = (1351.43,0)
vis: 0 132 1 0 = (1455.97,0)
vis: 0 133 1 0 = (1544.68,0)
vis: 0 134 1 0 = (1627.8,0)
vis: 0 135 1 0 = (1732.88,0)
vis: 0 136 1 0 = (1815.41,0)
vis: 0 137 1 0 = (1878.33,0)
vis: 0 138 1 0 = (1928.74,0)
vis: 0 139 1 0 = (1987.98,0)
vis: 0 140 1 0 = (2020.42,0)
vis: 0 141 1 0 = (2013.32,0)
vis: 0 142 1 0 = (1964.87,0)
vis: 0 143 1 0 = (2011.21,0)
vis: 0 144 1 0 = (2032.46,0)
vis: 0 145 1 0 = (2001.55,0)
vis: 0 146 1 0 = (2051.19,0)
vis: 0 147 1 0 = (2082.97,0)
vis: 0 148 1 0 = (2044.19,0)
vis: 0 149 1 0 = (2073.87,0)
vis: 0 150 1 0 = (2058.56,0)
vis: 0 151 1 0 = (2097.44,0)
vis: 0 152 1 0 = (2071.24,0)
vis: 0 153 1 0 = (2080.07,0)
vis: 0 154 1 0 = (2065.79,0)
vis: 0 155 1 0 = (2076.37,0)
vis: 0 156 1 0 = (2056.68,0)
vis: 0 157 1 0 = (2062.13,0)
vis: 0 158 1 0 = (2069.37,0)
vis: 0 159 1 0 = (2048.53,0)
vis: 0 160 1 0 = (2052.22,0)
vis: 0 161 1 0 = (2059.77,0)
vis: 0 162 1 0 = (2093.44,0)
vis: 0 163 1 0 = (2062.53,0)
vis: 0 164 1 0 = (2108.3,0)
vis: 0 165 1 0 = (2114.16,0)
vis: 0 166 1 0 = (2084.09,0)
vis: 0 167 1 0 = (2114.03,0)
vis: 0 168 1 0 = (2117.27,0)
vis: 0 169 1 0 = (2091.45,0)
vis: 0 170 1 0 = (2096.43,0)
vis: 0 171 1 0 = (2088.65,0)
vis: 0 172 1 0 = (2073.3,0)
vis: 0 173 1 0 = (2098.2,0)
vis: 0 174 1 0 = (2056.73,0)
vis: 0 175 1 0 = (2037.77,0)
vis: 0 176 1 0 = (2067.57,0)
vis: 0 177 1 0 = (2035.53,0)
vis: 0 178 1 0 = (2026.03,0)
vis: 0 179 1 0 = (2058.89,0)
vis: 0 180 1 0 = (2053.68,0)
vis: 0 181 1 0 = (2059.05,0)
vis: 0 182 1 0 = (2023.04,0)
vis: 0 183 1 0 = (2072.9,0)
vis: 0 184 1 0 = (2040.46,0)
vis: 0 185 1 0 = (2043.51,0)
vis: 0 186 1 0 = (2059.67,0)
vis: 0 187 1 0 = (2043.65,0)
vis: 0 188 1 0 = (2009.5,0)
vis: 0 189 1 0 = (1954.39,0)
vis: 0 190 1 0 = (2002.53,0)
vis: 0 191 1 0 = (2025.94,0)
vis: 0 192 1 0 = (2010.69,0)
vis: 0 193 1 0 = (2038.84,0)
vis: 0 194 1 0 = (2023.43,0)
vis: 0 195 1 0 = (1999.06,0)
vis: 0 196 1 0 = (2015.8,0)
vis: 0 197 1 0 = (1988.27,0)
vis: 0 198 1 0 = (2025.57,0)
vis: 0 199 1 0 = (1996.68,0)
vis: 0 200 1 0 = (2003.86,0)
vis: 0 201 1 0 = (1970.9,0)
vis: 0 202 1 0 = (2005.08,0)
vis: 0 203 1 0 = (1966.15,0)
vis: 0 204 1 0 = (1967.94,0)
vis: 0 205 1 0 = (1928.72,0)
vis: 0 206 1 0 = (1939.17,0)
vis: 0 207 1 0 = (1982.11,0)
vis: 0 208 1 0 = (1919.73,0)
vis: 0 209 1 0 = (1949.27,0)
vis: 0 210 1 0 = (1941.88,0)
vis: 0 211 1 0 = (1930.07,0)
vis: 0 212 1 0 = (1928.99,0)
vis: 0 213 1 0 = (1968.34,0)
vis: 0 214 1 0 = (1952.34,0)
vis: 0 215 1 0 = (1967.97,0)
vis: 0 216 1 0 = (1973.71,0)
vis: 0 217 1 0 = (1942.79,0)
vis: 0 218 1 0 = (1913.95,0)
vis: 0 219 1 0 = (1892.64,0)
vis: 0 220 1 0 = (1866.38,0)
vis: 0 221 1 0 = (1863.61,0)
vis: 0 222 1 0 = (1833.74,0)
vis: 0 223 1 0 = (1828.18,0)
vis: 0 224 1 0 = (1824.59,0)
vis: 0 225 1 0 = (1826.33,0)
vis: 0 226 1 0 = (1806.6,0)
vis: 0 227 1 0 = (1807.01,0)
vis: 0 228 1 0 = (1812.59,0)
vis: 0 229 1 0 = (1781.09,0)
vis: 0 230 1 0 = (1798.03,0)
vis: 0 231 1 0 = (1802.91,0)
vis: 0 232 1 0 = (1761.41,0)
vis: 0 233 1 0 = (1730.37,0)
vis: 0 234 1 0 = (1673.82,0)
vis: 0 235 1 0 = (1640.9,0)
vis: 0 236 1 0 = (1634.05,0)
vis: 0 237 1 0 = (1592.62,0)
vis: 0 238 1 0 = (1587.65,0)
vis: 0 239 1 0 = (1560.31,0)
vis: 0 240 1 0 = (1537.55,0)
vis: 0 241 1 0 = (1595.45,0)
vis: 0 242 1 0 = (1565.9,0)
vis: 0 243 1 0 = (1590.85,0)
vis: 0 244 1 0 = (1570.17,0)
vis: 0 245 1 0 = (1602.83,0)
vis: 0 246 1 0 = (1533.82,0)
vis: 0 247 1 0 = (1465.82,0)
vis: 0 248 1 0 = (1417.02,0)
vis: 0 249 1 0 = (1325.33,0)
vis: 0 250 1 0 = (1236.56,0)
vis: 0 251 1 0 = (1114.84,0)
vis: 0 252 1 0 = (1038.44,0)
vis: 0 253 1 0 = (936.771,0)
vis: 0 254 1 0 = (884.12,0)
vis: 1 0 1 0 = (776.697,0)
vis: 1 1 1 0 = (860.842,0)
vis: 1 2 1 0 = (953.107,0)
vis: 1 3 1 0 = (1085.62,0)
vis: 1 4 1 0 = (1204.54,0)
vis: 1 5 1 0 = (1321.33,0)
vis: 1 6 1 0 = (1441.66,0)
vis: 1 7 1 0 = (1527.48,0)
vis: 1 8 1 0 = (1562.36,0)
vis: 1 9 1 0 = (1601.44,0)
vis: 1 10 1 0 = (1606.54,0)
vis: 1 11 1 0 = (1625.59,0)
vis: 1 12 1 0 = (1636.54,0)
vis: 1 13 1 0 = (1592.96,0)
vis: 1 14 1 0 = (1595.37,0)
vis: 1 15 1 0 = (1629.05,0)
vis: 1 16 1 0 = (1629.99,0)
vis: 1 17 1 0 = (1630.07,0)
vis: 1 18 1 0 = (1631.23,0)
vis: 1 19 1 0 = (1666.15,0)
vis: 1 20 1 0 = (1681.33,0)
vis: 1 21 1 0 = (1644.91,0)
vis: 1 22 1 0 = (1673.39,0)
vis: 1 23 1 0 = (1680.61,0)
vis: 1 24 1 0 = (1694.82,0)
vis: 1 25 1 0 = (1653.3,0)
vis: 1 26 1 0 = (1642.47,0)
vis: 1 27 1 0 = (1662.15,0)
vis: 1 28 1 0 = (1626.34,0)
vis: 1 29 1 0 = (1632.11,0)
vis: 1 30 1 0 = (1633.46,0)
vis: 1 31 1 0 = (1625.8,0)
vis: 1 32 1 0 = (1649.64,0)
vis: 1 33 1 0 = (1627.5,0)
vis: 1 34 1 0 = (1694.71,0)
vis: 1 35 1 0 = (1667.47,0)
vis: 1 36 1 0 = (1693.32,0)
vis: 1 37 1 0 = (1727.12,0)
vis: 1 38 1 0 = (1740.22,0)
vis: 1 39 1 0 = (1729.06,0)
vis: 1 40 1 0 = (1734.99,0)
vis: 1 41 1 0 = (1740.17,0)
vis: 1 42 1 0 = (1725.91,0)
vis: 1 43 1 0 = (1766.73,0)
vis: 1 44 1 0 = (1741.47,0)
vis: 1 45 1 0 = (1753.29,0)
vis: 1 46 1 0 = (1780.74,0)
vis: 1 47 1 0 = (1736.44,0)
vis: 1 48 1 0 = (1771.89,0)
vis: 1 49 1 0 = (1793.07,0)
vis: 1 50 1 0 = (1789.72,0)
vis: 1 51 1 0 = (1789.1,0)
vis: 1 52 1 0 = (1825.36,0)
vis: 1 53 1 0 = (1848.35,0)
vis: 1 54 1 0 = (1855.64,0)
vis: 1 55 1 0 = (1863.85,0)
vis: 1 56 1 0 = (1876.36,0)
vis: 1 57 1 0 = (1870.89,0)
vis: 1 58 1 0 = (1883.97,0)
vis: 1 59 1 0 = (1842.88,0)
vis: 1 60 1 0 = (1860.8,0)
vis: 1 61 1 0 = (1834.76,0)
vis: 1 62 1 0 = (1815.01,0)
vis: 1 63 1 0 = (1861.16,0)
vis: 1 64 1 0 = (1856.48,0)
vis: 1 65 1 0 = (1884.28,0)
vis: 1 66 1 0 = (1886.78,0)
vis: 1 67 1 0 = (1951.49,0)
vis: 1 68 1 0 = (1945.69,0)
vis: 1 69 1 0 = (1971.84,0)
vis: 1 70 1 0 = (1965.04,0)
vis: 1 71 1 0 = (2017.13,0)
vis: 1 72 1 0 = (2015.31,0)
vis: 1 73 1 0 = (2010.42,0)
vis: 1 74 1 0 = (2006.47,0)
vis: 1 75 1 0 = (2024.26,0)
vis: 1 76 1 0 = (2007.02,0)
vis: 1 77 1 0 = (2020.46,0)
vis: 1 78 1 0 = (2011.01,0)
vis: 1 79 1 0 = (2042.29,0)
vis: 1 80 1 0 = (2050.33,0)
vis: 1 81 1 0 = (2055.04,0)
vis: 1 82 1 0 = (2099.61,0)
vis: 1 83 1 0 = (2081.55,0)
vis: 1 84 1 0 = (2095.82,0)
vis: 1 85 1 0 = (2144.62,0)
vis: 1 86 1 0 = (2144.11,0)
vis: 1 87 1 0 = (2133.98,0)
vis: 1 88 1 0 = (2124.29,0)
vis: 1 89 1 0 = (2143.98,0)
vis: 1 90 1 0 = (2144.49,0)
vis: 1 91 1 0 = (2177.81,0)
vis: 1 92 1 0 = (2172.09,0)
vis: 1 93 1 0 = (2139.67,0)
vis: 1 94 1 0 = (2150.6,0)
vis: 1 95 1 0 = (2175.64,0)
vis: 1 96 1 0 = (2234.43,0)
vis: 1 97 1 0 = (2239.18,0)
vis: 1 98 1 0 = (2244.85,0)
vis: 1 99 1 0 = (2254.33,0)
vis: 1 100 1 0 = (2254.11,0)
vis: 1 101 1 0 = (2318.97,0)
vis: 1 102 1 0 = (2324.03,0)
vis: 1 103 1 0 = (2382.32,0)
vis: 1 104 1 0 = (2366.96,0)
vis: 1 105 1 0 = (2400.73,0)
vis: 1 106 1 0 = (2372.42,0)
vis: 1 107 1 0 = (2390.68,0)
vis: 1 108 1 0 = (2366.77,0)
vis: 1 109 1 0 = (2383.86,0)
vis: 1 110 1 0 = (2366.15,0)
vis: 1 111 1 0 = (2407.22,0)
vis: 1 112 1 0 = (2340.62,0)
vis: 1 113 1 0 = (2380.06,0)
vis: 1 114 1 0 = (2354.06,0)
vis: 1 115 1 0 = (2355.77,0)
vis: 1 116 1 0 = (2370.8,0)
vis: 1 117 1 0 = (2245.9,0)
vis: 1 118 1 0 = (2218.36,0)
vis: 1 119 1 0 = (2106.88,0)
vis: 1 120 1 0 = (2000.03,0)
vis: 1 121 1 0 = (1839.49,0)
vis: 1 122 1 0 = (1746.01,0)
vis: 1 123 1 0 = (1587.39,0)
vis: 1 124 1 0 = (1458.29,0)
vis: 1 125 1 0 = (1370.88,0)
vis: 1 126 1 0 = (1327.04,0)
vis: 1 127 1 0 = (1389.24,0)
vis: 1 128 1 0 = (1327.04,0)
vis: 1 129 1 0 = (1370.88,0)
vis: 1 130 1 0 = (1458.29,0)
vis: 1 131 1 0 = (1587.39,0)
vis: 1 132 1 0 = (1746.01,0)
vis: 1 133 1 0 = (1839.49,0)
vis: 1 134 1 0 = (2000.03,0)
vis: 1 135 1 0 = (2106.88,0)
vis: 1 136 1 0 = (2218.36,0)
vis: 1 137 1 0 = (2245.9,0)
vis: 1 138 1 0 = (2370.8,0)
vis: 1 139 1 0 = (2355.77,0)
vis: 1 140 1 0 = (2354.06,0)
vis: 1 141 1 0 = (2380.06,0)
vis: 1 142 1 0 = (2340.62,0)
vis: 1 143 1 0 = (2407.22,0)
vis: 1 144 1 0 = (2366.15,0)
vis: 1 145 1 0 = (2383.86,0)
vis: 1 146 1 0 = (2366.77,0)
vis: 1 147 1 0 = (2390.68,0)
vis: 1 148 1 0 = (2372.42,0)
vis: 1 149 1 0 = (2400.73,0)
vis: 1 150 1 0 = (2366.96,0)
vis: 1 151 1 0 = (2382.32,0)
vis: 1 152 1 0 = (2324.03,0)
vis: 1 153 1 0 = (2318.97,0)
vis: 1 154 1 0 = (2254.11,0)
vis: 1 155 1 0 = (2254.33,0)
vis: 1 156 1 0 = (2244.84,0)
vis: 1 157 1 0 = (2239.18,0)
vis: 1 158 1 0 = (2234.43,0)
vis: 1 159 1 0 = (2175.64,0)
vis: 1 160 1 0 = (2150.6,0)
vis: 1 161 1 0 = (2139.67,0)
vis: 1 162 1 0 = (2172.09,0)
vis: 1 163 1 0 = (2177.81,0)
vis: 1 164 1 0 = (2144.49,0)
vis: 1 165 1 0 = (2143.98,0)
vis: 1 166 1 0 = (2124.29,0)
vis: 1 167 1 0 = (2133.98,0)
vis: 1 168 1 0 = (2144.11,0)
vis: 1 169 1 0 = (2144.62,0)
vis: 1 170 1 0 = (2095.82,0)
vis: 1 171 1 0 = (2081.55,0)
vis: 1 172 1 0 = (2099.61,0)
vis: 1 173 1 0 = (2055.04,0)
vis: 1 174 1 0 = (2050.33,0)
vis: 1 175 1 0 = (2042.29,0)
vis: 1 176 1 0 = (2011.01,0)
vis: 1 177 1 0 = (2020.46,0)
vis: 1 178 1 0 = (2007.02,0)
vis: 1 179 1 0 = (2024.27,0)
vis: 1 180 1 0 = (2006.47,0)
vis: 1 181 1 0 = (2010.42,0)
vis: 1 182 1 0 = (2015.31,0)
vis: 1 183 1 0 = (2017.13,0)
vis: 1 184 1 0 = (1965.04,0)
vis: 1 185 1 0 = (1971.84,0)
vis: 1 186 1 0 = (1945.69,0)
vis: 1 187 1 0 = (1951.49,0)
vis: 1 188 1 0 = (1886.78,0)
vis: 1 189 1 0 = (1884.28,0)
vis: 1 190 1 0 = (1856.48,0)
vis: 1 191 1 0 = (1861.16,0)
vis: 1 192 1 0 = (1815.01,0)
vis: 1 193 1 0 = (1834.76,0)
vis: 1 194 1 0 = (1860.8,0)
vis: 1 195 1 0 = (1842.88,0)
vis: 1 196 1 0 = (1883.97,0)
vis: 1 197 1 0 = (1870.89,0)
vis: 1 198 1 0 = (1876.36,0)
vis: 1 199 1 0 = (1863.85,0)
vis: 1 200 1 0 = (1855.64,0)
vis: 1 201 1 0 = (1848.35,0)
vis: 1 202 1 0 = (1825.36,0)
vis: 1 203 1 0 = (1789.1,0)
vis: 1 204 1 0 = (1789.72,0)
vis: 1 205 1 0 = (1793.07,0)
vis: 1 206 1 0 = (1771.89,0)
vis: 1 207 1 0 = (1736.44,0)
vis: 1 208 1 0 = (1780.74,0)
vis: 1 209 1 0 = (1753.29,0)
vis: 1 210 1 0 = (1741.47,0)
vis: 1 211 1 0 = (1766.73,0)
vis: 1 212 1 0 = (1725.91,0)
vis: 1 213 1 0 = (1740.17,0)
vis: 1 214 1 0 = (1734.99,0)
vis: 1 215 1 0 = (1729.06,0)
vis: 1 216 1 0 = (1740.22,0)
vis: 1 217 1 0 = (1727.12,0)
vis: 1 218 1 0 = (1693.32,0)
vis: 1 219 1 0 = (1667.47,0)
vis: 1 220 1 0 = (1694.71,0)
vis: 1 221 1 0 = (1627.5,0)
vis: 1 222 1 0 = (1649.64,0)
vis: 1 223 1 0 = (1625.8,0)
vis: 1 224 1 0 = (1633.46,0)
vis: 1 225 1 0 = (1632.11,0)
vis: 1 226 1 0 = (1626.34,0)
vis: 1 227 1 0 = (1662.16,0)
vis: 1 228 1 0 = (1642.47,0)
vis: 1 229 1 0 = (1653.3,0)
vis: 1 230 1 0 = (1694.82,0)
vis: 1 231 1 0 = (1680.61,0)
vis: 1 232 1 0 = (1673.39,0)
vis: 1 233 1 0 = (1644.91,0)
vis: 1 234 1 0 = (1681.33,0)
vis: 1 235 1 0 = (1666.15,0)
vis: 1 236 1 0 = (1631.23,0)
vis: 1 237 1 0 = (1630.07,0)
vis: 1 238 1 0 = (1629.99,0)
vis: 1 239 1 0 = (1629.05,0)
vis: 1 240 1 0 = (1595.37,0)
vis: 1 241 1 0 = (1592.96,0)
vis: 1 242 1 0 = (1636.54,0)
vis: 1 243 1 0 = (1625.59,0)
vis: 1 244 1 0 = (1606.54,0)
vis: 1 245 1 0 = (1601.44,0)
vis: 1 246 1 0 = (1562.36,0)
vis: 1 247 1 0 = (1527.48,0)
vis: 1 248 1 0 = (1441.66,0)
vis: 1 249 1 0 = (1321.33,0)
vis: 1 250 1 0 = (1204.54,0)
vis: 1 251 1 0 = (1085.62,0)
vis: 1 252 1 0 = (953.107,0)
vis: 1 253 1 0 = (860.842,0)
vis: 1 254 1 0 = (776.697,0)
vis: 2 0 1 0 = (745.605,0)
vis: 2 1 1 0 = (820.342,0)
vis: 2 2 1 0 = (910.651,0)
vis: 2 3 1 0 = (1027.99,0)
vis: 2 4 1 0 = (1146.26,0)
vis: 2 5 1 0 = (1262.97,0)
vis: 2 6 1 0 = (1342.94,0)
vis: 2 7 1 0 = (1412.18,0)
vis: 2 8 1 0 = (1442.09,0)
vis: 2 9 1 0 = (1467.31,0)
vis: 2 10 1 0 = (1457.27,0)
vis: 2 11 1 0 = (1454.13,0)
vis: 2 12 1 0 = (1442.17,0)
vis: 2 13 1 0 = (1458.79,0)
vis: 2 14 1 0 = (1439.44,0)
vis: 2 15 1 0 = (1441.88,0)
vis: 2 16 1 0 = (1458.2,0)
vis: 2 17 1 0 = (1456.21,0)
vis: 2 18 1 0 = (1479.72,0)
vis: 2 19 1 0 = (1497.29,0)
vis: 2 20 1 0 = (1549.18,0)
vis: 2 21 1 0 = (1608.98,0)
vis: 2 22 1 0 = (1616.89,0)
vis: 2 23 1 0 = (1610.95,0)
vis: 2 24 1 0 = (1652.94,0)
vis: 2 25 1 0 = (1642.01,0)
vis: 2 26 1 0 = (1662.52,0)
vis: 2 27 1 0 = (1667.64,0)
vis: 2 28 1 0 = (1641.56,0)
vis: 2 29 1 0 = (1673.88,0)
vis: 2 30 1 0 = (1686.44,0)
vis: 2 31 1 0 = (1658.37,0)
vis: 2 32 1 0 = (1682.38,0)
vis: 2 33 1 0 = (1707.19,0)
vis: 2 34 1 0 = (1710.23,0)
vis: 2 35 1 0 = (1739.57,0)
vis: 2 36 1 0 = (1773.3,0)
vis: 2 37 1 0 = (1829.78,0)
vis: 2 38 1 0 = (1809.02,0)
vis: 2 39 1 0 = (1830.87,0)
vis: 2 40 1 0 = (1843.57,0)
vis: 2 41 1 0 = (1814.88,0)
vis: 2 42 1 0 = (1842.85,0)
vis: 2 43 1 0 = (1839.2,0)
vis: 2 44 1 0 = (1823.08,0)
vis: 2 45 1 0 = (1809.97,0)
vis: 2 46 1 0 = (1788.47,0)
vis: 2 47 1 0 = (1829.74,0)
vis: 2 48 1 0 = (1779.63,0)
vis: 2 49 1 0 = (1841.76,0)
vis: 2 50 1 0 = (1837.92,0)
vis: 2 51 1 0 = (1856.29,0)
vis: 2 52 1 0 = (1837.32,0)
vis: 2 53 1 0 = (1897,0)
vis: 2 54 1 0 = (1929.85,0)
vis: 2 55 1 0 = (1899.17,0)
vis: 2 56 1 0 = (1902.15,0)
vis: 2 57 1 0 = (1933.83,0)
vis: 2 58 1 0 = (1883.11,0)
vis: 2 59 1 0 = (1924.07,0)
vis: 2 60 1 0 = (1912.6,0)
vis: 2 61 1 0 = (1886.79,0)
vis: 2 62 1 0 = (1945.63,0)
vis: 2 63 1 0 = (1954.44,0)
vis: 2 64 1 0 = (1953.48,0)
vis: 2 65 1 0 = (1933.26,0)
vis: 2 66 1 0 = (1924.07,0)
vis: 2 67 1 0 = (1979.45,0)
vis: 2 68 1 0 = (1978.14,0)
vis: 2 69 1 0 = (2037.07,0)
vis: 2 70 1 0 = (2031.34,0)
vis: 2 71 1 0 = (2077.45,0)
vis: 2 72 1 0 = (2081.45,0)
vis: 2 73 1 0 = (2058.19,0)
vis: 2 74 1 0 = (2050.42,0)
vis: 2 75 1 0 = (2049.65,0)
vis: 2 76 1 0 = (2068.64,0)
vis: 2 77 1 0 = (2055.04,0)
vis: 2 78 1 0 = (2044.78,0)
vis: 2 79 1 0 = (2057.69,0)
vis: 2 80 1 0 = (2087.19,0)
vis: 2 81 1 0 = (2109.81,0)
vis: 2 82 1 0 = (2085.91,0)
vis: 2 83 1 0 = (2107.29,0)
vis: 2 84 1 0 = (2156.85,0)
vis: 2 85 1 0 = (2179.22,0)
vis: 2 86 1 0 = (2181.87,0)
vis: 2 87 1 0 = (2193.96,0)
vis: 2 88 1 0 = (2176.73,0)
vis: 2 89 1 0 = (2190.84,0)
vis: 2 90 1 0 = (2208.51,0)
vis: 2 91 1 0 = (2195.48,0)
vis: 2 92 1 0 = (2214.02,0)
vis: 2 93 1 0 = (2202.58,0)
vis: 2 94 1 0 = (2215.26,0)
vis: 2 95 1 0 = (2190.52,0)
vis: 2 96 1 0 = (2249.25,0)
vis: 2 97 1 0 = (2238.62,0)
vis: 2 98 1 0 = (2272.24,0)
vis: 2 99 1 0 = (2270.28,0)
vis: 2 100 1 0 = (2313.22,0)
vis: 2 101 1 0 = (2344.76,0)
vis: 2 102 1 0 = (2328.24,0)
vis: 2 103 1 0 = (2333.87,0)
vis: 2 104 1 0 = (2361.97,0)
vis: 2 105 1 0 = (2373.4,0)
vis: 2 106 1 0 = (2355.8,0)
vis: 2 107 1 0 = (2344.95,0)
vis: 2 108 1 0 = (2360.06,0)
vis: 2 109 1 0 = (2325.97,0)
vis: 2 110 1 0 = (2308.39,0)
vis: 2 111 1 0 = (2373.66,0)
vis: 2 112 1 0 = (2389.59,0)
vis: 2 113 1 0 = (2336.86,0)
vis: 2 114 1 0 = (2328.2,0)
vis: 2 115 1 0 = (2334.1,0)
vis: 2 116 1 0 = (2276.62,0)
vis: 2 117 1 0 = (2232.48,0)
vis: 2 118 1 0 = (2190.71,0)
vis: 2 119 1 0 = (2086.64,0)
vis: 2 120 1 0 = (1991.41,0)
vis: 2 121 1 0 = (1853.12,0)
vis: 2 122 1 0 = (1672.46,0)
vis: 2 123 1 0 = (1550.06,0)
vis: 2 124 1 0 = (1455.03,0)
vis: 2 125 1 0 = (1332.17,0)
vis: 2 126 1 0 = (1291.29,0)
vis: 2 127 1 0 = (1299.94,0)
vis: 2 128 1 0 = (1291.29,0)
vis: 2 129 1 0 = (1332.17,0)
vis: 2 130 1 0 = (1455.03,0)
vis: 2 131 1 0 = (1550.06,0)
vis: 2 132 1 0 = (1672.46,0)
vis: 2 133 1 0 = (1853.12,0)
vis: 2 134 1 0 = (1991.41,0)
vis: 2 135 1 0 = (2086.64,0)
vis: 2 136 1 0 = (2190.71,0)
vis: 2 137 1 0 = (2232.48,0)
vis: 2 138 1 0 = (2276.62,0)
vis: 2 139 1 0 = (2334.1,0)
vis: 2 140 1 0 = (2328.2,0)
vis: 2 141 1 0 = (2336.86,0)
vis: 2 142 1 0 = (2389.59,0)
vis: 2 143 1 0 = (2373.66,0)
vis: 2 144 1 0 = (2308.39,0)
vis: 2 145 1 0 = (2325.97,0)
vis: 2 146 1 0 = (2360.06,0)
vis: 2 147 1 0 = (2344.95,0)
vis: 2 148 1 0 = (2355.8,0)
vis: 2 149 1 0 = (2373.4,0)
vis: 2 150 1 0 = (2361.97,0)
vis: 2 151 1 0 = (2333.86,0)
vis: 2 152 1 0 = (2328.24,0)
vis: 2 153 1 0 = (2344.76,0)
vis: 2 154 1 0 = (2313.22,0)
vis: 2 155 1 0 = (2270.28,0)
vis: 2 156 1 0 = (2272.24,0)
vis: 2 157 1 0 = (2238.62,0)
vis: 2 158 1 0 = (2249.25,0)
vis: 2 159 1 0 = (2190.52,0)
vis: 2 160 1 0 = (2215.26,0)
vis: 2 161 1 0 = (2202.58,0)
vis: 2 162 1 0 = (2214.02,0)
vis: 2 163 1 0 = (2195.48,0)
vis: 2 164 1 0 = (2208.51,0)
vis: 2 165 1 0 = (2190.84,0)
vis: 2 166 1 0 = (2176.73,0)
vis: 2 167 1 0 = (2193.96,0)
vis: 2 168 1 0 = (2181.87,0)
vis: 2 169 1 0 = (2179.22,0)
vis: 2 170 1 0 = (2156.85,0)
vis: 2 171 1 0 = (2107.29,0)
vis: 2 172 1 0 = (2085.91,0)
vis: 2 173 1 0 = (2109.81,0)
vis: 2 174 1 0 = (2087.19,0)
vis: 2 175 1 0 = (2057.69,0)
vis: 2 176 1 0 = (2044.79,0)
vis: 2 177 1 0 = (2055.04,0)
vis: 2 178 1 0 = (2068.64,0)
vis: 2 179 1 0 = (2049.65,0)
vis: 2 180 1 0 = (2050.42,0)
vis: 2 181 1 0 = (2058.19,0)
vis: 2 182 1 0 = (2081.45,0)
vis: 2 183 1 0 = (2077.45,0)
vis: 2 184 1 0 = (2031.34,0)
vis: 2 185 1 0 = (2037.07,0)
vis: 2 186 1 0 = (1978.14,0)
vis: 2 187 1 0 = (1979.45,0)
vis: 2 188 1 0 = (1924.07,0)
vis: 2 189 1 0 = (1933.26,0)
vis: 2 190 1 0 = (1953.48,0)
vis: 2 191 1 0 = (1954.44,0)
vis: 2 192 1 0 = (1945.63,0)
vis: 2 193 1 0 = (1886.79,0)
vis: 2 194 1 0 = (1912.6,0)
vis: 2 195 1 0 = (1924.07,0)
vis: 2 196 1 0 = (1883.11,0)
vis: 2 197 1 0 = (1933.83,0)
vis: 2 198 1 0 = (1902.15,0)
vis: 2 199 1 0 = (1899.17,0)
vis: 2 200 1 0 = (1929.85,0)
vis: 2 201 1 0 = (1897,0)
vis: 2 202 1 0 = (1837.32,0)
vis: 2 203 1 0 = (1856.29,0)
vis: 2 204 1 0 = (1837.92,0)
vis: 2 205 1 0 = (1841.76,0)
vis: 2 206 1 0 = (1779.63,0)
vis: 2 207 1 0 = (1829.74,0)
vis: 2 208 1 0 = (1788.47,0)
vis: 2 209 1 0 = (1809.97,0)
vis: 2 210 1 0 = (1823.08,0)
vis: 2 211 1 0 = (1839.2,0)
vis: 2 212 1 0 = (1842.85,0)
vis: 2 213 1 0 = (1814.88,0)
vis: 2 214 1 0 = (1843.57,0)
vis: 2 215 1 0 = (1830.87,0)
vis: 2 216 1 0 = (1809.02,0)
vis: 2 217 1 0 = (1829.79,0)
vis: 2 218 1 0 = (1773.3,0)
vis: 2 219 1 0 = (1739.57,0)
vis: 2 220 1 0 = (1710.23,0)
vis: 2 221 1 0 = (1707.19,0)
vis: 2 222 1 0 = (1682.38,0)
vis: 2 223 1 0 = (1658.37,0)
vis: 2 224 1 0 = (1686.44,0)
vis: 2 225 1 0 = (1673.88,0)
vis: 2 226 1 0 = (1641.56,0)
vis: 2 227 1 0 = (1667.64,0)
vis: 2 228 1 0 = (1662.52,0)
vis: 2 229 1 0 = (1642.01,0)
vis: 2 230 1 0 = (1652.94,0)
vis: 2 231 1 0 = (1610.95,0)
vis: 2 232 1 0 = (1616.89,0)
vis: 2 233 1 0 = (1608.98,0)
vis: 2 234 1 0 = (1549.18,0)
vis: 2 235 1 0 = (1497.29,0)
vis: 2 236 1 0 = (1479.72,0)
vis: 2 237 1 0 = (1456.21,0)
vis: 2 238 1 0 = (1458.2,0)
vis: 2 239 1 0 = (1441.88,0)
vis: 2 240 1 0 = (1439.44,0)
vis: 2 241 1 0 = (1458.79,0)
vis: 2 242 1 0 = (1442.17,0)
vis: 2 243 1 0 = (1454.13,0)
vis: 2 244 1 0 = (1457.27,0)
vis: 2 245 1 0 = (1467.31,0)
vis: 2 246 1 0 = (1442.09,0)
vis: 2 247 1 0 = (1412.18,0)
vis: 2 248 1 0 = (1342.94,0)
vis: 2 249 1 0 = (1262.97,0)
vis: 2 250 1 0 = (1146.26,0)
vis: 2 251 1 0 = (1027.99,0)
vis: 2 252 1 0 = (910.651,0)
vis: 2 253 1 0 = (820.341,0)
vis: 2 254 1 0 = (745.605,0)
vis: 3 0 1 0 = (837.534,0)
vis: 3 1 1 0 = (914.961,0)
vis: 3 2 1 0 = (1045.17,0)
vis: 3 3 1 0 = (1166.9,0)
vis: 3 4 1 0 = (1304.51,0)
vis: 3 5 1 0 = (1449.96,0)
vis: 3 6 1 0 = (1558.9,0)
vis: 3 7 1 0 = (1658.84,0)
vis: 3 8 1 0 = (1681.72,0)
vis: 3 9 1 0 = (1709.1,0)
vis: 3 10 1 0 = (1746.96,0)
vis: 3 11 1 0 = (1708.33,0)
vis: 3 12 1 0 = (1696.04,0)
vis: 3 13 1 0 = (1703.31,0)
vis: 3 14 1 0 = (1681.6,0)
vis: 3 15 1 0 = (1672.02,0)
vis: 3 16 1 0 = (1699.68,0)
vis: 3 17 1 0 = (1689.92,0)
vis: 3 18 1 0 = (1709.46,0)
vis: 3 19 1 0 = (1784.66,0)
vis: 3 20 1 0 = (1784.25,0)
vis: 3 21 1 0 = (1840.6,0)
vis: 3 22 1 0 = (1869.56,0)
vis: 3 23 1 0 = (1876.44,0)
vis: 3 24 1 0 = (1875.24,0)
vis: 3 25 1 0 = (1844.67,0)
vis: 3 26 1 0 = (1823.29,0)
vis: 3 27 1 0 = (1855.21,0)
vis: 3 28 1 0 = (1834.3,0)
vis: 3 29 1 0 = (1824.84,0)
vis: 3 30 1 0 = (1812.03,0)
vis: 3 31 1 0 = (1820.94,0)
vis: 3 32 1 0 = (1848.54,0)
vis: 3 33 1 0 = (1885.23,0)
vis: 3 34 1 0 = (1858.43,0)
vis: 3 35 1 0 = (1915.36,0)
vis: 3 36 1 0 = (1913.06,0)
vis: 3 37 1 0 = (1934.01,0)
vis: 3 38 1 0 = (1979.67,0)
vis: 3 39 1 0 = (1951.5,0)
vis: 3 40 1 0 = (1946.99,0)
vis: 3 41 1 0 = (1982.53,0)
vis: 3 42 1 0 = (1977.17,0)
vis: 3 43 1 0 = (1993,0)
vis: 3 44 1 0 = (1950.99,0)
vis: 3 45 1 0 = (1945.32,0)
vis: 3 46 1 0 = (1949.04,0)
vis: 3 47 1 0 = (1973.96,0)
vis: 3 48 1 0 = (1940.16,0)
vis: 3 49 1 0 = (1940.73,0)
vis: 3 50 1 0 = (1981.39,0)
vis: 3 51 1 0 = (1991.7,0)
vis: 3 52 1 0 = (1984.75,0)
vis: 3 53 1 0 = (2037.33,0)
vis: 3 54 1 0 = (2026.73,0)
vis: 3 55 1 0 = (2014.83,0)
vis: 3 56 1 0 = (2047.35,0)
vis: 3 57 1 0 = (2031.91,0)
vis: 3 58 1 0 = (2038.13,0)
vis: 3 59 1 0 = (1994.92,0)
vis: 3 60 1 0 = (2016.76,0)
vis: 3 61 1 0 = (1997.14,0)
vis: 3 62 1 0 = (1982.67,0)
vis: 3 63 1 0 = (2012.15,0)
vis: 3 64 1 0 = (1964.66,0)
vis: 3 65 1 0 = (3136.69,0)
vis: 3 66 1 0 = (2028.52,0)
vis: 3 67 1 0 = (2039.06,0)
vis: 3 68 1 0 = (2067.54,0)
vis: 3 69 1 0 = (2038.99,0)
vis: 3 70 1 0 = (2066.32,0)
vis: 3 71 1 0 = (2072.19,0)
vis: 3 72 1 0 = (2078.4,0)
vis: 3 73 1 0 = (2037.21,0)
vis: 3 74 1 0 = (2026.51,0)
vis: 3 75 1 0 = (2045.21,0)
vis: 3 76 1 0 = (2057.23,0)
vis: 3 77 1 0 = (2051.24,0)
vis: 3 78 1 0 = (2009.46,0)
vis: 3 79 1 0 = (2046.82,0)
vis: 3 80 1 0 = (1983.57,0)
vis: 3 81 1 0 = (2034.52,0)
vis: 3 82 1 0 = (2075.01,0)
vis: 3 83 1 0 = (2071.78,0)
vis: 3 84 1 0 = (2039.47,0)
vis: 3 85 1 0 = (2070.98,0)
vis: 3 86 1 0 = (2073.09,0)
vis: 3 87 1 0 = (2088.51,0)
vis: 3 88 1 0 = (2060.23,0)
vis: 3 89 1 0 = (2056.33,0)
vis: 3 90 1 0 = (2044.39,0)
vis: 3 91 1 0 = (2030.22,0)
vis: 3 92 1 0 = (1997.8,0)
vis: 3 93 1 0 = (2002.78,0)
vis: 3 94 1 0 = (2022.92,0)
vis: 3 95 1 0 = (1989.26,0)
vis: 3 96 1 0 = (2013.11,0)
vis: 3 97 1 0 = (2016.12,0)
vis: 3 98 1 0 = (2008.83,0)
vis: 3 99 1 0 = (2045.96,0)
vis: 3 100 1 0 = (2064.35,0)
vis: 3 101 1 0 = (2057.29,0)
vis: 3 102 1 0 = (2032.83,0)
vis: 3 103 1 0 = (2089.33,0)
vis: 3 104 1 0 = (2032.13,0)
vis: 3 105 1 0 = (1987.12,0)
vis: 3 106 1 0 = (2039.05,0)
vis: 3 107 1 0 = (2034.55,0)
vis: 3 108 1 0 = (1993.04,0)
vis: 3 109 1 0 = (2009.47,0)
vis: 3 110 1 0 = (1973.01,0)
vis: 3 111 1 0 = (1971.09,0)
vis: 3 112 1 0 = (1960.05,0)
vis: 3 113 1 0 = (1964.37,0)
vis: 3 114 1 0 = (1972.75,0)
vis: 3 115 1 0 = (1941.2,0)
vis: 3 116 1 0 = (1894.2,0)
vis: 3 117 1 0 = (1864.75,0)
vis: 3 118 1 0 = (1804.07,0)
vis: 3 119 1 0 = (1720.57,0)
vis: 3 120 1 0 = (1641.05,0)
vis: 3 121 1 0 = (1538.11,0)
vis: 3 122 1 0 = (1403.43,0)
vis: 3 123 1 0 = (1305.45,0)
vis: 3 124 1 0 = (1194.53,0)
vis: 3 125 1 0 = (1112.11,0)
vis: 3 126 1 0 = (1068.37,0)
vis: 3 127 1 0 = (1127.09,0)
vis: 3 128 1 0 = (1068.37,0)
vis: 3 129 1 0 = (1112.11,0)
vis: 3 130 1 0 = (1194.53,0)
vis: 3 131 1 0 = (1305.45,0)
vis: 3 132 1 0 = (1403.44,0)
vis: 3 133 1 0 = (1538.11,0)
vis: 3 134 1 0 = (1641.04,0)
vis: 3 135 1 0 = (1720.57,0)
vis: 3 136 1 0 = (1804.08,0)
vis: 3 137 1 0 = (1864.75,0)
vis: 3 138 1 0 = (1894.2,0)
vis: 3 139 1 0 = (1941.2,0)
vis: 3 140 1 0 = (1972.75,0)
vis: 3 141 1 0 = (1964.37,0)
vis: 3 142 1 0 = (1960.05,0)
vis: 3 143 1 0 = (1971.09,0)
vis: 3 144 1 0 = (1973.01,0)
vis: 3 145 1 0 = (2009.48,0)
vis: 3 146 1 0 = (1993.04,0)
vis: 3 147 1 0 = (2034.55,0)
vis: 3 148 1 0 = (2039.05,0)
vis: 3 149 1 0 = (1987.12,0)
vis: 3 150 1 0 = (2032.13,0)
vis: 3 151 1 0 = (2089.33,0)
vis: 3 152 1 0 = (2032.83,0)
vis: 3 153 1 0 = (2057.29,0)
vis: 3 154 1 0 = (2064.35,0)
vis: 3 155 1 0 = (2045.96,0)
vis: 3 156 1 0 = (2008.83,0)
vis: 3 157 1 0 = (2016.12,0)
vis: 3 158 1 0 = (2013.11,0)
vis: 3 159 1 0 = (1989.26,0)
vis: 3 160 1 0 = (2022.92,0)
vis: 3 161 1 0 = (2002.78,0)
vis: 3 162 1 0 = (1997.8,0)
vis: 3 163 1 0 = (2030.22,0)
vis: 3 164 1 0 = (2044.39,0)
vis: 3 165 1 0 = (2056.33,0)
vis: 3 166 1 0 = (2060.23,0)
vis: 3 167 1 0 = (2088.51,0)
vis: 3 168 1 0 = (2073.09,0)
vis: 3 169 1 0 = (2070.98,0)
vis: 3 170 1 0 = (2039.47,0)
vis: 3 171 1 0 = (2071.78,0)
vis: 3 172 1 0 = (2075.01,0)
vis: 3 173 1 0 = (2034.52,0)
vis: 3 174 1 0 = (1983.57,0)
vis: 3 175 1 0 = (2046.82,0)
vis: 3 176 1 0 = (2009.46,0)
vis: 3 177 1 0 = (2051.24,0)
vis: 3 178 1 0 = (2057.23,0)
vis: 3 179 1 0 = (2045.21,0)
vis: 3 180 1 0 = (2026.51,0)
vis: 3 181 1 0 = (2037.21,0)
vis: 3 182 1 0 = (2078.4,0)
vis: 3 183 1 0 = (2072.19,0)
vis: 3 184 1 0 = (2066.32,0)
vis: 3 185 1 0 = (2038.99,0)
vis: 3 186 1 0 = (2067.54,0)
vis: 3 187 1 0 = (2039.06,0)
vis: 3 188 1 0 = (2028.52,0)
vis: 3 189 1 0 = (3136.69,0)
vis: 3 190 1 0 = (1964.66,0)
vis: 3 191 1 0 = (2012.15,0)
vis: 3 192 1 0 = (1982.67,0)
vis: 3 193 1 0 = (1997.14,0)
vis: 3 194 1 0 = (2016.76,0)
vis: 3 195 1 0 = (1994.92,0)
vis: 3 196 1 0 = (2038.13,0)
vis: 3 197 1 0 = (2031.91,0)
vis: 3 198 1 0 = (2047.35,0)
vis: 3 199 1 0 = (2014.83,0)
vis: 3 200 1 0 = (2026.73,0)
vis: 3 201 1 0 = (2037.33,0)
vis: 3 202 1 0 = (1984.75,0)
vis: 3 203 1 0 = (1991.7,0)
vis: 3 204 1 0 = (1981.39,0)
vis: 3 205 1 0 = (1940.73,0)
vis: 3 206 1 0 = (1940.16,0)
vis: 3 207 1 0 = (1973.96,0)
vis: 3 208 1 0 = (1949.04,0)
vis: 3 209 1 0 = (1945.32,0)
vis: 3 210 1 0 = (1950.99,0)
vis: 3 211 1 0 = (1993,0)
vis: 3 212 1 0 = (1977.17,0)
vis: 3 213 1 0 = (1982.53,0)
vis: 3 214 1 0 = (1946.99,0)
vis: 3 215 1 0 = (1951.5,0)
vis: 3 216 1 0 = (1979.67,0)
vis: 3 217 1 0 = (1934.01,0)
vis: 3 218 1 0 = (1913.06,0)
vis: 3 219 1 0 = (1915.36,0)
vis: 3 220 1 0 = (1858.43,0)
vis: 3 221 1 0 = (1885.23,0)
vis: 3 222 1 0 = (1848.54,0)
vis: 3 223 1 0 = (1820.94,0)
vis: 3 224 1 0 = (1812.03,0)
vis: 3 225 1 0 = (1824.84,0)
vis: 3 226 1 0 = (1834.3,0)
vis: 3 227 1 0 = (1855.21,0)
vis: 3 228 1 0 = (1823.29,0)
vis: 3 229 1 0 = (1844.67,0)
vis: 3 230 1 0 = (1875.24,0)
vis: 3 231 1 0 = (1876.44,0)
vis: 3 232 1 0 = (1869.56,0)
vis: 3 233 1 0 = (1840.6,0)
vis: 3 234 1 0 = (1784.25,0)
vis: 3 235 1 0 = (1784.66,0)
vis: 3 236 1 0 = (1709.46,0)
vis: 3 237 1 0 = (1689.92,0)
vis: 3 238 1 0 = (1699.68,0)
vis: 3 239 1 0 = (1672.02,0)
vis: 3 240 1 0 = (1681.6,0)
vis: 3 241 1 0 = (1703.31,0)
vis: 3 242 1 0 = (1696.04,0)
vis: 3 243 1 0 = (1708.33,0)
vis: 3 244 1 0 = (1746.96,0)
vis: 3 245 1 0 = (1709.1,0)
vis: 3 246 1 0 = (1681.72,0)
vis: 3 247 1 0 = (1658.84,0)
vis: 3 248 1 0 = (1558.9,0)
vis: 3 249 1 0 = (1449.96,0)
vis: 3 250 1 0 = (1304.51,0)
vis: 3 251 1 0 = (1166.9,0)
vis: 3 252 1 0 = (1045.17,0)
vis: 3 253 1 0 = (914.961,0)
vis: 3 254 1 0 = (837.534,0)
vis: 4 0 1 0 = (977.338,0)
vis: 4 1 1 0 = (1065.71,0)
vis: 4 2 1 0 = (1201.59,0)
vis: 4 3 1 0 = (1375.49,0)
vis: 4 4 1 0 = (1546.33,0)
vis: 4 5 1 0 = (1723.66,0)
vis: 4 6 1 0 = (1841.81,0)
vis: 4 7 1 0 = (1944.57,0)
vis: 4 8 1 0 = (2005.22,0)
vis: 4 9 1 0 = (2041.8,0)
vis: 4 10 1 0 = (2062.68,0)
vis: 4 11 1 0 = (2051.75,0)
vis: 4 12 1 0 = (2025.36,0)
vis: 4 13 1 0 = (2018.45,0)
vis: 4 14 1 0 = (2002.99,0)
vis: 4 15 1 0 = (2032.16,0)
vis: 4 16 1 0 = (1995.84,0)
vis: 4 17 1 0 = (2027.85,0)
vis: 4 18 1 0 = (2038.15,0)
vis: 4 19 1 0 = (2104.07,0)
vis: 4 20 1 0 = (2111.86,0)
vis: 4 21 1 0 = (2121.34,0)
vis: 4 22 1 0 = (2199,0)
vis: 4 23 1 0 = (2183.93,0)
vis: 4 24 1 0 = (2154.59,0)
vis: 4 25 1 0 = (2184.55,0)
vis: 4 26 1 0 = (2208.25,0)
vis: 4 27 1 0 = (2175.68,0)
vis: 4 28 1 0 = (2178.42,0)
vis: 4 29 1 0 = (2148.24,0)
vis: 4 30 1 0 = (2126.61,0)
vis: 4 31 1 0 = (2161.32,0)
vis: 4 32 1 0 = (2131.08,0)
vis: 4 33 1 0 = (2201.91,0)
vis: 4 34 1 0 = (2222.66,0)
vis: 4 35 1 0 = (2237.34,0)
vis: 4 36 1 0 = (2275.08,0)
vis: 4 37 1 0 = (2344.06,0)
vis: 4 38 1 0 = (2372.44,0)
vis: 4 39 1 0 = (2393.33,0)
vis: 4 40 1 0 = (2381.31,0)
vis: 4 41 1 0 = (2353.22,0)
vis: 4 42 1 0 = (2336.76,0)
vis: 4 43 1 0 = (2306.46,0)
vis: 4 44 1 0 = (2239.51,0)
vis: 4 45 1 0 = (2210.18,0)
vis: 4 46 1 0 = (2163.91,0)
vis: 4 47 1 0 = (2153.6,0)
vis: 4 48 1 0 = (2168.5,0)
vis: 4 49 1 0 = (2102.08,0)
vis: 4 50 1 0 = (2139.14,0)
vis: 4 51 1 0 = (2115.76,0)
vis: 4 52 1 0 = (2105.75,0)
vis: 4 53 1 0 = (2095.85,0)
vis: 4 54 1 0 = (2120.72,0)
vis: 4 55 1 0 = (2078.4,0)
vis: 4 56 1 0 = (2128.86,0)
vis: 4 57 1 0 = (2100.58,0)
vis: 4 58 1 0 = (2026.44,0)
vis: 4 59 1 0 = (2043.75,0)
vis: 4 60 1 0 = (2015.47,0)
vis: 4 61 1 0 = (2002.84,0)
vis: 4 62 1 0 = (1980.05,0)
vis: 4 63 1 0 = (1945.99,0)
vis: 4 64 1 0 = (1957.96,0)
vis: 4 65 1 0 = (1934.33,0)
vis: 4 66 1 0 = (1934,0)
vis: 4 67 1 0 = (1980.18,0)
vis: 4 68 1 0 = (1942.71,0)
vis: 4 69 1 0 = (1951.04,0)
vis: 4 70 1 0 = (1980.36,0)
vis: 4 71 1 0 = (1945.55,0)
vis: 4 72 1 0 = (1932.09,0)
vis: 4 73 1 0 = (1938.37,0)
vis: 4 74 1 0 = (1927.13,0)
vis: 4 75 1 0 = (1881.24,0)
vis: 4 76 1 0 = (1892.64,0)
vis: 4 77 1 0 = (1867.33,0)
vis: 4 78 1 0 = (1840.68,0)
vis: 4 79 1 0 = (1858.74,0)
vis: 4 80 1 0 = (1814.33,0)
vis: 4 81 1 0 = (1846.71,0)
vis: 4 82 1 0 = (1857.63,0)
vis: 4 83 1 0 = (1824.79,0)
vis: 4 84 1 0 = (1823.45,0)
vis: 4 85 1 0 = (1833.15,0)
vis: 4 86 1 0 = (1825.75,0)
vis: 4 87 1 0 = (1803.45,0)
vis: 4 88 1 0 = (1818.44,0)
vis: 4 89 1 0 = (1796.38,0)
vis: 4 90 1 0 = (1777.07,0)
vis: 4 91 1 0 = (1773.27,0)
vis: 4 92 1 0 = (1750.65,0)
vis: 4 93 1 0 = (1757.95,0)
vis: 4 94 1 0 = (1742.06,0)
vis: 4 95 1 0 = (1732.99,0)
vis: 4 96 1 0 = (1716.29,0)
vis: 4 97 1 0 = (1704.42,0)
vis: 4 98 1 0 = (1682.33,0)
vis: 4 99 1 0 = (1695.99,0)
vis: 4 100 1 0 = (1722.63,0)
vis: 4 101 1 0 = (1725.23,0)
vis: 4 102 1 0 = (1686.84,0)
vis: 4 103 1 0 = (1706.42,0)
vis: 4 104 1 0 = (1692.88,0)
vis: 4 105 1 0 = (1710.93,0)
vis: 4 106 1 0 = (1644.75,0)
vis: 4 107 1 0 = (1662.23,0)
vis: 4 108 1 0 = (1672.73,0)
vis: 4 109 1 0 = (1636.68,0)
vis: 4 110 1 0 = (1625.57,0)
vis: 4 111 1 0 = (1600.81,0)
vis: 4 112 1 0 = (1629.2,0)
vis: 4 113 1 0 = (1604.28,0)
vis: 4 114 1 0 = (1564.81,0)
vis: 4 115 1 0 = (1549.41,0)
vis: 4 116 1 0 = (1491.95,0)
vis: 4 117 1 0 = (1454.58,0)
vis: 4 118 1 0 = (1414.04,0)
vis: 4 119 1 0 = (1356.89,0)
vis: 4 120 1 0 = (1254.85,0)
vis: 4 121 1 0 = (1182.83,0)
vis: 4 122 1 0 = (1097.94,0)
vis: 4 123 1 0 = (1037.21,0)
vis: 4 124 1 0 = (943.637,0)
vis: 4 125 1 0 = (885.058,0)
vis: 4 126 1 0 = (838.651,0)
vis: 4 127 1 0 = (842.609,0)
vis: 4 128 1 0 = (838.651,0)
vis: 4 129 1 0 = (885.058,0)
vis: 4 130 1 0 = (943.637,0)
vis: 4 131 1 0 = (1037.2,0)
vis: 4 132 1 0 = (1097.94,0)
vis: 4 133 1 0 = (1182.83,0)
vis: 4 134 1 0 = (1254.85,0)
vis: 4 135 1 0 = (1356.89,0)
vis: 4 136 1 0 = (1414.04,0)
vis: 4 137 1 0 = (1454.58,0)
vis: 4 138 1 0 = (1491.95,0)
vis: 4 139 1 0 = (1549.41,0)
vis: 4 140 1 0 = (1564.81,0)
vis: 4 141 1 0 = (1604.28,0)
vis: 4 142 1 0 = (1629.2,0)
vis: 4 143 1 0 = (1600.81,0)
vis: 4 144 1 0 = (1625.57,0)
vis: 4 145 1 0 = (1636.68,0)
vis: 4 146 1 0 = (1672.72,0)
vis: 4 147 1 0 = (1662.23,0)
vis: 4 148 1 0 = (1644.75,0)
vis: 4 149 1 0 = (1710.93,0)
vis: 4 150 1 0 = (1692.88,0)
vis: 4 151 1 0 = (1706.42,0)
vis: 4 152 1 0 = (1686.84,0)
vis: 4 153 1 0 = (1725.23,0)
vis: 4 154 1 0 = (1722.63,0)
vis: 4 155 1 0 = (1695.99,0)
vis: 4 156 1 0 = (1682.32,0)
vis: 4 157 1 0 = (1704.42,0)
vis: 4 158 1 0 = (1716.29,0)
vis: 4 159 1 0 = (1732.99,0)
vis: 4 160 1 0 = (1742.06,0)
vis: 4 161 1 0 = (1757.95,0)
vis: 4 162 1 0 = (1750.65,0)
vis: 4 163 1 0 = (1773.27,0)
vis: 4 164 1 0 = (1777.07,0)
vis: 4 165 1 0 = (1796.38,0)
vis: 4 166 1 0 = (1818.44,0)
vis: 4 167 1 0 = (1803.45,0)
vis: 4 168 1 0 = (1825.75,0)
vis: 4 169 1 0 = (1833.15,0)
vis: 4 170 1 0 = (1823.45,0)
vis: 4 171 1 0 = (1824.79,0)
vis: 4 172 1 0 = (1857.63,0)
vis: 4 173 1 0 = (1846.71,0)
vis: 4 174 1 0 = (1814.33,0)
vis: 4 175 1 0 = (1858.74,0)
vis: 4 176 1 0 = (1840.68,0)
vis: 4 177 1 0 = (1867.33,0)
vis: 4 178 1 0 = (1892.64,0)
vis: 4 179 1 0 = (1881.24,0)
vis: 4 180 1 0 = (1927.13,0)
vis: 4 181 1 0 = (1938.37,0)
vis: 4 182 1 0 = (1932.09,0)
vis: 4 183 1 0 = (1945.55,0)
vis: 4 184 1 0 = (1980.36,0)
vis: 4 185 1 0 = (1951.04,0)
vis: 4 186 1 0 = (1942.7,0)
vis: 4 187 1 0 = (1980.18,0)
vis: 4 188 1 0 = (1934,0)
vis: 4 189 1 0 = (1934.33,0)
vis: 4 190 1 0 = (1957.96,0)
vis: 4 191 1 0 = (1945.99,0)
vis: 4 192 1 0 = (1980.05,0)
vis: 4 193 1 0 = (2002.84,0)
vis: 4 194 1 0 = (2015.47,0)
vis: 4 195 1 0 = (2043.75,0)
vis: 4 196 1 0 = (2026.45,0)
vis: 4 197 1 0 = (2100.58,0)
vis: 4 198 1 0 = (2128.86,0)
vis: 4 199 1 0 = (2078.4,0)
vis: 4 200 1 0 = (2120.72,0)
vis: 4 201 1 0 = (2095.85,0)
vis: 4 202 1 0 = (2105.75,0)
vis: 4 203 1 0 = (2115.76,0)
vis: 4 204 1 0 = (2139.14,0)
vis: 4 205 1 0 = (2102.08,0)
vis: 4 206 1 0 = (2168.5,0)
vis: 4 207 1 0 = (2153.6,0)
vis: 4 208 1 0 = (2163.91,0)
vis: 4 209 1 0 = (2210.18,0)
vis: 4 210 1 0 = (2239.51,0)
vis: 4 211 1 0 = (2306.46,0)
vis: 4 212 1 0 = (2336.76,0)
vis: 4 213 1 0 = (2353.22,0)
vis: 4 214 1 0 = (2381.31,0)
vis: 4 215 1 0 = (2393.33,0)
vis: 4 216 1 0 = (2372.44,0)
vis: 4 217 1 0 = (2344.06,0)
vis: 4 218 1 0 = (2275.08,0)
vis: 4 219 1 0 = (2237.34,0)
vis: 4 220 1 0 = (2222.66,0)
vis: 4 221 1 0 = (2201.91,0)
vis: 4 222 1 0 = (2131.08,0)
vis: 4 223 1 0 = (2161.32,0)
vis: 4 224 1 0 = (2126.61,0)
vis: 4 225 1 0 = (2148.24,0)
vis: 4 226 1 0 = (2178.42,0)
vis: 4 227 1 0 = (2175.68,0)
vis: 4 228 1 0 = (2208.25,0)
vis: 4 229 1 0 = (2184.55,0)
vis: 4 230 1 0 = (2154.59,0)
vis: 4 231 1 0 = (2183.93,0)
vis: 4 232 1 0 = (2199,0)
vis: 4 233 1 0 = (2121.34,0)
vis: 4 234 1 0 = (2111.86,0)
vis: 4 235 1 0 = (2104.07,0)
vis: 4 236 1 0 = (2038.15,0)
vis: 4 237 1 0 = (2027.85,0)
vis: 4 238 1 0 = (1995.84,0)
vis: 4 239 1 0 = (2032.16,0)
vis: 4 240 1 0 = (2002.99,0)
vis: 4 241 1 0 = (2018.45,0)
vis: 4 242 1 0 = (2025.36,0)
vis: 4 243 1 0 = (2051.75,0)
vis: 4 244 1 0 = (2062.68,0)
vis: 4 245 1 0 = (2041.8,0)
vis: 4 246 1 0 = (2005.22,0)
vis: 4 247 1 0 = (1944.57,0)
vis: 4 248 1 0 = (1841.81,0)
vis: 4 249 1 0 = (1723.66,0)
vis: 4 250 1 0 = (1546.33,0)
vis: 4 251 1 0 = (1375.49,0)
vis: 4 252 1 0 = (1201.59,0)
vis: 4 253 1 0 = (1065.71,0)
vis: 4 254 1 0 = (977.337,0)
vis: 5 0 1 0 = (1233.44,0)
vis: 5 1 1 0 = (1308.23,0)
vis: 5 2 1 0 = (1397.84,0)
vis: 5 3 1 0 = (1538.61,0)
vis: 5 4 1 0 = (1689.57,0)
vis: 5 5 1 0 = (1809.83,0)
vis: 5 6 1 0 = (1920.2,0)
vis: 5 7 1 0 = (2000.31,0)
vis: 5 8 1 0 = (2068.7,0)
vis: 5 9 1 0 = (2080.2,0)
vis: 5 10 1 0 = (2155.7,0)
vis: 5 11 1 0 = (2144.55,0)
vis: 5 12 1 0 = (2164.59,0)
vis: 5 13 1 0 = (2146.73,0)
vis: 5 14 1 0 = (2174.98,0)
vis: 5 15 1 0 = (2193.89,0)
vis: 5 16 1 0 = (2161.99,0)
vis: 5 17 1 0 = (2229.82,0)
vis: 5 18 1 0 = (2230.16,0)
vis: 5 19 1 0 = (2247.73,0)
vis: 5 20 1 0 = (2279.03,0)
vis: 5 21 1 0 = (2279.9,0)
vis: 5 22 1 0 = (2286.29,0)
vis: 5 23 1 0 = (2253.67,0)
vis: 5 24 1 0 = (2299.45,0)
vis: 5 25 1 0 = (2252.02,0)
vis: 5 26 1 0 = (2254.05,0)
vis: 5 27 1 0 = (2244.05,0)
vis: 5 28 1 0 = (2227.03,0)
vis: 5 29 1 0 = (2139.66,0)
vis: 5 30 1 0 = (2147.55,0)
vis: 5 31 1 0 = (2103.64,0)
vis: 5 32 1 0 = (2075.94,0)
vis: 5 33 1 0 = (2119.89,0)
vis: 5 34 1 0 = (2141.18,0)
vis: 5 35 1 0 = (2056.51,0)
vis: 5 36 1 0 = (2101.28,0)
vis: 5 37 1 0 = (2046.75,0)
vis: 5 38 1 0 = (2072.63,0)
vis: 5 39 1 0 = (2087.11,0)
vis: 5 40 1 0 = (2030.71,0)
vis: 5 41 1 0 = (1975.3,0)
vis: 5 42 1 0 = (1921.04,0)
vis: 5 43 1 0 = (1917.41,0)
vis: 5 44 1 0 = (1892.59,0)
vis: 5 45 1 0 = (1864.61,0)
vis: 5 46 1 0 = (1812.07,0)
vis: 5 47 1 0 = (1818.97,0)
vis: 5 48 1 0 = (1785.5,0)
vis: 5 49 1 0 = (1749.95,0)
vis: 5 50 1 0 = (1760.01,0)
vis: 5 51 1 0 = (1755.69,0)
vis: 5 52 1 0 = (1754.1,0)
vis: 5 53 1 0 = (1779.96,0)
vis: 5 54 1 0 = (1765.16,0)
vis: 5 55 1 0 = (1768.29,0)
vis: 5 56 1 0 = (1753.46,0)
vis: 5 57 1 0 = (1791.2,0)
vis: 5 58 1 0 = (1741.29,0)
vis: 5 59 1 0 = (1785.71,0)
vis: 5 60 1 0 = (1785.92,0)
vis: 5 61 1 0 = (1786.62,0)
vis: 5 62 1 0 = (1789.27,0)
vis: 5 63 1 0 = (1814.88,0)
vis: 5 64 1 0 = (1848.24,0)
vis: 5 65 1 0 = (1894.03,0)
vis: 5 66 1 0 = (1902.13,0)
vis: 5 67 1 0 = (1930.32,0)
vis: 5 68 1 0 = (1994.04,0)
vis: 5 69 1 0 = (1992.85,0)
vis: 5 70 1 0 = (2047.52,0)
vis: 5 71 1 0 = (2067.96,0)
vis: 5 72 1 0 = (2084.31,0)
vis: 5 73 1 0 = (2113.61,0)
vis: 5 74 1 0 = (2147.02,0)
vis: 5 75 1 0 = (2174.4,0)
vis: 5 76 1 0 = (2187.91,0)
vis: 5 77 1 0 = (2197.65,0)
vis: 5 78 1 0 = (2239.36,0)
vis: 5 79 1 0 = (2269.13,0)
vis: 5 80 1 0 = (2316.07,0)
vis: 5 81 1 0 = (2390.3,0)
vis: 5 82 1 0 = (2432.09,0)
vis: 5 83 1 0 = (2520.93,0)
vis: 5 84 1 0 = (2571.11,0)
vis: 5 85 1 0 = (2692.65,0)
vis: 5 86 1 0 = (2647.9,0)
vis: 5 87 1 0 = (2708.56,0)
vis: 5 88 1 0 = (2707.73,0)
vis: 5 89 1 0 = (2710.87,0)
vis: 5 90 1 0 = (2667.58,0)
vis: 5 91 1 0 = (2643.66,0)
vis: 5 92 1 0 = (2599.12,0)
vis: 5 93 1 0 = (2570.04,0)
vis: 5 94 1 0 = (2470.43,0)
vis: 5 95 1 0 = (2446.15,0)
vis: 5 96 1 0 = (2388.19,0)
vis: 5 97 1 0 = (2323.11,0)
vis: 5 98 1 0 = (2280.28,0)
vis: 5 99 1 0 = (2218.41,0)
vis: 5 100 1 0 = (2195.6,0)
vis: 5 101 1 0 = (2104.19,0)
vis: 5 102 1 0 = (2020.48,0)
vis: 5 103 1 0 = (1997.7,0)
vis: 5 104 1 0 = (1905.34,0)
vis: 5 105 1 0 = (1820.17,0)
vis: 5 106 1 0 = (1780.36,0)
vis: 5 107 1 0 = (1754.02,0)
vis: 5 108 1 0 = (1684.41,0)
vis: 5 109 1 0 = (1649.39,0)
vis: 5 110 1 0 = (1609.61,0)
vis: 5 111 1 0 = (1571.04,0)
vis: 5 112 1 0 = (1593.52,0)
vis: 5 113 1 0 = (1591.94,0)
vis: 5 114 1 0 = (1634.34,0)
vis: 5 115 1 0 = (1715,0)
vis: 5 116 1 0 = (1519.04,0)
vis: 5 117 1 0 = (1410.22,0)
vis: 5 118 1 0 = (1374.78,0)
vis: 5 119 1 0 = (1286.19,0)
vis: 5 120 1 0 = (1231,0)
vis: 5 121 1 0 = (1205.28,0)
vis: 5 122 1 0 = (1133.45,0)
vis: 5 123 1 0 = (1092.02,0)
vis: 5 124 1 0 = (1044.44,0)
vis: 5 125 1 0 = (1008.22,0)
vis: 5 126 1 0 = (991.904,0)
vis: 5 127 1 0 = (2238.83,0)
vis: 5 128 1 0 = (991.904,0)
vis: 5 129 1 0 = (1008.22,0)
vis: 5 130 1 0 = (1044.44,0)
vis: 5 131 1 0 = (1092.02,0)
vis: 5 132 1 0 = (1133.45,0)
vis: 5 133 1 0 = (1205.28,0)
vis: 5 134 1 0 = (1231,0)
vis: 5 135 1 0 = (1286.19,0)
vis: 5 136 1 0 = (1374.78,0)
vis: 5 137 1 0 = (1410.22,0)
vis: 5 138 1 0 = (1519.04,0)
vis: 5 139 1 0 = (1715,0)
vis: 5 140 1 0 = (1634.34,0)
vis: 5 141 1 0 = (1591.94,0)
vis: 5 142 1 0 = (1593.52,0)
vis: 5 143 1 0 = (1571.04,0)
vis: 5 144 1 0 = (1609.61,0)
vis: 5 145 1 0 = (1649.39,0)
vis: 5 146 1 0 = (1684.41,0)
vis: 5 147 1 0 = (1754.02,0)
vis: 5 148 1 0 = (1780.36,0)
vis: 5 149 1 0 = (1820.17,0)
vis: 5 150 1 0 = (1905.34,0)
vis: 5 151 1 0 = (1997.7,0)
vis: 5 152 1 0 = (2020.48,0)
vis: 5 153 1 0 = (2104.19,0)
vis: 5 154 1 0 = (2195.6,0)
vis: 5 155 1 0 = (2218.41,0)
vis: 5 156 1 0 = (2280.28,0)
vis: 5 157 1 0 = (2323.11,0)
vis: 5 158 1 0 = (2388.19,0)
vis: 5 159 1 0 = (2446.15,0)
vis: 5 160 1 0 = (2470.43,0)
vis: 5 161 1 0 = (2570.04,0)
vis: 5 162 1 0 = (2599.12,0)
vis: 5 163 1 0 = (2643.66,0)
vis: 5 164 1 0 = (2667.58,0)
vis: 5 165 1 0 = (2710.87,0)
vis: 5 166 1 0 = (2707.73,0)
vis: 5 167 1 0 = (2708.56,0)
vis: 5 168 1 0 = (2647.9,0)
vis: 5 169 1 0 = (2692.65,0)
vis: 5 170 1 0 = (2571.11,0)
vis: 5 171 1 0 = (2520.93,0)
vis: 5 172 1 0 = (2432.09,0)
vis: 5 173 1 0 = (2390.3,0)
vis: 5 174 1 0 = (2316.07,0)
vis: 5 175 1 0 = (2269.13,0)
vis: 5 176 1 0 = (2239.36,0)
vis: 5 177 1 0 = (2197.65,0)
vis: 5 178 1 0 = (2187.91,0)
vis: 5 179 1 0 = (2174.4,0)
vis: 5 180 1 0 = (2147.02,0)
vis: 5 181 1 0 = (2113.61,0)
vis: 5 182 1 0 = (2084.31,0)
vis: 5 183 1 0 = (2067.96,0)
vis: 5 184 1 0 = (2047.52,0)
vis: 5 185 1 0 = (1992.85,0)
vis: 5 186 1 0 = (1994.04,0)
vis: 5 187 1 0 = (1930.32,0)
vis: 5 188 1 0 = (1902.13,0)
vis: 5 189 1 0 = (1894.03,0)
vis: 5 190 1 0 = (1848.24,0)
vis: 5 191 1 0 = (1814.88,0)
vis: 5 192 1 0 = (1789.27,0)
vis: 5 193 1 0 = (1786.62,0)
vis: 5 194 1 0 = (1785.92,0)
vis: 5 195 1 0 = (1785.71,0)
vis: 5 196 1 0 = (1741.29,0)
vis: 5 197 1 0 = (1791.2,0)
vis: 5 198 1 0 = (1753.46,0)
vis: 5 199 1 0 = (1768.29,0)
vis: 5 200 1 0 = (1765.16,0)
vis: 5 201 1 0 = (1779.96,0)
vis: 5 202 1 0 = (1754.1,0)
vis: 5 203 1 0 = (1755.69,0)
vis: 5 204 1 0 = (1760.01,0)
vis: 5 205 1 0 = (1749.96,0)
vis: 5 206 1 0 = (1785.5,0)
vis: 5 207 1 0 = (1818.97,0)
vis: 5 208 1 0 = (1812.07,0)
vis: 5 209 1 0 = (1864.61,0)
vis: 5 210 1 0 = (1892.59,0)
vis: 5 211 1 0 = (1917.41,0)
vis: 5 212 1 0 = (1921.04,0)
vis: 5 213 1 0 = (1975.3,0)
vis: 5 214 1 0 = (2030.72,0)
vis: 5 215 1 0 = (2087.11,0)
vis: 5 216 1 0 = (2072.63,0)
vis: 5 217 1 0 = (2046.75,0)
vis: 5 218 1 0 = (2101.28,0)
vis: 5 219 1 0 = (2056.51,0)
vis: 5 220 1 0 = (2141.18,0)
vis: 5 221 1 0 = (2119.89,0)
vis: 5 222 1 0 = (2075.94,0)
vis: 5 223 1 0 = (2103.64,0)
vis: 5 224 1 0 = (2147.55,0)
vis: 5 225 1 0 = (2139.66,0)
vis: 5 226 1 0 = (2227.03,0)
vis: 5 227 1 0 = (2244.05,0)
vis: 5 228 1 0 = (2254.05,0)
vis: 5 229 1 0 = (2252.02,0)
vis: 5 230 1 0 = (2299.45,0)
vis: 5 231 1 0 = (2253.67,0)
vis: 5 232 1 0 = (2286.29,0)
vis: 5 233 1 0 = (2279.9,0)
vis: 5 234 1 0 = (2279.03,0)
vis: 5 235 1 0 = (2247.73,0)
vis: 5 236 1 0 = (2230.16,0)
vis: 5 237 1 0 = (2229.82,0)
vis: 5 238 1 0 = (2161.99,0)
vis: 5 239 1 0 = (2193.89,0)
vis: 5 240 1 0 = (2174.98,0)
vis: 5 241 1 0 = (2146.74,0)
vis: 5 242 1 0 = (2164.59,0)
vis: 5 243 1 0 = (2144.55,0)
vis: 5 244 1 0 = (2155.7,0)
vis: 5 245 1 0 = (2080.2,0)
vis: 5 246 1 0 = (2068.7,0)
vis: 5 247 1 0 = (2000.31,0)
vis: 5 248 1 0 = (1920.2,0)
vis: 5 249 1 0 = (1809.83,0)
vis: 5 250 1 0 = (1689.57,0)
vis: 5 251 1 0 = (1538.61,0)
vis: 5 252 1 0 = (1397.84,0)
vis: 5 253 1 0 = (1308.23,0)
vis: 5 254 1 0 = (1233.44,0)
vis: 6 0 1 0 = (568.078,0)
vis: 6 1 1 0 = (615.417,0)
vis: 6 2 1 0 = (672.957,0)
vis: 6 3 1 0 = (778.762,0)
vis: 6 4 1 0 = (867.283,0)
vis: 6 5 1 0 = (931.395,0)
vis: 6 6 1 0 = (990.852,0)
vis: 6 7 1 0 = (1040.32,0)
vis: 6 8 1 0 = (1063.45,0)
vis: 6 9 1 0 = (1053.34,0)
vis: 6 10 1 0 = (1114.44,0)
vis: 6 11 1 0 = (1089.76,0)
vis: 6 12 1 0 = (1109.41,0)
vis: 6 13 1 0 = (1087.03,0)
vis: 6 14 1 0 = (1110.09,0)
vis: 6 15 1 0 = (1102.46,0)
vis: 6 16 1 0 = (1109.34,0)
vis: 6 17 1 0 = (1147.03,0)
vis: 6 18 1 0 = (1178.38,0)
vis: 6 19 1 0 = (1174.87,0)
vis: 6 20 1 0 = (1221.88,0)
vis: 6 21 1 0 = (1238.58,0)
vis: 6 22 1 0 = (1246.17,0)
vis: 6 23 1 0 = (1272.58,0)
vis: 6 24 1 0 = (1288.1,0)
vis: 6 25 1 0 = (1293.64,0)
vis: 6 26 1 0 = (1304.56,0)
vis: 6 27 1 0 = (1319.74,0)
vis: 6 28 1 0 = (1309.08,0)
vis: 6 29 1 0 = (1330.21,0)
vis: 6 30 1 0 = (1359.68,0)
vis: 6 31 1 0 = (1345.76,0)
vis: 6 32 1 0 = (1354.1,0)
vis: 6 33 1 0 = (1378.53,0)
vis: 6 34 1 0 = (1389.47,0)
vis: 6 35 1 0 = (1400.48,0)
vis: 6 36 1 0 = (1443.93,0)
vis: 6 37 1 0 = (1444.22,0)
vis: 6 38 1 0 = (1491.35,0)
vis: 6 39 1 0 = (1495.18,0)
vis: 6 40 1 0 = (1514.27,0)
vis: 6 41 1 0 = (1519.82,0)
vis: 6 42 1 0 = (1532.62,0)
vis: 6 43 1 0 = (1535.42,0)
vis: 6 44 1 0 = (1520.71,0)
vis: 6 45 1 0 = (1537.4,0)
vis: 6 46 1 0 = (1539.4,0)
vis: 6 47 1 0 = (1563.44,0)
vis: 6 48 1 0 = (1546.83,0)
vis: 6 49 1 0 = (1606,0)
vis: 6 50 1 0 = (1624.28,0)
vis: 6 51 1 0 = (1678.34,0)
vis: 6 52 1 0 = (1696.87,0)
vis: 6 53 1 0 = (1700.82,0)
vis: 6 54 1 0 = (1726.13,0)
vis: 6 55 1 0 = (1765.78,0)
vis: 6 56 1 0 = (1765.26,0)
vis: 6 57 1 0 = (1800.34,0)
vis: 6 58 1 0 = (1818.36,0)
vis: 6 59 1 0 = (1814.12,0)
vis: 6 60 1 0 = (1808.68,0)
vis: 6 61 1 0 = (1825.61,0)
vis: 6 62 1 0 = (1846.36,0)
vis: 6 63 1 0 = (1864.91,0)
vis: 6 64 1 0 = (1856.34,0)
vis: 6 65 1 0 = (1911.08,0)
vis: 6 66 1 0 = (1901.02,0)
vis: 6 67 1 0 = (1927.97,0)
vis: 6 68 1 0 = (1983.53,0)
vis: 6 69 1 0 = (2027.83,0)
vis: 6 70 1 0 = (2071.69,0)
vis: 6 71 1 0 = (2099.81,0)
vis: 6 72 1 0 = (2094.5,0)
vis: 6 73 1 0 = (2110.68,0)
vis: 6 74 1 0 = (2135.38,0)
vis: 6 75 1 0 = (2115.97,0)
vis: 6 76 1 0 = (2142.41,0)
vis: 6 77 1 0 = (2141.24,0)
vis: 6 78 1 0 = (2220.44,0)
vis: 6 79 1 0 = (2197.16,0)
vis: 6 80 1 0 = (2239.91,0)
vis: 6 81 1 0 = (2250.43,0)
vis: 6 82 1 0 = (2284.45,0)
vis: 6 83 1 0 = (2338.39,0)
vis: 6 84 1 0 = (2366.56,0)
vis: 6 85 1 0 = (2388.5,0)
vis: 6 86 1 0 = (2381.41,0)
vis: 6 87 1 0 = (2451.97,0)
vis: 6 88 1 0 = (2478.74,0)
vis: 6 89 1 0 = (2441.89,0)
vis: 6 90 1 0 = (2487.08,0)
vis: 6 91 1 0 = (2502.62,0)
vis: 6 92 1 0 = (2548.63,0)
vis: 6 93 1 0 = (2538.31,0)
vis: 6 94 1 0 = (2565.89,0)
vis: 6 95 1 0 = (2497.57,0)
vis: 6 96 1 0 = (2569.77,0)
vis: 6 97 1 0 = (2602.26,0)
vis: 6 98 1 0 = (2610.35,0)
vis: 6 99 1 0 = (2655.65,0)
vis: 6 100 1 0 = (2677.37,0)
vis: 6 101 1 0 = (2757.54,0)
vis: 6 102 1 0 = (2732.11,0)
vis: 6 103 1 0 = (2746.81,0)
vis: 6 104 1 0 = (2776.38,0)
vis: 6 105 1 0 = (2781.02,0)
vis: 6 106 1 0 = (2776.97,0)
vis: 6 107 1 0 = (2831.44,0)
vis: 6 108 1 0 = (2826.55,0)
vis: 6 109 1 0 = (2881.03,0)
vis: 6 110 1 0 = (2837.37,0)
vis: 6 111 1 0 = (2882.65,0)
vis: 6 112 1 0 = (2874.99,0)
vis: 6 113 1 0 = (2880.18,0)
vis: 6 114 1 0 = (2876.11,0)
vis: 6 115 1 0 = (2833.19,0)
vis: 6 116 1 0 = (2783.32,0)
vis: 6 117 1 0 = (2752.85,0)
vis: 6 118 1 0 = (2669.25,0)
vis: 6 119 1 0 = (2571.05,0)
vis: 6 120 1 0 = (2469.32,0)
vis: 6 121 1 0 = (2271.55,0)
vis: 6 122 1 0 = (2113.61,0)
vis: 6 123 1 0 = (1962.27,0)
vis: 6 124 1 0 = (1800.36,0)
vis: 6 125 1 0 = (1660.74,0)
vis: 6 126 1 0 = (1586.88,0)
vis: 6 127 1 0 = (1575.49,0)
vis: 6 128 1 0 = (1586.88,0)
vis: 6 129 1 0 = (1660.74,0)
vis: 6 130 1 0 = (1800.36,0)
vis: 6 131 1 0 = (1962.27,0)
vis: 6 132 1 0 = (2113.61,0)
vis: 6 133 1 0 = (2271.55,0)
vis: 6 134 1 0 = (2469.32,0)
vis: 6 135 1 0 = (2571.05,0)
vis: 6 136 1 0 = (2669.25,0)
vis: 6 137 1 0 = (2752.85,0)
vis: 6 138 1 0 = (2783.32,0)
vis: 6 139 1 0 = (2833.19,0)
vis: 6 140 1 0 = (2876.11,0)
vis: 6 141 1 0 = (2880.18,0)
vis: 6 142 1 0 = (2874.99,0)
vis: 6 143 1 0 = (2882.65,0)
vis: 6 144 1 0 = (2837.37,0)
vis: 6 145 1 0 = (2881.03,0)
vis: 6 146 1 0 = (2826.55,0)
vis: 6 147 1 0 = (2831.44,0)
vis: 6 148 1 0 = (2776.97,0)
vis: 6 149 1 0 = (2781.02,0)
vis: 6 150 1 0 = (2776.38,0)
vis: 6 151 1 0 = (2746.81,0)
vis: 6 152 1 0 = (2732.11,0)
vis: 6 153 1 0 = (2757.54,0)
vis: 6 154 1 0 = (2677.37,0)
vis: 6 155 1 0 = (2655.65,0)
vis: 6 156 1 0 = (2610.35,0)
vis: 6 157 1 0 = (2602.26,0)
vis: 6 158 1 0 = (2569.77,0)
vis: 6 159 1 0 = (2497.57,0)
vis: 6 160 1 0 = (2565.89,0)
vis: 6 161 1 0 = (2538.31,0)
vis: 6 162 1 0 = (2548.63,0)
vis: 6 163 1 0 = (2502.62,0)
vis: 6 164 1 0 = (2487.08,0)
vis: 6 165 1 0 = (2441.89,0)
vis: 6 166 1 0 = (2478.74,0)
vis: 6 167 1 0 = (2451.97,0)
vis: 6 168 1 0 = (2381.41,0)
vis: 6 169 1 0 = (2388.5,0)
vis: 6 170 1 0 = (2366.56,0)
vis: 6 171 1 0 = (2338.39,0)
vis: 6 172 1 0 = (2284.45,0)
vis: 6 173 1 0 = (2250.43,0)
vis: 6 174 1 0 = (2239.91,0)
vis: 6 175 1 0 = (2197.16,0)
vis: 6 176 1 0 = (2220.44,0)
vis: 6 177 1 0 = (2141.24,0)
vis: 6 178 1 0 = (2142.41,0)
vis: 6 179 1 0 = (2115.97,0)
vis: 6 180 1 0 = (2135.38,0)
vis: 6 181 1 0 = (2110.68,0)
vis: 6 182 1 0 = (2094.5,0)
vis: 6 183 1 0 = (2099.81,0)
vis: 6 184 1 0 = (2071.69,0)
vis: 6 185 1 0 = (2027.83,0)
vis: 6 186 1 0 = (1983.53,0)
vis: 6 187 1 0 = (1927.97,0)
vis: 6 188 1 0 = (1901.02,0)
vis: 6 189 1 0 = (1911.08,0)
vis: 6 190 1 0 = (1856.34,0)
vis: 6 191 1 0 = (1864.91,0)
vis: 6 192 1 0 = (1846.36,0)
vis: 6 193 1 0 = (1825.61,0)
vis: 6 194 1 0 = (1808.68,0)
vis: 6 195 1 0 = (1814.12,0)
vis: 6 196 1 0 = (1818.36,0)
vis: 6 197 1 0 = (1800.34,0)
vis: 6 198 1 0 = (1765.26,0)
vis: 6 199 1 0 = (1765.78,0)
vis: 6 200 1 0 = (1726.13,0)
vis: 6 201 1 0 = (1700.82,0)
vis: 6 202 1 0 = (1696.87,0)
vis: 6 203 1 0 = (1678.34,0)
vis: 6 204 1 0 = (1624.28,0)
vis: 6 205 1 0 = (1606,0)
vis: 6 206 1 0 = (1546.83,0)
vis: 6 207 1 0 = (1563.44,0)
vis: 6 208 1 0 = (1539.4,0)
vis: 6 209 1 0 = (1537.4,0)
vis: 6 210 1 0 = (1520.71,0)
vis: 6 211 1 0 = (1535.42,0)
vis: 6 212 1 0 = (1532.62,0)
vis: 6 213 1 0 = (1519.82,0)
vis: 6 214 1 0 = (1514.27,0)
vis: 6 215 1 0 = (1495.18,0)
vis: 6 216 1 0 = (1491.35,0)
vis: 6 217 1 0 = (1444.22,0)
vis: 6 218 1 0 = (1443.93,0)
vis: 6 219 1 0 = (1400.48,0)
vis: 6 220 1 0 = (1389.47,0)
vis: 6 221 1 0 = (1378.53,0)
vis: 6 222 1 0 = (1354.1,0)
vis: 6 223 1 0 = (1345.76,0)
vis: 6 224 1 0 = (1359.68,0)
vis: 6 225 1 0 = (1330.21,0)
vis: 6 226 1 0 = (1309.08,0)
vis: 6 227 1 0 = (1319.74,0)
vis: 6 228 1 0 = (1304.56,0)
vis: 6 229 1 0 = (1293.64,0)
vis: 6 230 1 0 = (1288.1,0)
vis: 6 231 1 0 = (1272.58,0)
vis: 6 232 1 0 = (1246.17,0)
vis: 6 233 1 0 = (1238.58,0)
vis: 6 234 1 0 = (1221.88,0)
vis: 6 235 1 0 = (1174.87,0)
vis: 6 236 1 0 = (1178.38,0)
vis: 6 237 1 0 = (1147.03,0)
vis: 6 238 1 0 = (1109.34,0)
vis: 6 239 1 0 = (1102.46,0)
vis: 6 240 1 0 = (1110.09,0)
vis: 6 241 1 0 = (1087.03,0)
vis: 6 242 1 0 = (1109.41,0)
vis: 6 243 1 0 = (1089.76,0)
vis: 6 244 1 0 = (1114.44,0)
vis: 6 245 1 0 = (1053.34,0)
vis: 6 246 1 0 = (1063.45,0)
vis: 6 247 1 0 = (1040.32,0)
vis: 6 248 1 0 = (990.852,0)
vis: 6 249 1 0 = (931.395,0)
vis: 6 250 1 0 = (867.283,0)
vis: 6 251 1 0 = (778.762,0)
vis: 6 252 1 0 = (672.957,0)
vis: 6 253 1 0 = (615.417,0)
vis: 6 254 1 0 = (568.078,0)
vis: 7 0 1 0 = (1074.06,0)
vis: 7 1 1 0 = (1121.6,0)
vis: 7 2 1 0 = (1161.4,0)
vis: 7 3 1 0 = (1253.01,0)
vis: 7 4 1 0 = (1356.83,0)
vis: 7 5 1 0 = (1396.57,0)
vis: 7 6 1 0 = (1468.69,0)
vis: 7 7 1 0 = (1517.7,0)
vis: 7 8 1 0 = (1571.5,0)
vis: 7 9 1 0 = (1575.12,0)
vis: 7 10 1 0 = (1586.3,0)
vis: 7 11 1 0 = (1602.76,0)
vis: 7 12 1 0 = (1640.09,0)
vis: 7 13 1 0 = (1588.81,0)
vis: 7 14 1 0 = (1615.43,0)
vis: 7 15 1 0 = (1616.77,0)
vis: 7 16 1 0 = (1638.53,0)
vis: 7 17 1 0 = (1639.77,0)
vis: 7 18 1 0 = (1705.89,0)
vis: 7 19 1 0 = (1700.13,0)
vis: 7 20 1 0 = (1773.18,0)
vis: 7 21 1 0 = (1767.73,0)
vis: 7 22 1 0 = (1807.8,0)
vis: 7 23 1 0 = (1834.85,0)
vis: 7 24 1 0 = (1841.23,0)
vis: 7 25 1 0 = (1863.8,0)
vis: 7 26 1 0 = (1888.9,0)
vis: 7 27 1 0 = (1846.57,0)
vis: 7 28 1 0 = (1878.05,0)
vis: 7 29 1 0 = (1902.95,0)
vis: 7 30 1 0 = (1924.93,0)
vis: 7 31 1 0 = (1931.06,0)
vis: 7 32 1 0 = (1935.03,0)
vis: 7 33 1 0 = (1934.38,0)
vis: 7 34 1 0 = (2022.05,0)
vis: 7 35 1 0 = (1986.03,0)
vis: 7 36 1 0 = (2035.25,0)
vis: 7 37 1 0 = (2056.81,0)
vis: 7 38 1 0 = (2094.32,0)
vis: 7 39 1 0 = (2106.98,0)
vis: 7 40 1 0 = (2144.94,0)
vis: 7 41 1 0 = (2110.4,0)
vis: 7 42 1 0 = (2165.27,0)
vis: 7 43 1 0 = (2122.57,0)
vis: 7 44 1 0 = (2130.58,0)
vis: 7 45 1 0 = (2111.91,0)
vis: 7 46 1 0 = (2130.22,0)
vis: 7 47 1 0 = (2181.34,0)
vis: 7 48 1 0 = (2164.86,0)
vis: 7 49 1 0 = (2180.1,0)
vis: 7 50 1 0 = (2231.14,0)
vis: 7 51 1 0 = (2218.55,0)
vis: 7 52 1 0 = (2261.12,0)
vis: 7 53 1 0 = (2276.05,0)
vis: 7 54 1 0 = (2300.19,0)
vis: 7 55 1 0 = (2311.96,0)
vis: 7 56 1 0 = (2347.67,0)
vis: 7 57 1 0 = (2353.91,0)
vis: 7 58 1 0 = (2383.3,0)
vis: 7 59 1 0 = (2350.73,0)
vis: 7 60 1 0 = (2313.92,0)
vis: 7 61 1 0 = (2322.11,0)
vis: 7 62 1 0 = (2348.75,0)
vis: 7 63 1 0 = (2366.5,0)
vis: 7 64 1 0 = (2341.59,0)
vis: 7 65 1 0 = (2390.71,0)
vis: 7 66 1 0 = (2400.75,0)
vis: 7 67 1 0 = (2379.54,0)
vis: 7 68 1 0 = (2417.77,0)
vis: 7 69 1 0 = (2394.92,0)
vis: 7 70 1 0 = (2488.4,0)
vis: 7 71 1 0 = (2441.6,0)
vis: 7 72 1 0 = (2478.65,0)
vis: 7 73 1 0 = (2449.93,0)
vis: 7 74 1 0 = (2483.06,0)
vis: 7 75 1 0 = (2473.34,0)
vis: 7 76 1 0 = (2498.85,0)
vis: 7 77 1 0 = (2451.33,0)
vis: 7 78 1 0 = (2483.33,0)
vis: 7 79 1 0 = (2474.89,0)
vis: 7 80 1 0 = (2464.21,0)
vis: 7 81 1 0 = (2488.65,0)
vis: 7 82 1 0 = (2521.45,0)
vis: 7 83 1 0 = (2583.7,0)
vis: 7 84 1 0 = (2537.75,0)
vis: 7 85 1 0 = (2543.4,0)
vis: 7 86 1 0 = (2579.1,0)
vis: 7 87 1 0 = (2554.78,0)
vis: 7 88 1 0 = (2565.71,0)
vis: 7 89 1 0 = (2605.06,0)
vis: 7 90 1 0 = (2565.8,0)
vis: 7 91 1 0 = (2597.26,0)
vis: 7 92 1 0 = (2635.92,0)
vis: 7 93 1 0 = (2603.18,0)
vis: 7 94 1 0 = (2568.43,0)
vis: 7 95 1 0 = (2515.42,0)
vis: 7 96 1 0 = (2561.62,0)
vis: 7 97 1 0 = (2540.09,0)
vis: 7 98 1 0 = (2572.67,0)
vis: 7 99 1 0 = (2599.56,0)
vis: 7 100 1 0 = (2627.45,0)
vis: 7 101 1 0 = (2621.99,0)
vis: 7 102 1 0 = (2642.55,0)
vis: 7 103 1 0 = (2617.41,0)
vis: 7 104 1 0 = (2638.75,0)
vis: 7 105 1 0 = (2576.38,0)
vis: 7 106 1 0 = (2606.35,0)
vis: 7 107 1 0 = (2574.14,0)
vis: 7 108 1 0 = (2615.47,0)
vis: 7 109 1 0 = (2579.15,0)
vis: 7 110 1 0 = (2568.43,0)
vis: 7 111 1 0 = (2564.18,0)
vis: 7 112 1 0 = (2559.35,0)
vis: 7 113 1 0 = (2604.89,0)
vis: 7 114 1 0 = (2548.57,0)
vis: 7 115 1 0 = (2520.32,0)
vis: 7 116 1 0 = (2433.45,0)
vis: 7 117 1 0 = (2415.78,0)
vis: 7 118 1 0 = (2389.25,0)
vis: 7 119 1 0 = (2269.49,0)
vis: 7 120 1 0 = (2140.69,0)
vis: 7 121 1 0 = (2019.82,0)
vis: 7 122 1 0 = (2025.07,0)
vis: 7 123 1 0 = (1831.83,0)
vis: 7 124 1 0 = (1733.76,0)
vis: 7 125 1 0 = (2010.06,0)
vis: 7 126 1 0 = (1597.74,0)
vis: 7 127 1 0 = (8634.41,0)
vis: 7 128 1 0 = (1597.74,0)
vis: 7 129 1 0 = (2010.06,0)
vis: 7 130 1 0 = (1733.76,0)
vis: 7 131 1 0 = (1831.83,0)
vis: 7 132 1 0 = (2025.07,0)
vis: 7 133 1 0 = (2019.82,0)
vis: 7 134 1 0 = (2140.69,0)
vis: 7 135 1 0 = (2269.49,0)
vis: 7 136 1 0 = (2389.25,0)
vis: 7 137 1 0 = (2415.78,0)
vis: 7 138 1 0 = (2433.45,0)
vis: 7 139 1 0 = (2520.32,0)
vis: 7 140 1 0 = (2548.57,0)
vis: 7 141 1 0 = (2604.89,0)
vis: 7 142 1 0 = (2559.35,0)
vis: 7 143 1 0 = (2564.18,0)
vis: 7 144 1 0 = (2568.43,0)
vis: 7 145 1 0 = (2579.15,0)
vis: 7 146 1 0 = (2615.47,0)
vis: 7 147 1 0 = (2574.14,0)
vis: 7 148 1 0 = (2606.35,0)
vis: 7 149 1 0 = (2576.38,0)
vis: 7 150 1 0 = (2638.75,0)
vis: 7 151 1 0 = (2617.41,0)
vis: 7 152 1 0 = (2642.55,0)
vis: 7 153 1 0 = (2621.99,0)
vis: 7 154 1 0 = (2627.45,0)
vis: 7 155 1 0 = (2599.56,0)
vis: 7 156 1 0 = (2572.67,0)
vis: 7 157 1 0 = (2540.1,0)
vis: 7 158 1 0 = (2561.62,0)
vis: 7 159 1 0 = (2515.42,0)
vis: 7 160 1 0 = (2568.43,0)
vis: 7 161 1 0 = (2603.18,0)
vis: 7 162 1 0 = (2635.92,0)
vis: 7 163 1 0 = (2597.26,0)
vis: 7 164 1 0 = (2565.8,0)
vis: 7 165 1 0 = (2605.06,0)
vis: 7 166 1 0 = (2565.72,0)
vis: 7 167 1 0 = (2554.78,0)
vis: 7 168 1 0 = (2579.1,0)
vis: 7 169 1 0 = (2543.4,0)
vis: 7 170 1 0 = (2537.75,0)
vis: 7 171 1 0 = (2583.7,0)
vis: 7 172 1 0 = (2521.45,0)
vis: 7 173 1 0 = (2488.65,0)
vis: 7 174 1 0 = (2464.21,0)
vis: 7 175 1 0 = (2474.89,0)
vis: 7 176 1 0 = (2483.33,0)
vis: 7 177 1 0 = (2451.33,0)
vis: 7 178 1 0 = (2498.85,0)
vis: 7 179 1 0 = (2473.34,0)
vis: 7 180 1 0 = (2483.06,0)
vis: 7 181 1 0 = (2449.93,0)
vis: 7 182 1 0 = (2478.65,0)
vis: 7 183 1 0 = (2441.6,0)
vis: 7 184 1 0 = (2488.4,0)
vis: 7 185 1 0 = (2394.92,0)
vis: 7 186 1 0 = (2417.77,0)
vis: 7 187 1 0 = (2379.54,0)
vis: 7 188 1 0 = (2400.75,0)
vis: 7 189 1 0 = (2390.71,0)
vis: 7 190 1 0 = (2341.59,0)
vis: 7 191 1 0 = (2366.5,0)
vis: 7 192 1 0 = (2348.75,0)
vis: 7 193 1 0 = (2322.11,0)
vis: 7 194 1 0 = (2313.92,0)
vis: 7 195 1 0 = (2350.73,0)
vis: 7 196 1 0 = (2383.3,0)
vis: 7 197 1 0 = (2353.91,0)
vis: 7 198 1 0 = (2347.68,0)
vis: 7 199 1 0 = (2311.96,0)
vis: 7 200 1 0 = (2300.19,0)
vis: 7 201 1 0 = (2276.05,0)
vis: 7 202 1 0 = (2261.13,0)
vis: 7 203 1 0 = (2218.55,0)
vis: 7 204 1 0 = (2231.14,0)
vis: 7 205 1 0 = (2180.1,0)
vis: 7 206 1 0 = (2164.86,0)
vis: 7 207 1 0 = (2181.34,0)
vis: 7 208 1 0 = (2130.22,0)
vis: 7 209 1 0 = (2111.91,0)
vis: 7 210 1 0 = (2130.58,0)
vis: 7 211 1 0 = (2122.57,0)
vis: 7 212 1 0 = (2165.27,0)
vis: 7 213 1 0 = (2110.4,0)
vis: 7 214 1 0 = (2144.94,0)
vis: 7 215 1 0 = (2106.98,0)
vis: 7 216 1 0 = (2094.32,0)
vis: 7 217 1 0 = (2056.81,0)
vis: 7 218 1 0 = (2035.25,0)
vis: 7 219 1 0 = (1986.03,0)
vis: 7 220 1 0 = (2022.05,0)
vis: 7 221 1 0 = (1934.38,0)
vis: 7 222 1 0 = (1935.03,0)
vis: 7 223 1 0 = (1931.06,0)
vis: 7 224 1 0 = (1924.93,0)
vis: 7 225 1 0 = (1902.95,0)
vis: 7 226 1 0 = (1878.05,0)
vis: 7 227 1 0 = (1846.57,0)
vis: 7 228 1 0 = (1888.9,0)
vis: 7 229 1 0 = (1863.8,0)
vis: 7 230 1 0 = (1841.23,0)
vis: 7 231 1 0 = (1834.85,0)
vis: 7 232 1 0 = (1807.8,0)
vis: 7 233 1 0 = (1767.73,0)
vis: 7 234 1 0 = (1773.18,0)
vis: 7 235 1 0 = (1700.13,0)
vis: 7 236 1 0 = (1705.89,0)
vis: 7 237 1 0 = (1639.76,0)
vis: 7 238 1 0 = (1638.53,0)
vis: 7 239 1 0 = (1616.77,0)
vis: 7 240 1 0 = (1615.43,0)
vis: 7 241 1 0 = (1588.81,0)
vis: 7 242 1 0 = (1640.09,0)
vis: 7 243 1 0 = (1602.76,0)
vis: 7 244 1 0 = (1586.3,0)
vis: 7 245 1 0 = (1575.12,0)
vis: 7 246 1 0 = (1571.5,0)
vis: 7 247 1 0 = (1517.7,0)
vis: 7 248 1 0 = (1468.69,0)
vis: 7 249 1 0 = (1396.57,0)
vis: 7 250 1 0 = (1356.83,0)
vis: 7 251 1 0 = (1253.01,0)
vis: 7 252 1 0 = (1161.4,0)
vis: 7 253 1 0 = (1121.6,0)
vis: 7 254 1 0 = (1074.06,0)
