command line arguments: ISBI/ISBI -p1 -n2 -t768 -c256 -C17 -b16 -s8 -m15 -D 2024-02-20 04:35:19 -r180 -g0 -q1 -R0 -i /var/scratch/jsteinbe/data/aa1_ib_no0002.m5a,/var/scratch/jsteinbe/data/aa1_ir_no0002.m5a -o /var/scratch/mpurvins/a1.out,/var/scratch/mpurvins/a2.out,/var/scratch/mpurvins/a3.out,/var/scratch/mpurvins/a4.out,/var/scratch/mpurvins/a5.out,/var/scratch/mpurvins/a6.out,/var/scratch/mpurvins/a7.out,/var/scratch/mpurvins/a8.out
#receivers = 2
#polarizations = 2
#intermediate channels/subband = 256
#output channels/subband = 17
#samples/channel = 768
#bits/sample = 16
correlator mode = 15
start time = 1708403719000000000
intended stop time = 1708403899000000000
bandpass correction = 1
delay compensation = 0
generating FIR filter bank with 256 channels and 16 taps (4096 total), using a Kaiser window with beta = 9.0695
myNrStations myNrStations 1
InputBuffer 0-0 created by CPU 1
43 on node myFirstStation 0
0, memory at node 0
myNrStations 1
myFirstStation 1myNrStations 
1
InputBuffer 1-1 created by CPU 43 on node 0, memory at node 0
VDIF Header read successfully:
sec_from_epoch: 4386919
legacy_mode: 0
invalid: 0
dataframe_in_second: 1542
ref_epoch: 48
dataframe_length: 1004
log2_nchan: 4
version: 0
station_id: 26994
thread_id: 0
bits_per_sample: 1
data_type: 0
user_data1: 0
edv: 0
user_data2: 0
user_data3: 0
user_data4: 0
1704016800000000000 epoch
 ps.inputDescriptors() 
data_frame_size 8000
samples_per_frame 2000
nr_channels 16
VDIF Header read successfully:
sec_from_epoch: 4386919
legacy_mode: 0
invalid: 0
dataframe_in_second: 1542
ref_epoch: 48
dataframe_length: 1004
log2_nchan: 4
version: 0
station_id: 26994
thread_id: 0
bits_per_sample: 1
data_type: 0
user_data1: 0
edv: 0
user_data2: 0
user_data3: 0
user_data4: 0
1704016800000000000 epoch
 ps.inputDescriptors() 
data_frame_size 8000
samples_per_frame 2000
nr_channels 16
output buffer 0 created by CPU 43 on node 0, memory at node 0
output buffer 1 created by CPU 43 on node 0, memory at node 0
output buffer 2 created by CPU 43 on node 0, memory at node 0
output buffer 3 created by CPU 43 on node 0, memory at node 0
output buffer 4 created by CPU 43 on node 0, memory at node 0
output buffer 5 created by CPU 43 on node 0, memory at node 0
output buffer 6 created by CPU 43 on node 0, memory at node 0
output buffer 7 created by CPU 43 on node 0, memory at node 0
time: 1708403719000000000, exec: 1.32155e-05
InputBuffer 0-0 1708403718999760000 flagged: 100% (1)
InputBuffer 1-1 1708403718999760000 flagged: 100% (1)
Warning: no valid samples for block starting at 1708403719000000000
time: 1708403719012287500, exec: 0.0092748
InputBuffer 0-0 1708403719012047500 flagged: 100% (1)
InputBuffer 1-1 1708403719012047500 flagged: 100% (1)
Warning: no valid samples for block starting at 1708403719012287500
time: 1708403719024575625, exec: 0.00925681
InputBuffer 0-0 1708403719024335625 flagged: 100% (1)
InputBuffer 1-1 1708403719024335625 flagged: 100% (1)
Warning: no valid samples for block starting at 1708403719024575625
time: 1708403719036863750, exec: 0.00919651
InputBuffer 0-0 1708403719036623750 flagged: 100% (1)
InputBuffer 1-1 1708403719036623750 flagged: 100% (1)
Warning: no valid samples for block starting at 1708403719036863750
time: 1708403719049151875, exec: 0.00928249
InputBuffer 0-0 1708403719048911875 flagged: 100% (1)
InputBuffer 1-1 1708403719048911875 flagged: 100% (1)
Warning: no valid samples for block starting at 1708403719049151875
time: 1708403719061440000, exec: 0.00918892
InputBuffer 0-0 1708403719061200000 flagged: 100% (1)
InputBuffer 1-1 1708403719061200000 flagged: 100% (1)
Warning: no valid samples for block starting at 1708403719061440000
time: 1708403719073727500, exec: 0.00921858
InputBuffer 0-0 1708403719073487500 flagged: 100% (1)
InputBuffer 1-1 1708403719073487500 flagged: 100% (1)
Warning: no valid samples for block starting at 1708403719073727500
time: 1708403719086015625, exec: 0.00918219
InputBuffer 0-0 1708403719085775625 flagged: 100% (1)
InputBuffer 1-1 1708403719085775625 flagged: 100% (1)
Warning: no valid samples for block starting at 1708403719086015625
time: 1708403719098303750, exec: 0.0092182
InputBuffer 0-0 1708403719098063750 flagged: 100% (1)
InputBuffer 1-1 1708403719098063750 flagged: 100% (1)
Warning: no valid samples for block starting at 1708403719098303750
time: 1708403719110591875, exec: 0.00921914
InputBuffer 0-0 1708403719110351875 flagged: 100% (1)
InputBuffer 1-1 1708403719110351875 flagged: 100% (1)
Warning: no valid samples for block starting at 1708403719110591875
time: 1708403719122880000, exec: 0.00924148
InputBuffer 0-0 1708403719122640000 flagged: 100% (1)
InputBuffer 1-1 1708403719122640000 flagged: 100% (1)
Warning: no valid samples for block starting at 1708403719122880000
time: 1708403719135167500, exec: 0.00927836
InputBuffer 0-0 1708403719134927500 flagged: 100% (1)
InputBuffer 1-1 1708403719134927500 flagged: 100% (1)
Warning: no valid samples for block starting at 1708403719135167500
time: 1708403719147455625, exec: 0.00915945
InputBuffer 0-0 1708403719147215625 flagged: 100% (1)
InputBuffer 1-1 1708403719147215625 flagged: 100% (1)
Warning: no valid samples for block starting at 1708403719147455625
time: 1708403719159743750, exec: 0.00913783
InputBuffer 0-0 1708403719159503750 flagged: 100% (1)
InputBuffer 1-1 1708403719159503750 flagged: 100% (1)
Warning: no valid samples for block starting at 1708403719159743750
time: 1708403719172031875, exec: 0.00912335
InputBuffer 0-0 1708403719171791875 flagged: 100% (1)
InputBuffer 1-1 1708403719171791875 flagged: 100% (1)
Warning: no valid samples for block starting at 1708403719172031875
time: 1708403719184320000, exec: 0.00913829
InputBuffer 0-0 1708403719184080000 flagged: 68.2072% (1)
InputBuffer 1-1 1708403719184080000 flagged: 68.2072% (1)
time: 1708403719196607500, exec: 0.0425074
InputBuffer 0-0 1708403719196367500 flagged: 0% (0)
InputBuffer 1-1 1708403719196367500 flagged: 0% (0)
time: 1708403719208895625, exec: 0.020817
InputBuffer 0-0 1708403719208655625 flagged: 0% (0)
InputBuffer 1-1 1708403719208655625 flagged: 0% (0)
time: 1708403719221183750, exec: 0.0392433
InputBuffer 0-0 1708403719220943750 flagged: 0% (0)
InputBuffer 1-1 1708403719220943750 flagged: 0% (0)
time: 1708403719233471875, exec: 0.0185836
InputBuffer 0-0 1708403719233231875 flagged: 0% (0)
InputBuffer 1-1 1708403719233231875 flagged: 0% (0)
time: 1708403719245760000, exec: 0.0363096
InputBuffer 0-0 1708403719245520000 flagged: 0% (0)
InputBuffer 1-1 1708403719245520000 flagged: 0% (0)
time: 1708403719258047500, exec: 0.0186301
InputBuffer 0-0 1708403719257807500 flagged: 0% (0)
InputBuffer 1-1 1708403719257807500 flagged: 0% (0)
time: 1708403719270335625, exec: 0.0381936
InputBuffer 0-0 1708403719270095625 flagged: 0% (0)
InputBuffer 1-1 1708403719270095625 flagged: 0% (0)
time: 1708403719282623750, exec: 0.0183375
InputBuffer 0-0 1708403719282383750 flagged: 0% (0)
InputBuffer 1-1 1708403719282383750 flagged: 0% (0)
time: 1708403719294911875, exec: 0.03653
InputBuffer 0-0 1708403719294671875 flagged: 0% (0)
InputBuffer 1-1 1708403719294671875 flagged: 0% (0)
time: 1708403719307200000, exec: 0.0191408
InputBuffer 0-0 1708403719306960000 flagged: 0% (0)
InputBuffer 1-1 1708403719306960000 flagged: 0% (0)
time: 1708403719319487500, exec: 0.0413273
InputBuffer 0-0 1708403719319247500 flagged: 0% (0)
InputBuffer 1-1 1708403719319247500 flagged: 0% (0)
time: 1708403719331775625, exec: 0.0314331
InputBuffer 0-0 1708403719331535625 flagged: 0% (0)
InputBuffer 1-1 1708403719331535625 flagged: 0% (0)
time: 1708403719344063750, exec: 0.0396101
InputBuffer 0-0 1708403719343823750 flagged: 0% (0)
InputBuffer 1-1 1708403719343823750 flagged: 0% (0)
time: 1708403719356351875, exec: 0.0367393
InputBuffer 0-0 1708403719356111875 flagged: 0% (0)
InputBuffer 1-1 1708403719356111875 flagged: 0% (0)
time: 1708403719368640000, exec: 0.0194374
InputBuffer 0-0 1708403719368400000 flagged: 0% (0)
InputBuffer 1-1 1708403719368400000 flagged: 0% (0)
time: 1708403719380927500, exec: 0.0377625
InputBuffer 0-0 1708403719380687500 flagged: 0% (0)
InputBuffer 1-1 1708403719380687500 flagged: 0% (0)
time: 1708403719393215625, exec: 0.0192157
InputBuffer 0-0 1708403719392975625 flagged: 0% (0)
InputBuffer 1-1 1708403719392975625 flagged: 0% (0)
time: 1708403719405503750, exec: 0.0385693
InputBuffer 0-0 1708403719405263750 flagged: 0% (0)
InputBuffer 1-1 1708403719405263750 flagged: 0% (0)
time: 1708403719417791875, exec: 0.0192134
InputBuffer 0-0 1708403719417551875 flagged: 0% (0)
InputBuffer 1-1 1708403719417551875 flagged: 0% (0)
time: 1708403719430080000, exec: 0.0384874
InputBuffer 0-0 1708403719429840000 flagged: 0% (0)
InputBuffer 1-1 1708403719429840000 flagged: 0% (0)
time: 1708403719442367500, exec: 0.0194432
InputBuffer 0-0 1708403719442127500 flagged: 0% (0)
InputBuffer 1-1 1708403719442127500 flagged: 0% (0)
time: 1708403719454655625, exec: 0.0372988
InputBuffer 0-0 1708403719454415625 flagged: 0% (0)
InputBuffer 1-1 1708403719454415625 flagged: 0% (0)
time: 1708403719466943750, exec: 0.0188682
InputBuffer 0-0 1708403719466703750 flagged: 0% (0)
InputBuffer 1-1 1708403719466703750 flagged: 0% (0)
time: 1708403719479231875, exec: 0.0372438
InputBuffer 0-0 1708403719478991875 flagged: 0% (0)
InputBuffer 1-1 1708403719478991875 flagged: 0% (0)
time: 1708403719491520000, exec: 0.0198796
InputBuffer 0-0 1708403719491280000 flagged: 0% (0)
InputBuffer 1-1 1708403719491280000 flagged: 0% (0)
time: 1708403719503807500, exec: 0.0398148
InputBuffer 0-0 1708403719503567500 flagged: 0% (0)
InputBuffer 1-1 1708403719503567500 flagged: 0% (0)
time: 1708403719516095625, exec: 0.0182198
InputBuffer 0-0 1708403719515855625 flagged: 0% (0)
InputBuffer 1-1 1708403719515855625 flagged: 0% (0)
time: 1708403719528383750, exec: 0.0371307
InputBuffer 0-0 1708403719528143750 flagged: 0% (0)
InputBuffer 1-1 1708403719528143750 flagged: 0% (0)
InputBuffer 0-0, valid: [1708403719507745000..1708403719544625000> 
InputBuffer 1-1, valid: [1708403719507745000..1708403719544625000> 
time: 1708403719540671875, exec: 0.0392375
InputBuffer 0-0 1708403719540431875 flagged: 0% (0)
InputBuffer 1-1 1708403719540431875 flagged: 0% (0)
time: 1708403719552960000, exec: 0.0185816
InputBuffer 0-0 1708403719552720000 flagged: 0% (0)
InputBuffer 1-1 1708403719552720000 flagged: 0% (0)
time: 1708403719565247500, exec: 0.037287
InputBuffer 0-0 1708403719565007500 flagged: 0% (0)
InputBuffer 1-1 1708403719565007500 flagged: 0% (0)
time: 1708403719577535625, exec: 0.0189596
InputBuffer 0-0 1708403719577295625 flagged: 0% (0)
InputBuffer 1-1 1708403719577295625 flagged: 0% (0)
time: 1708403719589823750, exec: 0.0385716
InputBuffer 0-0 1708403719589583750 flagged: 0% (0)
InputBuffer 1-1 1708403719589583750 flagged: 0% (0)
time: 1708403719602111875, exec: 0.0190658
InputBuffer 0-0 1708403719601871875 flagged: 0% (0)
InputBuffer 1-1 1708403719601871875 flagged: 0% (0)
time: 1708403719614400000, exec: 0.0375216
InputBuffer 0-0 1708403719614160000 flagged: 0% (0)
InputBuffer 1-1 1708403719614160000 flagged: 0% (0)
time: 1708403719626687500, exec: 0.0180656
InputBuffer 0-0 1708403719626447500 flagged: 0% (0)
InputBuffer 1-1 1708403719626447500 flagged: 0% (0)
time: 1708403719638975625, exec: 0.0368208
InputBuffer 0-0 1708403719638735625 flagged: 0% (0)
InputBuffer 1-1 1708403719638735625 flagged: 0% (0)
time: 1708403719651263750, exec: 0.017818
InputBuffer 0-0 1708403719651023750 flagged: 0% (0)
InputBuffer 1-1 1708403719651023750 flagged: 0% (0)
time: 1708403719663551875, exec: 0.0374327
InputBuffer 0-0 1708403719663311875 flagged: 0% (0)
InputBuffer 1-1 1708403719663311875 flagged: 0% (0)
time: 1708403719675840000, exec: 0.0186545
InputBuffer 0-0 1708403719675600000 flagged: 0% (0)
InputBuffer 1-1 1708403719675600000 flagged: 0% (0)
time: 1708403719688127500, exec: 0.0364036
InputBuffer 0-0 1708403719687887500 flagged: 0% (0)
InputBuffer 1-1 1708403719687887500 flagged: 0% (0)
time: 1708403719700415625, exec: 0.0366581
InputBuffer 0-0 1708403719700175625 flagged: 0% (0)
InputBuffer 1-1 1708403719700175625 flagged: 0% (0)
time: 1708403719712703750, exec: 0.0175893
InputBuffer 0-0 1708403719712463750 flagged: 0% (0)
InputBuffer 1-1 1708403719712463750 flagged: 0% (0)
time: 1708403719724991875, exec: 0.0383523
InputBuffer 0-0 1708403719724751875 flagged: 0% (0)
InputBuffer 1-1 1708403719724751875 flagged: 0% (0)
time: 1708403719737280000, exec: 0.0184837
InputBuffer 0-0 1708403719737040000 flagged: 0% (0)
InputBuffer 1-1 1708403719737040000 flagged: 0% (0)
time: 1708403719749567500, exec: 0.0359196
InputBuffer 0-0 1708403719749327500 flagged: 0% (0)
InputBuffer 1-1 1708403719749327500 flagged: 0% (0)
time: 1708403719761855625, exec: 0.0182323
InputBuffer 0-0 1708403719761615625 flagged: 0% (0)
InputBuffer 1-1 1708403719761615625 flagged: 0% (0)
time: 1708403719774143750, exec: 0.0360051
InputBuffer 0-0 1708403719773903750 flagged: 0% (0)
InputBuffer 1-1 1708403719773903750 flagged: 0% (0)
time: 1708403719786431875, exec: 0.017619
InputBuffer 0-0 1708403719786191875 flagged: 0% (0)
InputBuffer 1-1 1708403719786191875 flagged: 0% (0)
time: 1708403719798720000, exec: 0.0359978
InputBuffer 0-0 1708403719798480000 flagged: 0% (0)
InputBuffer 1-1 1708403719798480000 flagged: 0% (0)
time: 1708403719811007500, exec: 0.0193274
InputBuffer 0-0 1708403719810767500 flagged: 0% (0)
InputBuffer 1-1 1708403719810767500 flagged: 0% (0)
time: 1708403719823295625, exec: 0.0360759
InputBuffer 0-0 1708403719823055625 flagged: 0% (0)
InputBuffer 1-1 1708403719823055625 flagged: 0% (0)
time: 1708403719835583750, exec: 0.0183273
InputBuffer 0-0 1708403719835343750 flagged: 0% (0)
InputBuffer 1-1 1708403719835343750 flagged: 0% (0)
time: 1708403719847871875, exec: 0.0364027
InputBuffer 0-0 1708403719847631875 flagged: 0% (0)
InputBuffer 1-1 1708403719847631875 flagged: 0% (0)
time: 1708403719860160000, exec: 0.0180601
InputBuffer 0-0 1708403719859920000 flagged: 0% (0)
InputBuffer 1-1 1708403719859920000 flagged: 0% (0)
time: 1708403719872447500, exec: 0.0367773
InputBuffer 0-0 1708403719872207500 flagged: 0% (0)
InputBuffer 1-1 1708403719872207500 flagged: 0% (0)
time: 1708403719884735625, exec: 0.0362154
InputBuffer 0-0 1708403719884495625 flagged: 0% (0)
InputBuffer 1-1 1708403719884495625 flagged: 0% (0)
time: 1708403719897023750, exec: 0.0186375
InputBuffer 0-0 1708403719896783750 flagged: 0% (0)
InputBuffer 1-1 1708403719896783750 flagged: 0% (0)
time: 1708403719909311875, exec: 0.0368132
InputBuffer 0-0 1708403719909071875 flagged: 0% (0)
InputBuffer 1-1 1708403719909071875 flagged: 0% (0)
time: 1708403719921600000, exec: 0.0183897
InputBuffer 0-0 1708403719921360000 flagged: 0% (0)
InputBuffer 1-1 1708403719921360000 flagged: 0% (0)
time: 1708403719933887500, exec: 0.036592
InputBuffer 0-0 1708403719933647500 flagged: 0% (0)
InputBuffer 1-1 1708403719933647500 flagged: 0% (0)
time: 1708403719946175625, exec: 0.0183901
InputBuffer 0-0 1708403719945935625 flagged: 0% (0)
InputBuffer 1-1 1708403719945935625 flagged: 0% (0)
time: 1708403719958463750, exec: 0.0362658
InputBuffer 0-0 1708403719958223750 flagged: 0% (0)
InputBuffer 1-1 1708403719958223750 flagged: 0% (0)
InputBuffer 0-0, valid: [1708403719939745000..1708403719976625000> 
InputBuffer 1-1, valid: [1708403719939745000..1708403719976625000> 
time: 1708403719970751875, exec: 0.0183504
InputBuffer 0-0 1708403719970511875 flagged: 0% (0)
InputBuffer 1-1 1708403719970511875 flagged: 0% (0)
time: 1708403719983040000, exec: 0.0364619
InputBuffer 0-0 1708403719982800000 flagged: 0% (0)
InputBuffer 1-1 1708403719982800000 flagged: 0% (0)
time: 1708403719995327500, exec: 0.0183023
InputBuffer 0-0 1708403719995087500 flagged: 0% (0)
InputBuffer 1-1 1708403719995087500 flagged: 0% (0)
time: 1708403720007615625, exec: 0.0362084
InputBuffer 0-0 1708403720007375625 flagged: 0% (0)
InputBuffer 1-1 1708403720007375625 flagged: 0% (0)
time: 1708403720019903750, exec: 0.0183752
InputBuffer 0-0 1708403720019663750 flagged: 0% (0)
InputBuffer 1-1 1708403720019663750 flagged: 0% (0)
time: 1708403720032191875, exec: 0.0369487
InputBuffer 0-0 1708403720031951875 flagged: 0% (0)
InputBuffer 1-1 1708403720031951875 flagged: 0% (0)
time: 1708403720044480000, exec: 0.0352579
InputBuffer 0-0 1708403720044240000 flagged: 0% (0)
InputBuffer 1-1 1708403720044240000 flagged: 0% (0)
time: 1708403720056767500, exec: 0.0179019
InputBuffer 0-0 1708403720056527500 flagged: 0% (0)
InputBuffer 1-1 1708403720056527500 flagged: 0% (0)
time: 1708403720069055625, exec: 0.0399036
InputBuffer 0-0 1708403720068815625 flagged: 0% (0)
InputBuffer 1-1 1708403720068815625 flagged: 0% (0)
time: 1708403720081343750, exec: 0.0208345
InputBuffer 0-0 1708403720081103750 flagged: 0% (0)
InputBuffer 1-1 1708403720081103750 flagged: 0% (0)
time: 1708403720093631875, exec: 0.0464943
InputBuffer 0-0 1708403720093391875 flagged: 0% (0)
InputBuffer 1-1 1708403720093391875 flagged: 0% (0)
time: 1708403720105920000, exec: 0.0217071
InputBuffer 0-0 1708403720105680000 flagged: 0% (0)
InputBuffer 1-1 1708403720105680000 flagged: 0% (0)
time: 1708403720118207500, exec: 0.0408791
InputBuffer 0-0 1708403720117967500 flagged: 0% (0)
InputBuffer 1-1 1708403720117967500 flagged: 0% (0)
time: 1708403720130495625, exec: 0.0268293
InputBuffer 0-0 1708403720130255625 flagged: 0% (0)
InputBuffer 1-1 1708403720130255625 flagged: 0% (0)
time: 1708403720142783750, exec: 0.0392648
InputBuffer 0-0 1708403720142543750 flagged: 0% (0)
InputBuffer 1-1 1708403720142543750 flagged: 0% (0)
time: 1708403720155071875, exec: 0.0188845
InputBuffer 0-0 1708403720154831875 flagged: 0% (0)
InputBuffer 1-1 1708403720154831875 flagged: 0% (0)
time: 1708403720167360000, exec: 0.0375743
InputBuffer 0-0 1708403720167120000 flagged: 0% (0)
InputBuffer 1-1 1708403720167120000 flagged: 0% (0)
time: 1708403720179647500, exec: 0.0192192
InputBuffer 0-0 1708403720179407500 flagged: 0% (0)
InputBuffer 1-1 1708403720179407500 flagged: 0% (0)
time: 1708403720191935625, exec: 0.0376994
InputBuffer 0-0 1708403720191695625 flagged: 0% (0)
InputBuffer 1-1 1708403720191695625 flagged: 0% (0)
time: 1708403720204223750, exec: 0.0197135
InputBuffer 0-0 1708403720203983750 flagged: 0% (0)
InputBuffer 1-1 1708403720203983750 flagged: 0% (0)
time: 1708403720216511875, exec: 0.0370196
InputBuffer 0-0 1708403720216271875 flagged: 0% (0)
InputBuffer 1-1 1708403720216271875 flagged: 0% (0)
time: 1708403720228800000, exec: 0.0370105
InputBuffer 0-0 1708403720228560000 flagged: 0% (0)
InputBuffer 1-1 1708403720228560000 flagged: 0% (0)
time: 1708403720241087500, exec: 0.0184147
InputBuffer 0-0 1708403720240847500 flagged: 0% (0)
InputBuffer 1-1 1708403720240847500 flagged: 0% (0)
time: 1708403720253375625, exec: 0.0377771
InputBuffer 0-0 1708403720253135625 flagged: 0% (0)
InputBuffer 1-1 1708403720253135625 flagged: 0% (0)
time: 1708403720265663750, exec: 0.018573
InputBuffer 0-0 1708403720265423750 flagged: 0% (0)
InputBuffer 1-1 1708403720265423750 flagged: 0% (0)
time: 1708403720277951875, exec: 0.0396048
InputBuffer 0-0 1708403720277711875 flagged: 0% (0)
InputBuffer 1-1 1708403720277711875 flagged: 0% (0)
time: 1708403720290240000, exec: 0.0224449
InputBuffer 0-0 1708403720290000000 flagged: 0% (0)
InputBuffer 1-1 1708403720290000000 flagged: 0% (0)
time: 1708403720302527500, exec: 0.0430144
InputBuffer 0-0 1708403720302287500 flagged: 0% (0)
InputBuffer 1-1 1708403720302287500 flagged: 0% (0)
time: 1708403720314815625, exec: 0.0181072
InputBuffer 0-0 1708403720314575625 flagged: 0% (0)
InputBuffer 1-1 1708403720314575625 flagged: 0% (0)
time: 1708403720327103750, exec: 0.037861
InputBuffer 0-0 1708403720326863750 flagged: 0% (0)
InputBuffer 1-1 1708403720326863750 flagged: 0% (0)
time: 1708403720339391875, exec: 0.0188566
InputBuffer 0-0 1708403720339151875 flagged: 0% (0)
InputBuffer 1-1 1708403720339151875 flagged: 0% (0)
time: 1708403720351680000, exec: 0.0376427
InputBuffer 0-0 1708403720351440000 flagged: 0% (0)
InputBuffer 1-1 1708403720351440000 flagged: 0% (0)
time: 1708403720363967500, exec: 0.0181676
InputBuffer 0-0 1708403720363727500 flagged: 0% (0)
InputBuffer 1-1 1708403720363727500 flagged: 0% (0)
InputBuffer 0-0, valid: [1708403720355745000..1708403720392625000> 
InputBuffer 1-1, valid: [1708403720347745000..1708403720384625000> 
time: 1708403720376255625, exec: 0.0373524
InputBuffer 0-0 1708403720376015625 flagged: 0% (0)
InputBuffer 1-1 1708403720376015625 flagged: 0% (0)
time: 1708403720388543750, exec: 0.0375265
InputBuffer 0-0 1708403720388303750 flagged: 0% (0)
InputBuffer 1-1 1708403720388303750 flagged: 0% (0)
time: 1708403720400831875, exec: 0.0206382
InputBuffer 0-0 1708403720400591875 flagged: 0% (0)
InputBuffer 1-1 1708403720400591875 flagged: 0% (0)
time: 1708403720413120000, exec: 0.0467831
InputBuffer 0-0 1708403720412880000 flagged: 0% (0)
InputBuffer 1-1 1708403720412880000 flagged: 0% (0)
time: 1708403720425407500, exec: 0.0198949
InputBuffer 0-0 1708403720425167500 flagged: 0% (0)
InputBuffer 1-1 1708403720425167500 flagged: 0% (0)
time: 1708403720437695625, exec: 0.0438317
InputBuffer 0-0 1708403720437455625 flagged: 0% (0)
InputBuffer 1-1 1708403720437455625 flagged: 0% (0)
time: 1708403720449983750, exec: 0.0214516
InputBuffer 0-0 1708403720449743750 flagged: 0% (0)
InputBuffer 1-1 1708403720449743750 flagged: 0% (0)
time: 1708403720462271875, exec: 0.0397984
InputBuffer 0-0 1708403720462031875 flagged: 0% (0)
InputBuffer 1-1 1708403720462031875 flagged: 0% (0)
time: 1708403720474560000, exec: 0.0179927
InputBuffer 0-0 1708403720474320000 flagged: 0% (0)
InputBuffer 1-1 1708403720474320000 flagged: 0% (0)
time: 1708403720486847500, exec: 0.0357008
InputBuffer 0-0 1708403720486607500 flagged: 0% (0)
InputBuffer 1-1 1708403720486607500 flagged: 0% (0)
time: 1708403720499135625, exec: 0.0178378
InputBuffer 0-0 1708403720498895625 flagged: 0% (0)
InputBuffer 1-1 1708403720498895625 flagged: 0% (0)
time: 1708403720511423750, exec: 0.0411988
InputBuffer 0-0 1708403720511183750 flagged: 0% (0)
InputBuffer 1-1 1708403720511183750 flagged: 0% (0)
time: 1708403720523711875, exec: 0.0180453
InputBuffer 0-0 1708403720523471875 flagged: 0% (0)
InputBuffer 1-1 1708403720523471875 flagged: 0% (0)
time: 1708403720536000000, exec: 0.0361425
InputBuffer 0-0 1708403720535760000 flagged: 0% (0)
InputBuffer 1-1 1708403720535760000 flagged: 0% (0)
time: 1708403720548287500, exec: 0.0176025
InputBuffer 0-0 1708403720548047500 flagged: 0% (0)
InputBuffer 1-1 1708403720548047500 flagged: 0% (0)
time: 1708403720560575625, exec: 0.0353392
InputBuffer 0-0 1708403720560335625 flagged: 0% (0)
InputBuffer 1-1 1708403720560335625 flagged: 0% (0)
time: 1708403720572863750, exec: 0.0360639
InputBuffer 0-0 1708403720572623750 flagged: 0% (0)
InputBuffer 1-1 1708403720572623750 flagged: 0% (0)
time: 1708403720585151875, exec: 0.0180148
InputBuffer 0-0 1708403720584911875 flagged: 0% (0)
InputBuffer 1-1 1708403720584911875 flagged: 0% (0)
time: 1708403720597440000, exec: 0.0350774
InputBuffer 0-0 1708403720597200000 flagged: 0% (0)
InputBuffer 1-1 1708403720597200000 flagged: 0% (0)
time: 1708403720609727500, exec: 0.0183396
InputBuffer 0-0 1708403720609487500 flagged: 0% (0)
InputBuffer 1-1 1708403720609487500 flagged: 0% (0)
time: 1708403720622015625, exec: 0.0350003
InputBuffer 0-0 1708403720621775625 flagged: 0% (0)
InputBuffer 1-1 1708403720621775625 flagged: 0% (0)
time: 1708403720634303750, exec: 0.0176483
InputBuffer 0-0 1708403720634063750 flagged: 0% (0)
InputBuffer 1-1 1708403720634063750 flagged: 0% (0)
time: 1708403720646591875, exec: 0.0353567
InputBuffer 0-0 1708403720646351875 flagged: 0% (0)
InputBuffer 1-1 1708403720646351875 flagged: 0% (0)
time: 1708403720658880000, exec: 0.0177562
InputBuffer 0-0 1708403720658640000 flagged: 0% (0)
InputBuffer 1-1 1708403720658640000 flagged: 0% (0)
time: 1708403720671167500, exec: 0.0353668
InputBuffer 0-0 1708403720670927500 flagged: 0% (0)
InputBuffer 1-1 1708403720670927500 flagged: 0% (0)
time: 1708403720683455625, exec: 0.0179897
InputBuffer 0-0 1708403720683215625 flagged: 0% (0)
InputBuffer 1-1 1708403720683215625 flagged: 0% (0)
time: 1708403720695743750, exec: 0.0354066
InputBuffer 0-0 1708403720695503750 flagged: 0% (0)
InputBuffer 1-1 1708403720695503750 flagged: 0% (0)
time: 1708403720708031875, exec: 0.018032
InputBuffer 0-0 1708403720707791875 flagged: 0% (0)
InputBuffer 1-1 1708403720707791875 flagged: 0% (0)
time: 1708403720720320000, exec: 0.0362547
InputBuffer 0-0 1708403720720080000 flagged: 0% (0)
InputBuffer 1-1 1708403720720080000 flagged: 0% (0)
time: 1708403720732607500, exec: 0.0378364
InputBuffer 0-0 1708403720732367500 flagged: 0% (0)
InputBuffer 1-1 1708403720732367500 flagged: 0% (0)
time: 1708403720744895625, exec: 0.0177919
InputBuffer 0-0 1708403720744655625 flagged: 0% (0)
InputBuffer 1-1 1708403720744655625 flagged: 0% (0)
time: 1708403720757183750, exec: 0.0358694
InputBuffer 0-0 1708403720756943750 flagged: 0% (0)
InputBuffer 1-1 1708403720756943750 flagged: 0% (0)
time: 1708403720769471875, exec: 0.0179559
InputBuffer 0-0 1708403720769231875 flagged: 0% (0)
InputBuffer 1-1 1708403720769231875 flagged: 0% (0)
time: 1708403720781760000, exec: 0.0365138
InputBuffer 0-0 1708403720781520000 flagged: 0% (0)
InputBuffer 1-1 1708403720781520000 flagged: 0% (0)
time: 1708403720794047500, exec: 0.0178346
InputBuffer 0-0 1708403720793807500 flagged: 0% (0)
InputBuffer 1-1 1708403720793807500 flagged: 0% (0)
InputBuffer 0-0, valid: [1708403720779745000..1708403720816625000> 
InputBuffer 1-1, valid: [1708403720779745000..1708403720816625000> 
time: 1708403720806335625, exec: 0.0364088
InputBuffer 0-0 1708403720806095625 flagged: 0% (0)
InputBuffer 1-1 1708403720806095625 flagged: 0% (0)
time: 1708403720818623750, exec: 0.018129
InputBuffer 0-0 1708403720818383750 flagged: 0% (0)
InputBuffer 1-1 1708403720818383750 flagged: 0% (0)
time: 1708403720830911875, exec: 0.0369178
InputBuffer 0-0 1708403720830671875 flagged: 0% (0)
InputBuffer 1-1 1708403720830671875 flagged: 0% (0)
time: 1708403720843200000, exec: 0.0181065
InputBuffer 0-0 1708403720842960000 flagged: 0% (0)
InputBuffer 1-1 1708403720842960000 flagged: 0% (0)
time: 1708403720855487500, exec: 0.0365102
InputBuffer 0-0 1708403720855247500 flagged: 0% (0)
InputBuffer 1-1 1708403720855247500 flagged: 0% (0)
time: 1708403720867775625, exec: 0.0178811
InputBuffer 0-0 1708403720867535625 flagged: 0% (0)
InputBuffer 1-1 1708403720867535625 flagged: 0% (0)
time: 1708403720880063750, exec: 0.0346063
InputBuffer 0-0 1708403720879823750 flagged: 0% (0)
InputBuffer 1-1 1708403720879823750 flagged: 0% (0)
time: 1708403720892351875, exec: 0.0449062
InputBuffer 0-0 1708403720892111875 flagged: 0% (0)
InputBuffer 1-1 1708403720892111875 flagged: 0% (0)
time: 1708403720904640000, exec: 0.0189783
InputBuffer 0-0 1708403720904400000 flagged: 0% (0)
InputBuffer 1-1 1708403720904400000 flagged: 0% (0)
time: 1708403720916927500, exec: 0.0358451
InputBuffer 0-0 1708403720916687500 flagged: 0% (0)
InputBuffer 1-1 1708403720916687500 flagged: 0% (0)
time: 1708403720929215625, exec: 0.0173815
InputBuffer 0-0 1708403720928975625 flagged: 0% (0)
InputBuffer 1-1 1708403720928975625 flagged: 0% (0)
time: 1708403720941503750, exec: 0.0347082
InputBuffer 0-0 1708403720941263750 flagged: 0% (0)
InputBuffer 1-1 1708403720941263750 flagged: 0% (0)
time: 1708403720953791875, exec: 0.0172888
InputBuffer 0-0 1708403720953551875 flagged: 0% (0)
InputBuffer 1-1 1708403720953551875 flagged: 0% (0)
time: 1708403720966080000, exec: 0.0347569
InputBuffer 0-0 1708403720965840000 flagged: 0% (0)
InputBuffer 1-1 1708403720965840000 flagged: 0% (0)
time: 1708403720978367500, exec: 0.0179347
InputBuffer 0-0 1708403720978127500 flagged: 0% (0)
InputBuffer 1-1 1708403720978127500 flagged: 0% (0)
time: 1708403720990655625, exec: 0.0369331
InputBuffer 0-0 1708403720990415625 flagged: 0% (0)
InputBuffer 1-1 1708403720990415625 flagged: 0% (0)
time: 1708403721002943750, exec: 0.0184458
InputBuffer 0-0 1708403721002703750 flagged: 0% (0)
InputBuffer 1-1 1708403721002703750 flagged: 0% (0)
time: 1708403721015231875, exec: 0.0386877
InputBuffer 0-0 1708403721014991875 flagged: 0% (0)
InputBuffer 1-1 1708403721014991875 flagged: 0% (0)
time: 1708403721027520000, exec: 0.0181285
InputBuffer 0-0 1708403721027280000 flagged: 0% (0)
InputBuffer 1-1 1708403721027280000 flagged: 0% (0)
time: 1708403721039807500, exec: 0.046684
InputBuffer 0-0 1708403721039567500 flagged: 0% (0)
InputBuffer 1-1 1708403721039567500 flagged: 0% (0)
time: 1708403721052095625, exec: 0.0246925
InputBuffer 0-0 1708403721051855625 flagged: 0% (0)
InputBuffer 1-1 1708403721051855625 flagged: 0% (0)
time: 1708403721064383750, exec: 0.0422717
InputBuffer 0-0 1708403721064143750 flagged: 0% (0)
InputBuffer 1-1 1708403721064143750 flagged: 0% (0)
time: 1708403721076671875, exec: 0.0389817
InputBuffer 0-0 1708403721076431875 flagged: 0% (0)
InputBuffer 1-1 1708403721076431875 flagged: 0% (0)
time: 1708403721088960000, exec: 0.0182804
InputBuffer 0-0 1708403721088720000 flagged: 0% (0)
InputBuffer 1-1 1708403721088720000 flagged: 0% (0)
time: 1708403721101247500, exec: 0.0369405
InputBuffer 0-0 1708403721101007500 flagged: 0% (0)
InputBuffer 1-1 1708403721101007500 flagged: 0% (0)
time: 1708403721113535625, exec: 0.0180304
InputBuffer 0-0 1708403721113295625 flagged: 0% (0)
InputBuffer 1-1 1708403721113295625 flagged: 0% (0)
time: 1708403721125823750, exec: 0.0362908
InputBuffer 0-0 1708403721125583750 flagged: 0% (0)
InputBuffer 1-1 1708403721125583750 flagged: 0% (0)
time: 1708403721138111875, exec: 0.0178477
InputBuffer 0-0 1708403721137871875 flagged: 0% (0)
InputBuffer 1-1 1708403721137871875 flagged: 0% (0)
time: 1708403721150400000, exec: 0.0364861
InputBuffer 0-0 1708403721150160000 flagged: 0% (0)
InputBuffer 1-1 1708403721150160000 flagged: 0% (0)
time: 1708403721162687500, exec: 0.0174784
InputBuffer 0-0 1708403721162447500 flagged: 0% (0)
InputBuffer 1-1 1708403721162447500 flagged: 0% (0)
time: 1708403721174975625, exec: 0.0344389
InputBuffer 0-0 1708403721174735625 flagged: 0% (0)
InputBuffer 1-1 1708403721174735625 flagged: 0% (0)
time: 1708403721187263750, exec: 0.0172179
InputBuffer 0-0 1708403721187023750 flagged: 0% (0)
InputBuffer 1-1 1708403721187023750 flagged: 0% (0)
time: 1708403721199551875, exec: 0.0352831
InputBuffer 0-0 1708403721199311875 flagged: 0% (0)
InputBuffer 1-1 1708403721199311875 flagged: 0% (0)
time: 1708403721211840000, exec: 0.0174859
InputBuffer 0-0 1708403721211600000 flagged: 0% (0)
InputBuffer 1-1 1708403721211600000 flagged: 0% (0)
time: 1708403721224127500, exec: 0.0347661
InputBuffer 0-0 1708403721223887500 flagged: 0% (0)
InputBuffer 1-1 1708403721223887500 flagged: 0% (0)
InputBuffer 0-0, valid: [1708403721211745000..1708403721248625000> 
InputBuffer 1-1, valid: [1708403721211745000..1708403721248625000> 
time: 1708403721236415625, exec: 0.039665
InputBuffer 0-0 1708403721236175625 flagged: 0% (0)
InputBuffer 1-1 1708403721236175625 flagged: 0% (0)
time: 1708403721248703750, exec: 0.0189915
InputBuffer 0-0 1708403721248463750 flagged: 0% (0)
InputBuffer 1-1 1708403721248463750 flagged: 0% (0)
time: 1708403721260991875, exec: 0.0392204
InputBuffer 0-0 1708403721260751875 flagged: 0% (0)
InputBuffer 1-1 1708403721260751875 flagged: 0% (0)
time: 1708403721273280000, exec: 0.0191492
InputBuffer 0-0 1708403721273040000 flagged: 0% (0)
InputBuffer 1-1 1708403721273040000 flagged: 0% (0)
time: 1708403721285567500, exec: 0.0381746
InputBuffer 0-0 1708403721285327500 flagged: 0% (0)
InputBuffer 1-1 1708403721285327500 flagged: 0% (0)
time: 1708403721297855625, exec: 0.018933
InputBuffer 0-0 1708403721297615625 flagged: 0% (0)
InputBuffer 1-1 1708403721297615625 flagged: 0% (0)
time: 1708403721310143750, exec: 0.0416478
InputBuffer 0-0 1708403721309903750 flagged: 0% (0)
InputBuffer 1-1 1708403721309903750 flagged: 0% (0)
time: 1708403721322431875, exec: 0.0188875
InputBuffer 0-0 1708403721322191875 flagged: 0% (0)
InputBuffer 1-1 1708403721322191875 flagged: 0% (0)
time: 1708403721334720000, exec: 0.0410039
InputBuffer 0-0 1708403721334480000 flagged: 0% (0)
InputBuffer 1-1 1708403721334480000 flagged: 0% (0)
time: 1708403721347007500, exec: 0.0186073
InputBuffer 0-0 1708403721346767500 flagged: 0% (0)
InputBuffer 1-1 1708403721346767500 flagged: 0% (0)
time: 1708403721359295625, exec: 0.0375194
InputBuffer 0-0 1708403721359055625 flagged: 0% (0)
InputBuffer 1-1 1708403721359055625 flagged: 0% (0)
time: 1708403721371583750, exec: 0.0186771
InputBuffer 0-0 1708403721371343750 flagged: 0% (0)
InputBuffer 1-1 1708403721371343750 flagged: 0% (0)
time: 1708403721383871875, exec: 0.0414658
InputBuffer 0-0 1708403721383631875 flagged: 0% (0)
InputBuffer 1-1 1708403721383631875 flagged: 0% (0)
time: 1708403721396160000, exec: 0.0217277
InputBuffer 0-0 1708403721395920000 flagged: 0% (0)
InputBuffer 1-1 1708403721395920000 flagged: 0% (0)
time: 1708403721408447500, exec: 0.0388323
InputBuffer 0-0 1708403721408207500 flagged: 0% (0)
InputBuffer 1-1 1708403721408207500 flagged: 0% (0)
time: 1708403721420735625, exec: 0.0362253
InputBuffer 0-0 1708403721420495625 flagged: 0% (0)
InputBuffer 1-1 1708403721420495625 flagged: 0% (0)
time: 1708403721433023750, exec: 0.0175728
InputBuffer 0-0 1708403721432783750 flagged: 0% (0)
InputBuffer 1-1 1708403721432783750 flagged: 0% (0)
time: 1708403721445311875, exec: 0.0410803
InputBuffer 0-0 1708403721445071875 flagged: 0% (0)
InputBuffer 1-1 1708403721445071875 flagged: 0% (0)
time: 1708403721457600000, exec: 0.0210646
InputBuffer 0-0 1708403721457360000 flagged: 0% (0)
InputBuffer 1-1 1708403721457360000 flagged: 0% (0)
time: 1708403721469887500, exec: 0.041607
InputBuffer 0-0 1708403721469647500 flagged: 0% (0)
InputBuffer 1-1 1708403721469647500 flagged: 0% (0)
time: 1708403721482175625, exec: 0.0176813
InputBuffer 0-0 1708403721481935625 flagged: 0% (0)
InputBuffer 1-1 1708403721481935625 flagged: 0% (0)
time: 1708403721494463750, exec: 0.0349283
InputBuffer 0-0 1708403721494223750 flagged: 0% (0)
InputBuffer 1-1 1708403721494223750 flagged: 0% (0)
time: 1708403721506751875, exec: 0.0194355
InputBuffer 0-0 1708403721506511875 flagged: 0% (0)
InputBuffer 1-1 1708403721506511875 flagged: 0% (0)
time: 1708403721519040000, exec: 0.0354162
InputBuffer 0-0 1708403721518800000 flagged: 0% (0)
InputBuffer 1-1 1708403721518800000 flagged: 0% (0)
time: 1708403721531327500, exec: 0.0197867
InputBuffer 0-0 1708403721531087500 flagged: 0% (0)
InputBuffer 1-1 1708403721531087500 flagged: 0% (0)
time: 1708403721543615625, exec: 0.0367995
InputBuffer 0-0 1708403721543375625 flagged: 0% (0)
InputBuffer 1-1 1708403721543375625 flagged: 0% (0)
time: 1708403721555903750, exec: 0.0188847
InputBuffer 0-0 1708403721555663750 flagged: 0% (0)
InputBuffer 1-1 1708403721555663750 flagged: 0% (0)
time: 1708403721568191875, exec: 0.0416366
InputBuffer 0-0 1708403721567951875 flagged: 0% (0)
InputBuffer 1-1 1708403721567951875 flagged: 0% (0)
time: 1708403721580480000, exec: 0.0435985
InputBuffer 0-0 1708403721580240000 flagged: 0% (0)
InputBuffer 1-1 1708403721580240000 flagged: 0% (0)
time: 1708403721592767500, exec: 0.0212829
InputBuffer 0-0 1708403721592527500 flagged: 0% (0)
InputBuffer 1-1 1708403721592527500 flagged: 0% (0)
time: 1708403721605055625, exec: 0.0364368
InputBuffer 0-0 1708403721604815625 flagged: 0% (0)
InputBuffer 1-1 1708403721604815625 flagged: 0% (0)
time: 1708403721617343750, exec: 0.022287
InputBuffer 0-0 1708403721617103750 flagged: 0% (0)
InputBuffer 1-1 1708403721617103750 flagged: 0% (0)
time: 1708403721629631875, exec: 0.0350622
InputBuffer 0-0 1708403721629391875 flagged: 0% (0)
InputBuffer 1-1 1708403721629391875 flagged: 0% (0)
time: 1708403721641920000, exec: 0.0175258
InputBuffer 0-0 1708403721641680000 flagged: 0% (0)
InputBuffer 1-1 1708403721641680000 flagged: 0% (0)
InputBuffer 0-0, valid: [1708403721619745000..1708403721656625000> 
InputBuffer 1-1, valid: [1708403721619745000..1708403721656625000> 
time: 1708403721654207500, exec: 0.0358386
InputBuffer 0-0 1708403721653967500 flagged: 0% (0)
InputBuffer 1-1 1708403721653967500 flagged: 0% (0)
time: 1708403721666495625, exec: 0.0178918
InputBuffer 0-0 1708403721666255625 flagged: 0% (0)
InputBuffer 1-1 1708403721666255625 flagged: 0% (0)
time: 1708403721678783750, exec: 0.0472228
InputBuffer 0-0 1708403721678543750 flagged: 0% (0)
InputBuffer 1-1 1708403721678543750 flagged: 0% (0)
time: 1708403721691071875, exec: 0.0253677
InputBuffer 0-0 1708403721690831875 flagged: 0% (0)
InputBuffer 1-1 1708403721690831875 flagged: 0% (0)
time: 1708403721703360000, exec: 0.0506174
InputBuffer 0-0 1708403721703120000 flagged: 0% (0)
InputBuffer 1-1 1708403721703120000 flagged: 0% (0)
time: 1708403721715647500, exec: 0.0254345
InputBuffer 0-0 1708403721715407500 flagged: 0% (0)
InputBuffer 1-1 1708403721715407500 flagged: 0% (0)
time: 1708403721727935625, exec: 0.0385
InputBuffer 0-0 1708403721727695625 flagged: 0% (0)
InputBuffer 1-1 1708403721727695625 flagged: 0% (0)
time: 1708403721740223750, exec: 0.0189842
InputBuffer 0-0 1708403721739983750 flagged: 0% (0)
InputBuffer 1-1 1708403721739983750 flagged: 0% (0)
time: 1708403721752511875, exec: 0.0378197
InputBuffer 0-0 1708403721752271875 flagged: 0% (0)
InputBuffer 1-1 1708403721752271875 flagged: 0% (0)
time: 1708403721764800000, exec: 0.0361336
InputBuffer 0-0 1708403721764560000 flagged: 0% (0)
InputBuffer 1-1 1708403721764560000 flagged: 0% (0)
time: 1708403721777087500, exec: 0.0178074
InputBuffer 0-0 1708403721776847500 flagged: 0% (0)
InputBuffer 1-1 1708403721776847500 flagged: 0% (0)
time: 1708403721789375625, exec: 0.0355436
InputBuffer 0-0 1708403721789135625 flagged: 0% (0)
InputBuffer 1-1 1708403721789135625 flagged: 0% (0)
time: 1708403721801663750, exec: 0.0186413
InputBuffer 0-0 1708403721801423750 flagged: 0% (0)
InputBuffer 1-1 1708403721801423750 flagged: 0% (0)
time: 1708403721813951875, exec: 0.0381158
InputBuffer 0-0 1708403721813711875 flagged: 0% (0)
InputBuffer 1-1 1708403721813711875 flagged: 0% (0)
time: 1708403721826240000, exec: 0.0192089
InputBuffer 0-0 1708403721826000000 flagged: 0% (0)
InputBuffer 1-1 1708403721826000000 flagged: 0% (0)
time: 1708403721838527500, exec: 0.0385286
InputBuffer 0-0 1708403721838287500 flagged: 0% (0)
InputBuffer 1-1 1708403721838287500 flagged: 0% (0)
time: 1708403721850815625, exec: 0.0198532
InputBuffer 0-0 1708403721850575625 flagged: 0% (0)
InputBuffer 1-1 1708403721850575625 flagged: 0% (0)
time: 1708403721863103750, exec: 0.0391534
InputBuffer 0-0 1708403721862863750 flagged: 0% (0)
InputBuffer 1-1 1708403721862863750 flagged: 0% (0)
time: 1708403721875391875, exec: 0.0190253
InputBuffer 0-0 1708403721875151875 flagged: 0% (0)
InputBuffer 1-1 1708403721875151875 flagged: 0% (0)
time: 1708403721887680000, exec: 0.0386892
InputBuffer 0-0 1708403721887440000 flagged: 0% (0)
InputBuffer 1-1 1708403721887440000 flagged: 0% (0)
time: 1708403721899967500, exec: 0.0182522
InputBuffer 0-0 1708403721899727500 flagged: 0% (0)
InputBuffer 1-1 1708403721899727500 flagged: 0% (0)
time: 1708403721912255625, exec: 0.0370117
InputBuffer 0-0 1708403721912015625 flagged: 0% (0)
InputBuffer 1-1 1708403721912015625 flagged: 0% (0)
time: 1708403721924543750, exec: 0.0362143
InputBuffer 0-0 1708403721924303750 flagged: 0% (0)
InputBuffer 1-1 1708403721924303750 flagged: 0% (0)
time: 1708403721936831875, exec: 0.018177
InputBuffer 0-0 1708403721936591875 flagged: 0% (0)
InputBuffer 1-1 1708403721936591875 flagged: 0% (0)
time: 1708403721949120000, exec: 0.0361087
InputBuffer 0-0 1708403721948880000 flagged: 0% (0)
InputBuffer 1-1 1708403721948880000 flagged: 0% (0)
time: 1708403721961407500, exec: 0.0178666
InputBuffer 0-0 1708403721961167500 flagged: 0% (0)
InputBuffer 1-1 1708403721961167500 flagged: 0% (0)
time: 1708403721973695625, exec: 0.0372659
InputBuffer 0-0 1708403721973455625 flagged: 0% (0)
InputBuffer 1-1 1708403721973455625 flagged: 0% (0)
time: 1708403721985983750, exec: 0.0192418
InputBuffer 0-0 1708403721985743750 flagged: 0% (0)
InputBuffer 1-1 1708403721985743750 flagged: 0% (0)
time: 1708403721998271875, exec: 0.037813
InputBuffer 0-0 1708403721998031875 flagged: 0% (0)
InputBuffer 1-1 1708403721998031875 flagged: 0% (0)
time: 1708403722010560000, exec: 0.0182317
InputBuffer 0-0 1708403722010320000 flagged: 0% (0)
InputBuffer 1-1 1708403722010320000 flagged: 0% (0)
time: 1708403722022847500, exec: 0.0374914
InputBuffer 0-0 1708403722022607500 flagged: 0% (0)
InputBuffer 1-1 1708403722022607500 flagged: 0% (0)
time: 1708403722035135625, exec: 0.0181662
InputBuffer 0-0 1708403722034895625 flagged: 0% (0)
InputBuffer 1-1 1708403722034895625 flagged: 0% (0)
time: 1708403722047423750, exec: 0.0375033
InputBuffer 0-0 1708403722047183750 flagged: 0% (0)
InputBuffer 1-1 1708403722047183750 flagged: 0% (0)
time: 1708403722059711875, exec: 0.0183206
InputBuffer 0-0 1708403722059471875 flagged: 0% (0)
InputBuffer 1-1 1708403722059471875 flagged: 0% (0)
InputBuffer 0-0, valid: [1708403722035745000..1708403722072625000> 
InputBuffer 1-1, valid: [1708403722035745000..1708403722072625000> 
time: 1708403722072000000, exec: 0.0375688
InputBuffer 0-0 1708403722071760000 flagged: 0% (0)
InputBuffer 1-1 1708403722071760000 flagged: 0% (0)
time: 1708403722084287500, exec: 0.0187661
InputBuffer 0-0 1708403722084047500 flagged: 0% (0)
InputBuffer 1-1 1708403722084047500 flagged: 0% (0)
time: 1708403722096575625, exec: 0.0377391
InputBuffer 0-0 1708403722096335625 flagged: 0% (0)
InputBuffer 1-1 1708403722096335625 flagged: 0% (0)
time: 1708403722108863750, exec: 0.0383026
InputBuffer 0-0 1708403722108623750 flagged: 0% (0)
InputBuffer 1-1 1708403722108623750 flagged: 0% (0)
